ARM GAS  C:\Users\mikai\AppData\Local\Temp\ccaVB4nH.s 			page 1


   1              		.syntax unified
   2              		.cpu cortex-m3
   3              		.fpu softvfp
   4              		.eabi_attribute 20, 1
   5              		.eabi_attribute 21, 1
   6              		.eabi_attribute 23, 3
   7              		.eabi_attribute 24, 1
   8              		.eabi_attribute 25, 1
   9              		.eabi_attribute 26, 1
  10              		.eabi_attribute 30, 1
  11              		.eabi_attribute 34, 1
  12              		.eabi_attribute 18, 4
  13              		.thumb
  14              		.syntax unified
  15              		.file	"cymetadata.c"
  16              		.text
  17              	.Ltext0:
  18              		.cfi_sections	.debug_frame
  19              		.global	cy_metadata
  20              		.global	cy_meta_flashprotect
  21              		.global	cy_meta_wonvl
  22              		.global	cy_meta_custnvl
  23              		.global	cy_meta_configecc
  24              		.section	.cyconfigecc,"a",%progbits
  25              		.align	2
  26              		.type	cy_meta_configecc, %object
  27              		.size	cy_meta_configecc, 624
  28              	cy_meta_configecc:
  29 0000 01       		.byte	1
  30 0001 52       		.byte	82
  31 0002 00       		.byte	0
  32 0003 40       		.byte	64
  33 0004 03       		.byte	3
  34 0005 64       		.byte	100
  35 0006 00       		.byte	0
  36 0007 40       		.byte	64
  37 0008 04       		.byte	4
  38 0009 09       		.byte	9
  39 000a 01       		.byte	1
  40 000b 40       		.byte	64
  41 000c 4C       		.byte	76
  42 000d 0A       		.byte	10
  43 000e 01       		.byte	1
  44 000f 40       		.byte	64
  45 0010 38       		.byte	56
  46 0011 0B       		.byte	11
  47 0012 01       		.byte	1
  48 0013 40       		.byte	64
  49 0014 27       		.byte	39
  50 0015 0C       		.byte	12
  51 0016 01       		.byte	1
  52 0017 40       		.byte	64
  53 0018 26       		.byte	38
  54 0019 0D       		.byte	13
  55 001a 01       		.byte	1
  56 001b 40       		.byte	64
  57 001c 01       		.byte	1
ARM GAS  C:\Users\mikai\AppData\Local\Temp\ccaVB4nH.s 			page 2


  58 001d 15       		.byte	21
  59 001e 01       		.byte	1
  60 001f 40       		.byte	64
  61 0020 02       		.byte	2
  62 0021 19       		.byte	25
  63 0022 01       		.byte	1
  64 0023 40       		.byte	64
  65 0024 04       		.byte	4
  66 0025 1B       		.byte	27
  67 0026 01       		.byte	1
  68 0027 40       		.byte	64
  69 0028 02       		.byte	2
  70 0029 44       		.byte	68
  71 002a 01       		.byte	1
  72 002b 40       		.byte	64
  73 002c 02       		.byte	2
  74 002d 45       		.byte	69
  75 002e 01       		.byte	1
  76 002f 40       		.byte	64
  77 0030 07       		.byte	7
  78 0031 46       		.byte	70
  79 0032 01       		.byte	1
  80 0033 40       		.byte	64
  81 0034 02       		.byte	2
  82 0035 47       		.byte	71
  83 0036 01       		.byte	1
  84 0037 40       		.byte	64
  85 0038 02       		.byte	2
  86 0039 48       		.byte	72
  87 003a 01       		.byte	1
  88 003b 40       		.byte	64
  89 003c 01       		.byte	1
  90 003d 49       		.byte	73
  91 003e 01       		.byte	1
  92 003f 40       		.byte	64
  93 0040 06       		.byte	6
  94 0041 4C       		.byte	76
  95 0042 01       		.byte	1
  96 0043 40       		.byte	64
  97 0044 06       		.byte	6
  98 0045 4D       		.byte	77
  99 0046 01       		.byte	1
 100 0047 40       		.byte	64
 101 0048 03       		.byte	3
 102 0049 50       		.byte	80
 103 004a 01       		.byte	1
 104 004b 40       		.byte	64
 105 004c 09       		.byte	9
 106 004d 40       		.byte	64
 107 004e 8A       		.byte	-118
 108 004f 0F       		.byte	15
 109 0050 8B       		.byte	-117
 110 0051 78       		.byte	120
 111 0052 8C       		.byte	-116
 112 0053 47       		.byte	71
 113 0054 90       		.byte	-112
 114 0055 40       		.byte	64
ARM GAS  C:\Users\mikai\AppData\Local\Temp\ccaVB4nH.s 			page 3


 115 0056 9C       		.byte	-100
 116 0057 A0       		.byte	-96
 117 0058 AF       		.byte	-81
 118 0059 20       		.byte	32
 119 005a EE       		.byte	-18
 120 005b 08       		.byte	8
 121 005c 0A       		.byte	10
 122 005d 1E       		.byte	30
 123 005e 13       		.byte	19
 124 005f 02       		.byte	2
 125 0060 1E       		.byte	30
 126 0061 21       		.byte	33
 127 0062 20       		.byte	32
 128 0063 01       		.byte	1
 129 0064 22       		.byte	34
 130 0065 02       		.byte	2
 131 0066 24       		.byte	36
 132 0067 01       		.byte	1
 133 0068 25       		.byte	37
 134 0069 03       		.byte	3
 135 006a 26       		.byte	38
 136 006b 04       		.byte	4
 137 006c 28       		.byte	40
 138 006d 01       		.byte	1
 139 006e 2A       		.byte	42
 140 006f 08       		.byte	8
 141 0070 2C       		.byte	44
 142 0071 10       		.byte	16
 143 0072 2E       		.byte	46
 144 0073 01       		.byte	1
 145 0074 31       		.byte	49
 146 0075 02       		.byte	2
 147 0076 32       		.byte	50
 148 0077 20       		.byte	32
 149 0078 35       		.byte	53
 150 0079 01       		.byte	1
 151 007a 36       		.byte	54
 152 007b 1F       		.byte	31
 153 007c 3E       		.byte	62
 154 007d 40       		.byte	64
 155 007e 3F       		.byte	63
 156 007f 11       		.byte	17
 157 0080 40       		.byte	64
 158 0081 06       		.byte	6
 159 0082 41       		.byte	65
 160 0083 02       		.byte	2
 161 0084 42       		.byte	66
 162 0085 60       		.byte	96
 163 0086 44       		.byte	68
 164 0087 05       		.byte	5
 165 0088 49       		.byte	73
 166 0089 FF       		.byte	-1
 167 008a 4A       		.byte	74
 168 008b FF       		.byte	-1
 169 008c 4B       		.byte	75
 170 008d FF       		.byte	-1
 171 008e 4C       		.byte	76
ARM GAS  C:\Users\mikai\AppData\Local\Temp\ccaVB4nH.s 			page 4


 172 008f 02       		.byte	2
 173 0090 4E       		.byte	78
 174 0091 70       		.byte	112
 175 0092 4F       		.byte	79
 176 0093 0C       		.byte	12
 177 0094 50       		.byte	80
 178 0095 8C       		.byte	-116
 179 0096 51       		.byte	81
 180 0097 10       		.byte	16
 181 0098 56       		.byte	86
 182 0099 02       		.byte	2
 183 009a 57       		.byte	87
 184 009b 24       		.byte	36
 185 009c 58       		.byte	88
 186 009d 04       		.byte	4
 187 009e 59       		.byte	89
 188 009f 04       		.byte	4
 189 00a0 5A       		.byte	90
 190 00a1 24       		.byte	36
 191 00a2 5B       		.byte	91
 192 00a3 24       		.byte	36
 193 00a4 5C       		.byte	92
 194 00a5 08       		.byte	8
 195 00a6 5D       		.byte	93
 196 00a7 88       		.byte	-120
 197 00a8 5E       		.byte	94
 198 00a9 08       		.byte	8
 199 00aa 5F       		.byte	95
 200 00ab 21       		.byte	33
 201 00ac 68       		.byte	104
 202 00ad 40       		.byte	64
 203 00ae 69       		.byte	105
 204 00af 01       		.byte	1
 205 00b0 6A       		.byte	106
 206 00b1 C0       		.byte	-64
 207 00b2 6B       		.byte	107
 208 00b3 01       		.byte	1
 209 00b4 98       		.byte	-104
 210 00b5 01       		.byte	1
 211 00b6 B0       		.byte	-80
 212 00b7 01       		.byte	1
 213 00b8 B9       		.byte	-71
 214 00b9 02       		.byte	2
 215 00ba BE       		.byte	-66
 216 00bb 01       		.byte	1
 217 00bc BF       		.byte	-65
 218 00bd 01       		.byte	1
 219 00be C0       		.byte	-64
 220 00bf 04       		.byte	4
 221 00c0 C1       		.byte	-63
 222 00c1 02       		.byte	2
 223 00c2 C2       		.byte	-62
 224 00c3 40       		.byte	64
 225 00c4 C4       		.byte	-60
 226 00c5 05       		.byte	5
 227 00c6 C5       		.byte	-59
 228 00c7 CE       		.byte	-50
ARM GAS  C:\Users\mikai\AppData\Local\Temp\ccaVB4nH.s 			page 5


 229 00c8 C6       		.byte	-58
 230 00c9 0D       		.byte	13
 231 00ca C7       		.byte	-57
 232 00cb BF       		.byte	-65
 233 00cc C8       		.byte	-56
 234 00cd 37       		.byte	55
 235 00ce C9       		.byte	-55
 236 00cf FF       		.byte	-1
 237 00d0 CA       		.byte	-54
 238 00d1 FF       		.byte	-1
 239 00d2 CB       		.byte	-53
 240 00d3 FF       		.byte	-1
 241 00d4 CC       		.byte	-52
 242 00d5 23       		.byte	35
 243 00d6 CE       		.byte	-50
 244 00d7 F0       		.byte	-16
 245 00d8 CF       		.byte	-49
 246 00d9 0C       		.byte	12
 247 00da D0       		.byte	-48
 248 00db 8C       		.byte	-116
 249 00dc D1       		.byte	-47
 250 00dd 10       		.byte	16
 251 00de D4       		.byte	-44
 252 00df 20       		.byte	32
 253 00e0 D8       		.byte	-40
 254 00e1 04       		.byte	4
 255 00e2 D9       		.byte	-39
 256 00e3 04       		.byte	4
 257 00e4 DA       		.byte	-38
 258 00e5 24       		.byte	36
 259 00e6 DB       		.byte	-37
 260 00e7 04       		.byte	4
 261 00e8 DD       		.byte	-35
 262 00e9 18       		.byte	24
 263 00ea DF       		.byte	-33
 264 00eb 21       		.byte	33
 265 00ec E8       		.byte	-24
 266 00ed 40       		.byte	64
 267 00ee E9       		.byte	-23
 268 00ef 01       		.byte	1
 269 00f0 EA       		.byte	-22
 270 00f1 C0       		.byte	-64
 271 00f2 EB       		.byte	-21
 272 00f3 01       		.byte	1
 273 00f4 00       		.byte	0
 274 00f5 10       		.byte	16
 275 00f6 08       		.byte	8
 276 00f7 40       		.byte	64
 277 00f8 0F       		.byte	15
 278 00f9 08       		.byte	8
 279 00fa 10       		.byte	16
 280 00fb AA       		.byte	-86
 281 00fc 18       		.byte	24
 282 00fd 10       		.byte	16
 283 00fe 19       		.byte	25
 284 00ff 40       		.byte	64
 285 0100 1B       		.byte	27
ARM GAS  C:\Users\mikai\AppData\Local\Temp\ccaVB4nH.s 			page 6


 286 0101 40       		.byte	64
 287 0102 1F       		.byte	31
 288 0103 01       		.byte	1
 289 0104 20       		.byte	32
 290 0105 40       		.byte	64
 291 0106 21       		.byte	33
 292 0107 20       		.byte	32
 293 0108 27       		.byte	39
 294 0109 80       		.byte	-128
 295 010a 28       		.byte	40
 296 010b 20       		.byte	32
 297 010c 33       		.byte	51
 298 010d 02       		.byte	2
 299 010e 36       		.byte	54
 300 010f 30       		.byte	48
 301 0110 41       		.byte	65
 302 0111 20       		.byte	32
 303 0112 45       		.byte	69
 304 0113 20       		.byte	32
 305 0114 47       		.byte	71
 306 0115 02       		.byte	2
 307 0116 48       		.byte	72
 308 0117 04       		.byte	4
 309 0118 49       		.byte	73
 310 0119 40       		.byte	64
 311 011a 4E       		.byte	78
 312 011b 60       		.byte	96
 313 011c 4F       		.byte	79
 314 011d 80       		.byte	-128
 315 011e 55       		.byte	85
 316 011f 40       		.byte	64
 317 0120 56       		.byte	86
 318 0121 04       		.byte	4
 319 0122 57       		.byte	87
 320 0123 06       		.byte	6
 321 0124 5F       		.byte	95
 322 0125 01       		.byte	1
 323 0126 61       		.byte	97
 324 0127 20       		.byte	32
 325 0128 66       		.byte	102
 326 0129 08       		.byte	8
 327 012a 67       		.byte	103
 328 012b 0A       		.byte	10
 329 012c 68       		.byte	104
 330 012d AA       		.byte	-86
 331 012e 78       		.byte	120
 332 012f 80       		.byte	-128
 333 0130 7B       		.byte	123
 334 0131 20       		.byte	32
 335 0132 7F       		.byte	127
 336 0133 20       		.byte	32
 337 0134 82       		.byte	-126
 338 0135 04       		.byte	4
 339 0136 83       		.byte	-125
 340 0137 01       		.byte	1
 341 0138 88       		.byte	-120
 342 0139 40       		.byte	64
ARM GAS  C:\Users\mikai\AppData\Local\Temp\ccaVB4nH.s 			page 7


 343 013a 93       		.byte	-109
 344 013b 08       		.byte	8
 345 013c 96       		.byte	-106
 346 013d 80       		.byte	-128
 347 013e 9A       		.byte	-102
 348 013f 08       		.byte	8
 349 0140 9B       		.byte	-101
 350 0141 02       		.byte	2
 351 0142 9F       		.byte	-97
 352 0143 80       		.byte	-128
 353 0144 A0       		.byte	-96
 354 0145 04       		.byte	4
 355 0146 A4       		.byte	-92
 356 0147 AA       		.byte	-86
 357 0148 A5       		.byte	-91
 358 0149 40       		.byte	64
 359 014a A6       		.byte	-90
 360 014b 10       		.byte	16
 361 014c B0       		.byte	-80
 362 014d 10       		.byte	16
 363 014e B1       		.byte	-79
 364 014f 80       		.byte	-128
 365 0150 C0       		.byte	-64
 366 0151 02       		.byte	2
 367 0152 C2       		.byte	-62
 368 0153 41       		.byte	65
 369 0154 C4       		.byte	-60
 370 0155 0F       		.byte	15
 371 0156 CA       		.byte	-54
 372 0157 02       		.byte	2
 373 0158 CC       		.byte	-52
 374 0159 01       		.byte	1
 375 015a D0       		.byte	-48
 376 015b A4       		.byte	-92
 377 015c D2       		.byte	-46
 378 015d 1C       		.byte	28
 379 015e D6       		.byte	-42
 380 015f 80       		.byte	-128
 381 0160 D8       		.byte	-40
 382 0161 74       		.byte	116
 383 0162 DE       		.byte	-34
 384 0163 4A       		.byte	74
 385 0164 10       		.byte	16
 386 0165 05       		.byte	5
 387 0166 1E       		.byte	30
 388 0167 01       		.byte	1
 389 0168 1F       		.byte	31
 390 0169 01       		.byte	1
 391 016a 22       		.byte	34
 392 016b 08       		.byte	8
 393 016c 24       		.byte	36
 394 016d 08       		.byte	8
 395 016e 2A       		.byte	42
 396 016f 07       		.byte	7
 397 0170 30       		.byte	48
 398 0171 02       		.byte	2
 399 0172 32       		.byte	50
ARM GAS  C:\Users\mikai\AppData\Local\Temp\ccaVB4nH.s 			page 8


 400 0173 08       		.byte	8
 401 0174 34       		.byte	52
 402 0175 04       		.byte	4
 403 0176 35       		.byte	53
 404 0177 01       		.byte	1
 405 0178 36       		.byte	54
 406 0179 01       		.byte	1
 407 017a 3E       		.byte	62
 408 017b 54       		.byte	84
 409 017c 54       		.byte	84
 410 017d 41       		.byte	65
 411 017e 58       		.byte	88
 412 017f 04       		.byte	4
 413 0180 59       		.byte	89
 414 0181 04       		.byte	4
 415 0182 5B       		.byte	91
 416 0183 04       		.byte	4
 417 0184 5C       		.byte	92
 418 0185 11       		.byte	17
 419 0186 5D       		.byte	93
 420 0187 10       		.byte	16
 421 0188 5F       		.byte	95
 422 0189 01       		.byte	1
 423 018a 93       		.byte	-109
 424 018b 01       		.byte	1
 425 018c 95       		.byte	-107
 426 018d 01       		.byte	1
 427 018e 99       		.byte	-103
 428 018f 01       		.byte	1
 429 0190 9D       		.byte	-99
 430 0191 01       		.byte	1
 431 0192 9E       		.byte	-98
 432 0193 01       		.byte	1
 433 0194 A0       		.byte	-96
 434 0195 01       		.byte	1
 435 0196 A4       		.byte	-92
 436 0197 01       		.byte	1
 437 0198 A8       		.byte	-88
 438 0199 01       		.byte	1
 439 019a AE       		.byte	-82
 440 019b 01       		.byte	1
 441 019c B0       		.byte	-80
 442 019d 01       		.byte	1
 443 019e B5       		.byte	-75
 444 019f 01       		.byte	1
 445 01a0 B7       		.byte	-73
 446 01a1 01       		.byte	1
 447 01a2 BE       		.byte	-66
 448 01a3 01       		.byte	1
 449 01a4 BF       		.byte	-65
 450 01a5 50       		.byte	80
 451 01a6 D6       		.byte	-42
 452 01a7 08       		.byte	8
 453 01a8 D8       		.byte	-40
 454 01a9 04       		.byte	4
 455 01aa D9       		.byte	-39
 456 01ab 04       		.byte	4
ARM GAS  C:\Users\mikai\AppData\Local\Temp\ccaVB4nH.s 			page 9


 457 01ac DB       		.byte	-37
 458 01ad 04       		.byte	4
 459 01ae DD       		.byte	-35
 460 01af 10       		.byte	16
 461 01b0 DF       		.byte	-33
 462 01b1 01       		.byte	1
 463 01b2 09       		.byte	9
 464 01b3 C0       		.byte	-64
 465 01b4 0E       		.byte	14
 466 01b5 40       		.byte	64
 467 01b6 0F       		.byte	15
 468 01b7 02       		.byte	2
 469 01b8 10       		.byte	16
 470 01b9 AA       		.byte	-86
 471 01ba 14       		.byte	20
 472 01bb 80       		.byte	-128
 473 01bc 16       		.byte	22
 474 01bd 04       		.byte	4
 475 01be 17       		.byte	23
 476 01bf 04       		.byte	4
 477 01c0 19       		.byte	25
 478 01c1 01       		.byte	1
 479 01c2 1E       		.byte	30
 480 01c3 40       		.byte	64
 481 01c4 1F       		.byte	31
 482 01c5 54       		.byte	84
 483 01c6 20       		.byte	32
 484 01c7 08       		.byte	8
 485 01c8 23       		.byte	35
 486 01c9 0A       		.byte	10
 487 01ca 27       		.byte	39
 488 01cb 04       		.byte	4
 489 01cc 30       		.byte	48
 490 01cd AA       		.byte	-86
 491 01ce 34       		.byte	52
 492 01cf 80       		.byte	-128
 493 01d0 3A       		.byte	58
 494 01d1 08       		.byte	8
 495 01d2 3B       		.byte	59
 496 01d3 04       		.byte	4
 497 01d4 4B       		.byte	75
 498 01d5 C0       		.byte	-64
 499 01d6 58       		.byte	88
 500 01d7 10       		.byte	16
 501 01d8 59       		.byte	89
 502 01d9 01       		.byte	1
 503 01da 5A       		.byte	90
 504 01db 80       		.byte	-128
 505 01dc 5B       		.byte	91
 506 01dd 08       		.byte	8
 507 01de 5D       		.byte	93
 508 01df 08       		.byte	8
 509 01e0 5E       		.byte	94
 510 01e1 20       		.byte	32
 511 01e2 5F       		.byte	95
 512 01e3 40       		.byte	64
 513 01e4 60       		.byte	96
ARM GAS  C:\Users\mikai\AppData\Local\Temp\ccaVB4nH.s 			page 10


 514 01e5 80       		.byte	-128
 515 01e6 61       		.byte	97
 516 01e7 40       		.byte	64
 517 01e8 62       		.byte	98
 518 01e9 04       		.byte	4
 519 01ea 63       		.byte	99
 520 01eb 06       		.byte	6
 521 01ec 67       		.byte	103
 522 01ed 20       		.byte	32
 523 01ee 83       		.byte	-125
 524 01ef 80       		.byte	-128
 525 01f0 89       		.byte	-119
 526 01f1 48       		.byte	72
 527 01f2 C2       		.byte	-62
 528 01f3 91       		.byte	-111
 529 01f4 C4       		.byte	-60
 530 01f5 7F       		.byte	127
 531 01f6 CC       		.byte	-52
 532 01f7 1F       		.byte	31
 533 01f8 D6       		.byte	-42
 534 01f9 7F       		.byte	127
 535 01fa D8       		.byte	-40
 536 01fb 4F       		.byte	79
 537 01fc E0       		.byte	-32
 538 01fd 01       		.byte	1
 539 01fe EC       		.byte	-20
 540 01ff 10       		.byte	16
 541 0200 90       		.byte	-112
 542 0201 40       		.byte	64
 543 0202 9C       		.byte	-100
 544 0203 A0       		.byte	-96
 545 0204 A8       		.byte	-88
 546 0205 40       		.byte	64
 547 0206 B0       		.byte	-80
 548 0207 80       		.byte	-128
 549 0208 B4       		.byte	-76
 550 0209 20       		.byte	32
 551 020a EC       		.byte	-20
 552 020b 14       		.byte	20
 553 020c 7D       		.byte	125
 554 020d 20       		.byte	32
 555 020e DE       		.byte	-34
 556 020f 01       		.byte	1
 557 0210 81       		.byte	-127
 558 0211 10       		.byte	16
 559 0212 A5       		.byte	-91
 560 0213 10       		.byte	16
 561 0214 03       		.byte	3
 562 0215 80       		.byte	-128
 563 0216 05       		.byte	5
 564 0217 08       		.byte	8
 565 0218 45       		.byte	69
 566 0219 08       		.byte	8
 567 021a 8B       		.byte	-117
 568 021b 80       		.byte	-128
 569 021c C0       		.byte	-64
 570 021d 0C       		.byte	12
ARM GAS  C:\Users\mikai\AppData\Local\Temp\ccaVB4nH.s 			page 11


 571 021e D0       		.byte	-48
 572 021f 01       		.byte	1
 573 0220 E2       		.byte	-30
 574 0221 01       		.byte	1
 575 0222 A5       		.byte	-91
 576 0223 08       		.byte	8
 577 0224 AD       		.byte	-83
 578 0225 08       		.byte	8
 579 0226 25       		.byte	37
 580 0227 10       		.byte	16
 581 0228 C8       		.byte	-56
 582 0229 20       		.byte	32
 583 022a B5       		.byte	-75
 584 022b 10       		.byte	16
 585 022c 0C       		.byte	12
 586 022d 10       		.byte	16
 587 022e 0E       		.byte	14
 588 022f 08       		.byte	8
 589 0230 63       		.byte	99
 590 0231 08       		.byte	8
 591 0232 A5       		.byte	-91
 592 0233 08       		.byte	8
 593 0234 C2       		.byte	-62
 594 0235 01       		.byte	1
 595 0236 D8       		.byte	-40
 596 0237 02       		.byte	2
 597 0238 AB       		.byte	-85
 598 0239 04       		.byte	4
 599 023a B0       		.byte	-80
 600 023b 10       		.byte	16
 601 023c B5       		.byte	-75
 602 023d 08       		.byte	8
 603 023e B6       		.byte	-74
 604 023f 04       		.byte	4
 605 0240 EA       		.byte	-22
 606 0241 06       		.byte	6
 607 0242 EC       		.byte	-20
 608 0243 08       		.byte	8
 609 0244 00       		.byte	0
 610 0245 02       		.byte	2
 611 0246 0C       		.byte	12
 612 0247 02       		.byte	2
 613 0248 0E       		.byte	14
 614 0249 02       		.byte	2
 615 024a 00       		.byte	0
 616 024b 00       		.byte	0
 617 024c 00       		.byte	0
 618 024d 00       		.byte	0
 619 024e 00       		.byte	0
 620 024f 00       		.byte	0
 621 0250 00       		.byte	0
 622 0251 00       		.byte	0
 623 0252 01       		.byte	1
 624 0253 00       		.byte	0
 625 0254 30       		.byte	48
 626 0255 00       		.byte	0
 627 0256 00       		.byte	0
ARM GAS  C:\Users\mikai\AppData\Local\Temp\ccaVB4nH.s 			page 12


 628 0257 00       		.byte	0
 629 0258 00       		.byte	0
 630 0259 00       		.byte	0
 631 025a 00       		.byte	0
 632 025b 00       		.byte	0
 633 025c 80       		.byte	-128
 634 025d 4B       		.byte	75
 635 025e 4B       		.byte	75
 636 025f 00       		.byte	0
 637 0260 40       		.byte	64
 638 0261 00       		.byte	0
 639 0262 00       		.byte	0
 640 0263 00       		.byte	0
 641 0264 00       		.byte	0
 642 0265 02       		.byte	2
 643 0266 02       		.byte	2
 644 0267 00       		.byte	0
 645 0268 00       		.byte	0
 646 0269 00       		.byte	0
 647 026a 00       		.byte	0
 648 026b 00       		.byte	0
 649 026c 25       		.byte	37
 650 026d 00       		.byte	0
 651 026e 18       		.byte	24
 652 026f 01       		.byte	1
 653              		.section	.cywolatch,"a",%progbits
 654              		.align	2
 655              		.type	cy_meta_wonvl, %object
 656              		.size	cy_meta_wonvl, 4
 657              	cy_meta_wonvl:
 658 0000 BC       		.byte	-68
 659 0001 90       		.byte	-112
 660 0002 AC       		.byte	-84
 661 0003 AF       		.byte	-81
 662              		.section	.cycustnvl,"a",%progbits
 663              		.align	2
 664              		.type	cy_meta_custnvl, %object
 665              		.size	cy_meta_custnvl, 4
 666              	cy_meta_custnvl:
 667 0000 00       		.byte	0
 668 0001 00       		.byte	0
 669 0002 40       		.byte	64
 670 0003 05       		.byte	5
 671              		.section	.cymeta,"a",%progbits
 672              		.align	2
 673              		.type	cy_metadata, %object
 674              		.size	cy_metadata, 12
 675              	cy_metadata:
 676 0000 00       		.byte	0
 677 0001 01       		.byte	1
 678 0002 2E       		.byte	46
 679 0003 16       		.byte	22
 680 0004 10       		.byte	16
 681 0005 69       		.byte	105
 682 0006 00       		.byte	0
 683 0007 01       		.byte	1
 684 0008 00       		.byte	0
ARM GAS  C:\Users\mikai\AppData\Local\Temp\ccaVB4nH.s 			page 13


 685 0009 00       		.byte	0
 686 000a 00       		.byte	0
 687 000b 00       		.byte	0
 688              		.section	.cyflashprotect,"a",%progbits
 689              		.align	2
 690              		.type	cy_meta_flashprotect, %object
 691              		.size	cy_meta_flashprotect, 256
 692              	cy_meta_flashprotect:
 693 0000 00000000 		.space	256
 693      00000000 
 693      00000000 
 693      00000000 
 693      00000000 
 694              		.text
 695              	.Letext0:
 696              		.file 1 "c:\\program files (x86)\\cypress\\psoc creator\\4.4\\psoc creator\\import\\gnu\\arm\\5.4.
 697              		.file 2 "c:\\program files (x86)\\cypress\\psoc creator\\4.4\\psoc creator\\import\\gnu\\arm\\5.4.
 698              		.file 3 "Generated_Source\\PSoC5\\cymetadata.c"
 699              		.section	.debug_info,"",%progbits
 700              	.Ldebug_info0:
 701 0000 31010000 		.4byte	0x131
 702 0004 0400     		.2byte	0x4
 703 0006 00000000 		.4byte	.Ldebug_abbrev0
 704 000a 04       		.byte	0x4
 705 000b 01       		.uleb128 0x1
 706 000c 24000000 		.4byte	.LASF17
 707 0010 0C       		.byte	0xc
 708 0011 FD010000 		.4byte	.LASF18
 709 0015 5F010000 		.4byte	.LASF19
 710 0019 00000000 		.4byte	.Ldebug_line0
 711 001d 02       		.uleb128 0x2
 712 001e 01       		.byte	0x1
 713 001f 06       		.byte	0x6
 714 0020 F1010000 		.4byte	.LASF0
 715 0024 03       		.uleb128 0x3
 716 0025 00000000 		.4byte	.LASF9
 717 0029 01       		.byte	0x1
 718 002a 1D       		.byte	0x1d
 719 002b 2F000000 		.4byte	0x2f
 720 002f 02       		.uleb128 0x2
 721 0030 01       		.byte	0x1
 722 0031 08       		.byte	0x8
 723 0032 16000000 		.4byte	.LASF1
 724 0036 02       		.uleb128 0x2
 725 0037 02       		.byte	0x2
 726 0038 05       		.byte	0x5
 727 0039 DE010000 		.4byte	.LASF2
 728 003d 02       		.uleb128 0x2
 729 003e 02       		.byte	0x2
 730 003f 07       		.byte	0x7
 731 0040 C4000000 		.4byte	.LASF3
 732 0044 02       		.uleb128 0x2
 733 0045 04       		.byte	0x4
 734 0046 05       		.byte	0x5
 735 0047 E8010000 		.4byte	.LASF4
 736 004b 02       		.uleb128 0x2
 737 004c 04       		.byte	0x4
ARM GAS  C:\Users\mikai\AppData\Local\Temp\ccaVB4nH.s 			page 14


 738 004d 07       		.byte	0x7
 739 004e B2000000 		.4byte	.LASF5
 740 0052 02       		.uleb128 0x2
 741 0053 08       		.byte	0x8
 742 0054 05       		.byte	0x5
 743 0055 51010000 		.4byte	.LASF6
 744 0059 02       		.uleb128 0x2
 745 005a 08       		.byte	0x8
 746 005b 07       		.byte	0x7
 747 005c 06010000 		.4byte	.LASF7
 748 0060 04       		.uleb128 0x4
 749 0061 04       		.byte	0x4
 750 0062 05       		.byte	0x5
 751 0063 696E7400 		.ascii	"int\000"
 752 0067 02       		.uleb128 0x2
 753 0068 04       		.byte	0x4
 754 0069 07       		.byte	0x7
 755 006a F9000000 		.4byte	.LASF8
 756 006e 03       		.uleb128 0x3
 757 006f 1D010000 		.4byte	.LASF10
 758 0073 02       		.byte	0x2
 759 0074 18       		.byte	0x18
 760 0075 24000000 		.4byte	0x24
 761 0079 05       		.uleb128 0x5
 762 007a 91000000 		.4byte	0x91
 763 007e 8A000000 		.4byte	0x8a
 764 0082 06       		.uleb128 0x6
 765 0083 8A000000 		.4byte	0x8a
 766 0087 6F02     		.2byte	0x26f
 767 0089 00       		.byte	0
 768 008a 02       		.uleb128 0x2
 769 008b 04       		.byte	0x4
 770 008c 07       		.byte	0x7
 771 008d 48010000 		.4byte	.LASF11
 772 0091 07       		.uleb128 0x7
 773 0092 6E000000 		.4byte	0x6e
 774 0096 08       		.uleb128 0x8
 775 0097 E7000000 		.4byte	.LASF12
 776 009b 03       		.byte	0x3
 777 009c 1F       		.byte	0x1f
 778 009d A7000000 		.4byte	0xa7
 779 00a1 05       		.uleb128 0x5
 780 00a2 03       		.byte	0x3
 781 00a3 00000000 		.4byte	cy_meta_configecc
 782 00a7 07       		.uleb128 0x7
 783 00a8 79000000 		.4byte	0x79
 784 00ac 05       		.uleb128 0x5
 785 00ad 91000000 		.4byte	0x91
 786 00b1 BC000000 		.4byte	0xbc
 787 00b5 09       		.uleb128 0x9
 788 00b6 8A000000 		.4byte	0x8a
 789 00ba 03       		.byte	0x3
 790 00bb 00       		.byte	0
 791 00bc 08       		.uleb128 0x8
 792 00bd D7000000 		.4byte	.LASF13
 793 00c1 03       		.byte	0x3
 794 00c2 7A       		.byte	0x7a
ARM GAS  C:\Users\mikai\AppData\Local\Temp\ccaVB4nH.s 			page 15


 795 00c3 CD000000 		.4byte	0xcd
 796 00c7 05       		.uleb128 0x5
 797 00c8 03       		.byte	0x3
 798 00c9 00000000 		.4byte	cy_meta_custnvl
 799 00cd 07       		.uleb128 0x7
 800 00ce AC000000 		.4byte	0xac
 801 00d2 08       		.uleb128 0x8
 802 00d3 3A010000 		.4byte	.LASF14
 803 00d7 03       		.byte	0x3
 804 00d8 88       		.byte	0x88
 805 00d9 E3000000 		.4byte	0xe3
 806 00dd 05       		.uleb128 0x5
 807 00de 03       		.byte	0x3
 808 00df 00000000 		.4byte	cy_meta_wonvl
 809 00e3 07       		.uleb128 0x7
 810 00e4 AC000000 		.4byte	0xac
 811 00e8 05       		.uleb128 0x5
 812 00e9 91000000 		.4byte	0x91
 813 00ed F8000000 		.4byte	0xf8
 814 00f1 09       		.uleb128 0x9
 815 00f2 8A000000 		.4byte	0x8a
 816 00f6 FF       		.byte	0xff
 817 00f7 00       		.byte	0
 818 00f8 08       		.uleb128 0x8
 819 00f9 25010000 		.4byte	.LASF15
 820 00fd 03       		.byte	0x3
 821 00fe 96       		.byte	0x96
 822 00ff 09010000 		.4byte	0x109
 823 0103 05       		.uleb128 0x5
 824 0104 03       		.byte	0x3
 825 0105 00000000 		.4byte	cy_meta_flashprotect
 826 0109 07       		.uleb128 0x7
 827 010a E8000000 		.4byte	0xe8
 828 010e 05       		.uleb128 0x5
 829 010f 91000000 		.4byte	0x91
 830 0113 1E010000 		.4byte	0x11e
 831 0117 09       		.uleb128 0x9
 832 0118 8A000000 		.4byte	0x8a
 833 011c 0B       		.byte	0xb
 834 011d 00       		.byte	0
 835 011e 08       		.uleb128 0x8
 836 011f 0A000000 		.4byte	.LASF16
 837 0123 03       		.byte	0x3
 838 0124 C3       		.byte	0xc3
 839 0125 2F010000 		.4byte	0x12f
 840 0129 05       		.uleb128 0x5
 841 012a 03       		.byte	0x3
 842 012b 00000000 		.4byte	cy_metadata
 843 012f 07       		.uleb128 0x7
 844 0130 0E010000 		.4byte	0x10e
 845 0134 00       		.byte	0
 846              		.section	.debug_abbrev,"",%progbits
 847              	.Ldebug_abbrev0:
 848 0000 01       		.uleb128 0x1
 849 0001 11       		.uleb128 0x11
 850 0002 01       		.byte	0x1
 851 0003 25       		.uleb128 0x25
ARM GAS  C:\Users\mikai\AppData\Local\Temp\ccaVB4nH.s 			page 16


 852 0004 0E       		.uleb128 0xe
 853 0005 13       		.uleb128 0x13
 854 0006 0B       		.uleb128 0xb
 855 0007 03       		.uleb128 0x3
 856 0008 0E       		.uleb128 0xe
 857 0009 1B       		.uleb128 0x1b
 858 000a 0E       		.uleb128 0xe
 859 000b 10       		.uleb128 0x10
 860 000c 17       		.uleb128 0x17
 861 000d 00       		.byte	0
 862 000e 00       		.byte	0
 863 000f 02       		.uleb128 0x2
 864 0010 24       		.uleb128 0x24
 865 0011 00       		.byte	0
 866 0012 0B       		.uleb128 0xb
 867 0013 0B       		.uleb128 0xb
 868 0014 3E       		.uleb128 0x3e
 869 0015 0B       		.uleb128 0xb
 870 0016 03       		.uleb128 0x3
 871 0017 0E       		.uleb128 0xe
 872 0018 00       		.byte	0
 873 0019 00       		.byte	0
 874 001a 03       		.uleb128 0x3
 875 001b 16       		.uleb128 0x16
 876 001c 00       		.byte	0
 877 001d 03       		.uleb128 0x3
 878 001e 0E       		.uleb128 0xe
 879 001f 3A       		.uleb128 0x3a
 880 0020 0B       		.uleb128 0xb
 881 0021 3B       		.uleb128 0x3b
 882 0022 0B       		.uleb128 0xb
 883 0023 49       		.uleb128 0x49
 884 0024 13       		.uleb128 0x13
 885 0025 00       		.byte	0
 886 0026 00       		.byte	0
 887 0027 04       		.uleb128 0x4
 888 0028 24       		.uleb128 0x24
 889 0029 00       		.byte	0
 890 002a 0B       		.uleb128 0xb
 891 002b 0B       		.uleb128 0xb
 892 002c 3E       		.uleb128 0x3e
 893 002d 0B       		.uleb128 0xb
 894 002e 03       		.uleb128 0x3
 895 002f 08       		.uleb128 0x8
 896 0030 00       		.byte	0
 897 0031 00       		.byte	0
 898 0032 05       		.uleb128 0x5
 899 0033 01       		.uleb128 0x1
 900 0034 01       		.byte	0x1
 901 0035 49       		.uleb128 0x49
 902 0036 13       		.uleb128 0x13
 903 0037 01       		.uleb128 0x1
 904 0038 13       		.uleb128 0x13
 905 0039 00       		.byte	0
 906 003a 00       		.byte	0
 907 003b 06       		.uleb128 0x6
 908 003c 21       		.uleb128 0x21
ARM GAS  C:\Users\mikai\AppData\Local\Temp\ccaVB4nH.s 			page 17


 909 003d 00       		.byte	0
 910 003e 49       		.uleb128 0x49
 911 003f 13       		.uleb128 0x13
 912 0040 2F       		.uleb128 0x2f
 913 0041 05       		.uleb128 0x5
 914 0042 00       		.byte	0
 915 0043 00       		.byte	0
 916 0044 07       		.uleb128 0x7
 917 0045 26       		.uleb128 0x26
 918 0046 00       		.byte	0
 919 0047 49       		.uleb128 0x49
 920 0048 13       		.uleb128 0x13
 921 0049 00       		.byte	0
 922 004a 00       		.byte	0
 923 004b 08       		.uleb128 0x8
 924 004c 34       		.uleb128 0x34
 925 004d 00       		.byte	0
 926 004e 03       		.uleb128 0x3
 927 004f 0E       		.uleb128 0xe
 928 0050 3A       		.uleb128 0x3a
 929 0051 0B       		.uleb128 0xb
 930 0052 3B       		.uleb128 0x3b
 931 0053 0B       		.uleb128 0xb
 932 0054 49       		.uleb128 0x49
 933 0055 13       		.uleb128 0x13
 934 0056 3F       		.uleb128 0x3f
 935 0057 19       		.uleb128 0x19
 936 0058 02       		.uleb128 0x2
 937 0059 18       		.uleb128 0x18
 938 005a 00       		.byte	0
 939 005b 00       		.byte	0
 940 005c 09       		.uleb128 0x9
 941 005d 21       		.uleb128 0x21
 942 005e 00       		.byte	0
 943 005f 49       		.uleb128 0x49
 944 0060 13       		.uleb128 0x13
 945 0061 2F       		.uleb128 0x2f
 946 0062 0B       		.uleb128 0xb
 947 0063 00       		.byte	0
 948 0064 00       		.byte	0
 949 0065 00       		.byte	0
 950              		.section	.debug_aranges,"",%progbits
 951 0000 14000000 		.4byte	0x14
 952 0004 0200     		.2byte	0x2
 953 0006 00000000 		.4byte	.Ldebug_info0
 954 000a 04       		.byte	0x4
 955 000b 00       		.byte	0
 956 000c 0000     		.2byte	0
 957 000e 0000     		.2byte	0
 958 0010 00000000 		.4byte	0
 959 0014 00000000 		.4byte	0
 960              		.section	.debug_line,"",%progbits
 961              	.Ldebug_line0:
 962 0000 3D010000 		.section	.debug_str,"MS",%progbits,1
 962      02003701 
 962      00000201 
 962      FB0E0D00 
ARM GAS  C:\Users\mikai\AppData\Local\Temp\ccaVB4nH.s 			page 18


 962      01010101 
 963              	.LASF9:
 964 0000 5F5F7569 		.ascii	"__uint8_t\000"
 964      6E74385F 
 964      7400
 965              	.LASF16:
 966 000a 63795F6D 		.ascii	"cy_metadata\000"
 966      65746164 
 966      61746100 
 967              	.LASF1:
 968 0016 756E7369 		.ascii	"unsigned char\000"
 968      676E6564 
 968      20636861 
 968      7200
 969              	.LASF17:
 970 0024 474E5520 		.ascii	"GNU C11 5.4.1 20160609 (release) [ARM/embedded-5-br"
 970      43313120 
 970      352E342E 
 970      31203230 
 970      31363036 
 971 0057 616E6368 		.ascii	"anch revision 237715] -mcpu=cortex-m3 -mthumb -g -O"
 971      20726576 
 971      6973696F 
 971      6E203233 
 971      37373135 
 972 008a 67202D66 		.ascii	"g -ffunction-sections -ffat-lto-objects\000"
 972      66756E63 
 972      74696F6E 
 972      2D736563 
 972      74696F6E 
 973              	.LASF5:
 974 00b2 6C6F6E67 		.ascii	"long unsigned int\000"
 974      20756E73 
 974      69676E65 
 974      6420696E 
 974      7400
 975              	.LASF3:
 976 00c4 73686F72 		.ascii	"short unsigned int\000"
 976      7420756E 
 976      7369676E 
 976      65642069 
 976      6E7400
 977              	.LASF13:
 978 00d7 63795F6D 		.ascii	"cy_meta_custnvl\000"
 978      6574615F 
 978      63757374 
 978      6E766C00 
 979              	.LASF12:
 980 00e7 63795F6D 		.ascii	"cy_meta_configecc\000"
 980      6574615F 
 980      636F6E66 
 980      69676563 
 980      6300
 981              	.LASF8:
 982 00f9 756E7369 		.ascii	"unsigned int\000"
 982      676E6564 
 982      20696E74 
ARM GAS  C:\Users\mikai\AppData\Local\Temp\ccaVB4nH.s 			page 19


 982      00
 983              	.LASF7:
 984 0106 6C6F6E67 		.ascii	"long long unsigned int\000"
 984      206C6F6E 
 984      6720756E 
 984      7369676E 
 984      65642069 
 985              	.LASF10:
 986 011d 75696E74 		.ascii	"uint8_t\000"
 986      385F7400 
 987              	.LASF15:
 988 0125 63795F6D 		.ascii	"cy_meta_flashprotect\000"
 988      6574615F 
 988      666C6173 
 988      6870726F 
 988      74656374 
 989              	.LASF14:
 990 013a 63795F6D 		.ascii	"cy_meta_wonvl\000"
 990      6574615F 
 990      776F6E76 
 990      6C00
 991              	.LASF11:
 992 0148 73697A65 		.ascii	"sizetype\000"
 992      74797065 
 992      00
 993              	.LASF6:
 994 0151 6C6F6E67 		.ascii	"long long int\000"
 994      206C6F6E 
 994      6720696E 
 994      7400
 995              	.LASF19:
 996 015f 433A5C55 		.ascii	"C:\\Users\\mikai\\OneDrive - Aarhus universitet\\3."
 996      73657273 
 996      5C6D696B 
 996      61695C4F 
 996      6E654472 
 997 018e 2053656D 		.ascii	" Semester\\Projekt 3 - Karaoke Maskinen\\SOFTWARE\\"
 997      65737465 
 997      725C5072 
 997      6F6A656B 
 997      74203320 
 998 01be 4D696B61 		.ascii	"Mikail og Hanad\\AMK\\BANAN.cydsn\000"
 998      696C206F 
 998      67204861 
 998      6E61645C 
 998      414D4B5C 
 999              	.LASF2:
 1000 01de 73686F72 		.ascii	"short int\000"
 1000      7420696E 
 1000      7400
 1001              	.LASF4:
 1002 01e8 6C6F6E67 		.ascii	"long int\000"
 1002      20696E74 
 1002      00
 1003              	.LASF0:
 1004 01f1 7369676E 		.ascii	"signed char\000"
 1004      65642063 
ARM GAS  C:\Users\mikai\AppData\Local\Temp\ccaVB4nH.s 			page 20


 1004      68617200 
 1005              	.LASF18:
 1006 01fd 47656E65 		.ascii	"Generated_Source\\PSoC5\\cymetadata.c\000"
 1006      72617465 
 1006      645F536F 
 1006      75726365 
 1006      5C50536F 
 1007              		.ident	"GCC: (GNU Tools for ARM Embedded Processors) 5.4.1 20160609 (release) [ARM/embedded-5-bran
