ARM GAS  C:\Users\mikai\AppData\Local\Temp\ccRRgJdd.s 			page 1


   1              		.syntax unified
   2              		.cpu cortex-m3
   3              		.fpu softvfp
   4              		.eabi_attribute 20, 1
   5              		.eabi_attribute 21, 1
   6              		.eabi_attribute 23, 3
   7              		.eabi_attribute 24, 1
   8              		.eabi_attribute 25, 1
   9              		.eabi_attribute 26, 1
  10              		.eabi_attribute 30, 1
  11              		.eabi_attribute 34, 1
  12              		.eabi_attribute 18, 4
  13              		.thumb
  14              		.syntax unified
  15              		.file	"RealOne.c"
  16              		.text
  17              	.Ltext0:
  18              		.cfi_sections	.debug_frame
  19              		.section	.text.InitADC,"ax",%progbits
  20              		.align	2
  21              		.global	InitADC
  22              		.thumb
  23              		.thumb_func
  24              		.type	InitADC, %function
  25              	InitADC:
  26              	.LFB64:
  27              		.file 1 "RealOne.c"
   1:RealOne.c     **** #include "project.h"
   2:RealOne.c     **** #include <stdio.h>
   3:RealOne.c     **** 
   4:RealOne.c     **** #define SAMPLE_RATE 44100 // Definerer sample rate som 44100 Hz
   5:RealOne.c     **** #define BUFFER_SIZE 512   // Størrelsen på bufferen sat til 512
   6:RealOne.c     **** #define HANDSHAKE_SIGNAL 0xFFFF // Definerer handshake signal
   7:RealOne.c     **** 
   8:RealOne.c     **** volatile uint16_t adcBuffer[BUFFER_SIZE]; // Buffer til ADC data
   9:RealOne.c     **** volatile int bufferIndex = 0; // Indeks til styring af buffer
  10:RealOne.c     **** 
  11:RealOne.c     **** // Funktionsdeklarationer
  12:RealOne.c     **** void InitADC(void);
  13:RealOne.c     **** void InitSPI(void);
  14:RealOne.c     **** int SendSPI(uint16_t data);
  15:RealOne.c     **** uint16_t ReadADC(void);
  16:RealOne.c     **** void HandleADCConversion(void);
  17:RealOne.c     **** void SendHandshakeSignal(void);
  18:RealOne.c     **** 
  19:RealOne.c     **** // Initialiserer ADC
  20:RealOne.c     **** void InitADC(void) {
  28              		.loc 1 20 0
  29              		.cfi_startproc
  30              		@ args = 0, pretend = 0, frame = 0
  31              		@ frame_needed = 0, uses_anonymous_args = 0
  32 0000 08B5     		push	{r3, lr}
  33              		.cfi_def_cfa_offset 8
  34              		.cfi_offset 3, -8
  35              		.cfi_offset 14, -4
  21:RealOne.c     ****     ADC_DelSig_1_Start();
  36              		.loc 1 21 0
ARM GAS  C:\Users\mikai\AppData\Local\Temp\ccRRgJdd.s 			page 2


  37 0002 FFF7FEFF 		bl	ADC_DelSig_1_Start
  38              	.LVL0:
  22:RealOne.c     ****     ADC_DelSig_1_StartConvert();
  39              		.loc 1 22 0
  40 0006 FFF7FEFF 		bl	ADC_DelSig_1_StartConvert
  41              	.LVL1:
  42 000a 08BD     		pop	{r3, pc}
  43              		.cfi_endproc
  44              	.LFE64:
  45              		.size	InitADC, .-InitADC
  46              		.section	.text.InitSPI,"ax",%progbits
  47              		.align	2
  48              		.global	InitSPI
  49              		.thumb
  50              		.thumb_func
  51              		.type	InitSPI, %function
  52              	InitSPI:
  53              	.LFB65:
  23:RealOne.c     **** }
  24:RealOne.c     **** 
  25:RealOne.c     **** // Initialiserer SPI
  26:RealOne.c     **** void InitSPI(void) {
  54              		.loc 1 26 0
  55              		.cfi_startproc
  56              		@ args = 0, pretend = 0, frame = 0
  57              		@ frame_needed = 0, uses_anonymous_args = 0
  58 0000 08B5     		push	{r3, lr}
  59              		.cfi_def_cfa_offset 8
  60              		.cfi_offset 3, -8
  61              		.cfi_offset 14, -4
  27:RealOne.c     ****     SPIS_1_Start();
  62              		.loc 1 27 0
  63 0002 FFF7FEFF 		bl	SPIS_1_Start
  64              	.LVL2:
  65 0006 08BD     		pop	{r3, pc}
  66              		.cfi_endproc
  67              	.LFE65:
  68              		.size	InitSPI, .-InitSPI
  69              		.section	.text.ReadADC,"ax",%progbits
  70              		.align	2
  71              		.global	ReadADC
  72              		.thumb
  73              		.thumb_func
  74              		.type	ReadADC, %function
  75              	ReadADC:
  76              	.LFB66:
  28:RealOne.c     **** }
  29:RealOne.c     **** 
  30:RealOne.c     **** // Læser data fra ADC
  31:RealOne.c     **** uint16_t ReadADC(void) {
  77              		.loc 1 31 0
  78              		.cfi_startproc
  79              		@ args = 0, pretend = 0, frame = 0
  80              		@ frame_needed = 0, uses_anonymous_args = 0
  81 0000 08B5     		push	{r3, lr}
  82              		.cfi_def_cfa_offset 8
  83              		.cfi_offset 3, -8
ARM GAS  C:\Users\mikai\AppData\Local\Temp\ccRRgJdd.s 			page 3


  84              		.cfi_offset 14, -4
  32:RealOne.c     ****     ADC_DelSig_1_IsEndConversion(ADC_DelSig_1_WAIT_FOR_RESULT);
  85              		.loc 1 32 0
  86 0002 0020     		movs	r0, #0
  87 0004 FFF7FEFF 		bl	ADC_DelSig_1_IsEndConversion
  88              	.LVL3:
  33:RealOne.c     ****     return ADC_DelSig_1_GetResult16();
  89              		.loc 1 33 0
  90 0008 FFF7FEFF 		bl	ADC_DelSig_1_GetResult16
  91              	.LVL4:
  34:RealOne.c     **** }
  92              		.loc 1 34 0
  93 000c 80B2     		uxth	r0, r0
  94 000e 08BD     		pop	{r3, pc}
  95              		.cfi_endproc
  96              	.LFE66:
  97              		.size	ReadADC, .-ReadADC
  98              		.section	.text.SendSPI,"ax",%progbits
  99              		.align	2
 100              		.global	SendSPI
 101              		.thumb
 102              		.thumb_func
 103              		.type	SendSPI, %function
 104              	SendSPI:
 105              	.LFB67:
  35:RealOne.c     **** 
  36:RealOne.c     **** // Sender data over SPI
  37:RealOne.c     **** int SendSPI(uint16_t data) {
 106              		.loc 1 37 0
 107              		.cfi_startproc
 108              		@ args = 0, pretend = 0, frame = 0
 109              		@ frame_needed = 0, uses_anonymous_args = 0
 110              	.LVL5:
 111 0000 10B5     		push	{r4, lr}
 112              		.cfi_def_cfa_offset 8
 113              		.cfi_offset 4, -8
 114              		.cfi_offset 14, -4
 115 0002 0446     		mov	r4, r0
 116              	.LVL6:
 117              	.L8:
  38:RealOne.c     ****     while (!(SPIS_1_ReadTxStatus() & SPIS_1_STS_TX_FIFO_NOT_FULL));
 118              		.loc 1 38 0 discriminator 1
 119 0004 FFF7FEFF 		bl	SPIS_1_ReadTxStatus
 120              	.LVL7:
 121 0008 10F0020F 		tst	r0, #2
 122 000c FAD0     		beq	.L8
  39:RealOne.c     ****     SPIS_1_WriteTxData(data);
 123              		.loc 1 39 0
 124 000e 2046     		mov	r0, r4
 125 0010 FFF7FEFF 		bl	SPIS_1_WriteTxData
 126              	.LVL8:
 127              	.L9:
  40:RealOne.c     ****     while (!(SPIS_1_ReadTxStatus() & SPIS_1_STS_SPI_DONE));
 128              		.loc 1 40 0 discriminator 1
 129 0014 FFF7FEFF 		bl	SPIS_1_ReadTxStatus
 130              	.LVL9:
 131 0018 10F0010F 		tst	r0, #1
ARM GAS  C:\Users\mikai\AppData\Local\Temp\ccRRgJdd.s 			page 4


 132 001c FAD0     		beq	.L9
  41:RealOne.c     ****     return (SPIS_1_ReadTxStatus() & SPIS_1_STS_SPI_DONE) ? 1 : 0;
 133              		.loc 1 41 0
 134 001e FFF7FEFF 		bl	SPIS_1_ReadTxStatus
 135              	.LVL10:
  42:RealOne.c     **** }
 136              		.loc 1 42 0
 137 0022 00F00100 		and	r0, r0, #1
 138 0026 10BD     		pop	{r4, pc}
 139              		.cfi_endproc
 140              	.LFE67:
 141              		.size	SendSPI, .-SendSPI
 142              		.section	.text.HandleADCConversion,"ax",%progbits
 143              		.align	2
 144              		.global	HandleADCConversion
 145              		.thumb
 146              		.thumb_func
 147              		.type	HandleADCConversion, %function
 148              	HandleADCConversion:
 149              	.LFB68:
  43:RealOne.c     **** 
  44:RealOne.c     **** // Håndterer ADC konvertering
  45:RealOne.c     **** void HandleADCConversion(void) {
 150              		.loc 1 45 0
 151              		.cfi_startproc
 152              		@ args = 0, pretend = 0, frame = 0
 153              		@ frame_needed = 0, uses_anonymous_args = 0
 154 0000 08B5     		push	{r3, lr}
 155              		.cfi_def_cfa_offset 8
 156              		.cfi_offset 3, -8
 157              		.cfi_offset 14, -4
  46:RealOne.c     ****     uint32 status = ADC_DelSig_1_IsEndConversion(ADC_DelSig_1_RETURN_STATUS);
 158              		.loc 1 46 0
 159 0002 0120     		movs	r0, #1
 160 0004 FFF7FEFF 		bl	ADC_DelSig_1_IsEndConversion
 161              	.LVL11:
  47:RealOne.c     ****     if (status == ADC_DelSig_1_RETURN_STATUS) {
 162              		.loc 1 47 0
 163 0008 0128     		cmp	r0, #1
 164 000a 02D1     		bne	.L12
  48:RealOne.c     ****         LED_Write(1); // Tænder LED ved succesfuld konvertering
 165              		.loc 1 48 0
 166 000c FFF7FEFF 		bl	LED_Write
 167              	.LVL12:
 168 0010 08BD     		pop	{r3, pc}
 169              	.LVL13:
 170              	.L12:
  49:RealOne.c     ****     } else {
  50:RealOne.c     ****         LED_Write(0); // Slukker LED hvis fejl
 171              		.loc 1 50 0
 172 0012 0020     		movs	r0, #0
 173              	.LVL14:
 174 0014 FFF7FEFF 		bl	LED_Write
 175              	.LVL15:
 176 0018 08BD     		pop	{r3, pc}
 177              		.cfi_endproc
 178              	.LFE68:
ARM GAS  C:\Users\mikai\AppData\Local\Temp\ccRRgJdd.s 			page 5


 179              		.size	HandleADCConversion, .-HandleADCConversion
 180 001a 00BF     		.section	.text.SendHandshakeSignal,"ax",%progbits
 181              		.align	2
 182              		.global	SendHandshakeSignal
 183              		.thumb
 184              		.thumb_func
 185              		.type	SendHandshakeSignal, %function
 186              	SendHandshakeSignal:
 187              	.LFB69:
  51:RealOne.c     ****     }
  52:RealOne.c     **** }
  53:RealOne.c     **** 
  54:RealOne.c     **** // Sender handshake signal over SPI
  55:RealOne.c     **** void SendHandshakeSignal(void) {
 188              		.loc 1 55 0
 189              		.cfi_startproc
 190              		@ args = 0, pretend = 0, frame = 0
 191              		@ frame_needed = 0, uses_anonymous_args = 0
 192 0000 08B5     		push	{r3, lr}
 193              		.cfi_def_cfa_offset 8
 194              		.cfi_offset 3, -8
 195              		.cfi_offset 14, -4
  56:RealOne.c     ****     SendSPI(HANDSHAKE_SIGNAL);
 196              		.loc 1 56 0
 197 0002 4FF6FF70 		movw	r0, #65535
 198 0006 FFF7FEFF 		bl	SendSPI
 199              	.LVL16:
  57:RealOne.c     ****     CyDelay(10); // Lille forsinkelse for at sikre RPI er klar
 200              		.loc 1 57 0
 201 000a 0A20     		movs	r0, #10
 202 000c FFF7FEFF 		bl	CyDelay
 203              	.LVL17:
 204 0010 08BD     		pop	{r3, pc}
 205              		.cfi_endproc
 206              	.LFE69:
 207              		.size	SendHandshakeSignal, .-SendHandshakeSignal
 208 0012 00BF     		.section	.text.main,"ax",%progbits
 209              		.align	2
 210              		.global	main
 211              		.thumb
 212              		.thumb_func
 213              		.type	main, %function
 214              	main:
 215              	.LFB70:
  58:RealOne.c     **** }
  59:RealOne.c     **** 
  60:RealOne.c     **** int main(void) {
 216              		.loc 1 60 0
 217              		.cfi_startproc
 218              		@ args = 0, pretend = 0, frame = 0
 219              		@ frame_needed = 0, uses_anonymous_args = 0
 220 0000 10B5     		push	{r4, lr}
 221              		.cfi_def_cfa_offset 8
 222              		.cfi_offset 4, -8
 223              		.cfi_offset 14, -4
  61:RealOne.c     ****     CyGlobalIntEnable; // Aktiverer globale interrupts
 224              		.loc 1 61 0
ARM GAS  C:\Users\mikai\AppData\Local\Temp\ccRRgJdd.s 			page 6


 225              		.syntax unified
 226              	@ 61 "RealOne.c" 1
 227 0002 62B6     		CPSIE   i
 228              	@ 0 "" 2
  62:RealOne.c     ****     InitADC(); // Initialiserer ADC
 229              		.loc 1 62 0
 230              		.thumb
 231              		.syntax unified
 232 0004 FFF7FEFF 		bl	InitADC
 233              	.LVL18:
  63:RealOne.c     ****     InitSPI(); // Initialiserer SPI
 234              		.loc 1 63 0
 235 0008 FFF7FEFF 		bl	InitSPI
 236              	.LVL19:
 237              	.L18:
  64:RealOne.c     **** 
  65:RealOne.c     ****     for (;;) {
  66:RealOne.c     ****         if (bufferIndex < BUFFER_SIZE) {
 238              		.loc 1 66 0
 239 000c 114B     		ldr	r3, .L24
 240 000e 1B68     		ldr	r3, [r3]
 241 0010 B3F5007F 		cmp	r3, #512
 242 0014 0BDA     		bge	.L19
  67:RealOne.c     ****             adcBuffer[bufferIndex++] = ReadADC(); // Læser ADC og gemmer i buffer
 243              		.loc 1 67 0
 244 0016 0F4B     		ldr	r3, .L24
 245 0018 1C68     		ldr	r4, [r3]
 246 001a 621C     		adds	r2, r4, #1
 247 001c 1A60     		str	r2, [r3]
 248 001e FFF7FEFF 		bl	ReadADC
 249              	.LVL20:
 250 0022 0D4B     		ldr	r3, .L24+4
 251 0024 23F81400 		strh	r0, [r3, r4, lsl #1]	@ movhi
  68:RealOne.c     ****             HandleADCConversion();
 252              		.loc 1 68 0
 253 0028 FFF7FEFF 		bl	HandleADCConversion
 254              	.LVL21:
 255 002c EEE7     		b	.L18
 256              	.L19:
  69:RealOne.c     ****             //CyDelay(1); // Forsinkelse mellem ADC aflæsninger
  70:RealOne.c     ****         } else {
  71:RealOne.c     ****             SendHandshakeSignal(); // Sender handshake signal
 257              		.loc 1 71 0
 258 002e FFF7FEFF 		bl	SendHandshakeSignal
 259              	.LVL22:
 260              	.LBB2:
  72:RealOne.c     ****             for (int i = 0; i < BUFFER_SIZE; i++) {
 261              		.loc 1 72 0
 262 0032 0024     		movs	r4, #0
 263 0034 06E0     		b	.L21
 264              	.LVL23:
 265              	.L22:
  73:RealOne.c     ****                 if (!SendSPI(adcBuffer[i])) {
 266              		.loc 1 73 0
 267 0036 084B     		ldr	r3, .L24+4
 268 0038 33F81400 		ldrh	r0, [r3, r4, lsl #1]
 269 003c 80B2     		uxth	r0, r0
ARM GAS  C:\Users\mikai\AppData\Local\Temp\ccRRgJdd.s 			page 7


 270 003e FFF7FEFF 		bl	SendSPI
 271              	.LVL24:
  72:RealOne.c     ****             for (int i = 0; i < BUFFER_SIZE; i++) {
 272              		.loc 1 72 0
 273 0042 0134     		adds	r4, r4, #1
 274              	.LVL25:
 275              	.L21:
  72:RealOne.c     ****             for (int i = 0; i < BUFFER_SIZE; i++) {
 276              		.loc 1 72 0 is_stmt 0 discriminator 1
 277 0044 B4F5007F 		cmp	r4, #512
 278 0048 F5DB     		blt	.L22
 279              	.LBE2:
  74:RealOne.c     ****                 }
  75:RealOne.c     ****             }
  76:RealOne.c     ****             bufferIndex = 0; // Nulstiller buffer index
 280              		.loc 1 76 0 is_stmt 1
 281 004a 0022     		movs	r2, #0
 282 004c 014B     		ldr	r3, .L24
 283 004e 1A60     		str	r2, [r3]
 284 0050 DCE7     		b	.L18
 285              	.L25:
 286 0052 00BF     		.align	2
 287              	.L24:
 288 0054 00000000 		.word	.LANCHOR0
 289 0058 00000000 		.word	adcBuffer
 290              		.cfi_endproc
 291              	.LFE70:
 292              		.size	main, .-main
 293              		.global	bufferIndex
 294              		.comm	adcBuffer,1024,4
 295              		.bss
 296              		.align	2
 297              		.set	.LANCHOR0,. + 0
 298              		.type	bufferIndex, %object
 299              		.size	bufferIndex, 4
 300              	bufferIndex:
 301 0000 00000000 		.space	4
 302              		.text
 303              	.Letext0:
 304              		.file 2 "c:\\program files (x86)\\cypress\\psoc creator\\4.4\\psoc creator\\import\\gnu\\arm\\5.4.
 305              		.file 3 "c:\\program files (x86)\\cypress\\psoc creator\\4.4\\psoc creator\\import\\gnu\\arm\\5.4.
 306              		.file 4 "Generated_Source\\PSoC5/cytypes.h"
 307              		.file 5 "Generated_Source\\PSoC5/core_cm3.h"
 308              		.file 6 "Generated_Source\\PSoC5/ADC_DelSig_1.h"
 309              		.file 7 "Generated_Source\\PSoC5/SPIS_1.h"
 310              		.file 8 "Generated_Source\\PSoC5/LED.h"
 311              		.file 9 "Generated_Source\\PSoC5/CyLib.h"
 312              		.section	.debug_info,"",%progbits
 313              	.Ldebug_info0:
 314 0000 4E030000 		.4byte	0x34e
 315 0004 0400     		.2byte	0x4
 316 0006 00000000 		.4byte	.Ldebug_abbrev0
 317 000a 04       		.byte	0x4
 318 000b 01       		.uleb128 0x1
 319 000c 05010000 		.4byte	.LASF39
 320 0010 0C       		.byte	0xc
 321 0011 F4020000 		.4byte	.LASF40
ARM GAS  C:\Users\mikai\AppData\Local\Temp\ccRRgJdd.s 			page 8


 322 0015 32000000 		.4byte	.LASF41
 323 0019 00000000 		.4byte	.Ldebug_ranges0+0
 324 001d 00000000 		.4byte	0
 325 0021 00000000 		.4byte	.Ldebug_line0
 326 0025 02       		.uleb128 0x2
 327 0026 01       		.byte	0x1
 328 0027 06       		.byte	0x6
 329 0028 EB000000 		.4byte	.LASF0
 330 002c 02       		.uleb128 0x2
 331 002d 01       		.byte	0x1
 332 002e 08       		.byte	0x8
 333 002f F7000000 		.4byte	.LASF1
 334 0033 02       		.uleb128 0x2
 335 0034 02       		.byte	0x2
 336 0035 05       		.byte	0x5
 337 0036 B1020000 		.4byte	.LASF2
 338 003a 03       		.uleb128 0x3
 339 003b 03020000 		.4byte	.LASF4
 340 003f 02       		.byte	0x2
 341 0040 2B       		.byte	0x2b
 342 0041 45000000 		.4byte	0x45
 343 0045 02       		.uleb128 0x2
 344 0046 02       		.byte	0x2
 345 0047 07       		.byte	0x7
 346 0048 C2010000 		.4byte	.LASF3
 347 004c 03       		.uleb128 0x3
 348 004d B0000000 		.4byte	.LASF5
 349 0051 02       		.byte	0x2
 350 0052 3F       		.byte	0x3f
 351 0053 57000000 		.4byte	0x57
 352 0057 02       		.uleb128 0x2
 353 0058 04       		.byte	0x4
 354 0059 05       		.byte	0x5
 355 005a BA000000 		.4byte	.LASF6
 356 005e 02       		.uleb128 0x2
 357 005f 04       		.byte	0x4
 358 0060 07       		.byte	0x7
 359 0061 B0010000 		.4byte	.LASF7
 360 0065 02       		.uleb128 0x2
 361 0066 08       		.byte	0x8
 362 0067 05       		.byte	0x5
 363 0068 9E020000 		.4byte	.LASF8
 364 006c 02       		.uleb128 0x2
 365 006d 08       		.byte	0x8
 366 006e 07       		.byte	0x7
 367 006f 5A020000 		.4byte	.LASF9
 368 0073 04       		.uleb128 0x4
 369 0074 04       		.byte	0x4
 370 0075 05       		.byte	0x5
 371 0076 696E7400 		.ascii	"int\000"
 372 007a 02       		.uleb128 0x2
 373 007b 04       		.byte	0x4
 374 007c 07       		.byte	0x7
 375 007d 4D020000 		.4byte	.LASF10
 376 0081 03       		.uleb128 0x3
 377 0082 BB020000 		.4byte	.LASF11
 378 0086 03       		.byte	0x3
ARM GAS  C:\Users\mikai\AppData\Local\Temp\ccRRgJdd.s 			page 9


 379 0087 24       		.byte	0x24
 380 0088 3A000000 		.4byte	0x3a
 381 008c 03       		.uleb128 0x3
 382 008d 8D020000 		.4byte	.LASF12
 383 0091 03       		.byte	0x3
 384 0092 2C       		.byte	0x2c
 385 0093 4C000000 		.4byte	0x4c
 386 0097 05       		.uleb128 0x5
 387 0098 CB000000 		.4byte	.LASF13
 388 009c 04       		.byte	0x4
 389 009d E801     		.2byte	0x1e8
 390 009f 2C000000 		.4byte	0x2c
 391 00a3 05       		.uleb128 0x5
 392 00a4 1A020000 		.4byte	.LASF14
 393 00a8 04       		.byte	0x4
 394 00a9 EA01     		.2byte	0x1ea
 395 00ab 5E000000 		.4byte	0x5e
 396 00af 02       		.uleb128 0x2
 397 00b0 04       		.byte	0x4
 398 00b1 04       		.byte	0x4
 399 00b2 E0000000 		.4byte	.LASF15
 400 00b6 02       		.uleb128 0x2
 401 00b7 08       		.byte	0x8
 402 00b8 04       		.byte	0x4
 403 00b9 0E020000 		.4byte	.LASF16
 404 00bd 02       		.uleb128 0x2
 405 00be 01       		.byte	0x1
 406 00bf 08       		.byte	0x8
 407 00c0 AC020000 		.4byte	.LASF17
 408 00c4 02       		.uleb128 0x2
 409 00c5 08       		.byte	0x8
 410 00c6 04       		.byte	0x4
 411 00c7 E8020000 		.4byte	.LASF18
 412 00cb 02       		.uleb128 0x2
 413 00cc 04       		.byte	0x4
 414 00cd 07       		.byte	0x7
 415 00ce 95020000 		.4byte	.LASF19
 416 00d2 06       		.uleb128 0x6
 417 00d3 81000000 		.4byte	0x81
 418 00d7 07       		.uleb128 0x7
 419 00d8 71020000 		.4byte	.LASF20
 420 00dc 01       		.byte	0x1
 421 00dd 14       		.byte	0x14
 422 00de 00000000 		.4byte	.LFB64
 423 00e2 0C000000 		.4byte	.LFE64-.LFB64
 424 00e6 01       		.uleb128 0x1
 425 00e7 9C       		.byte	0x9c
 426 00e8 FF000000 		.4byte	0xff
 427 00ec 08       		.uleb128 0x8
 428 00ed 06000000 		.4byte	.LVL0
 429 00f1 EE020000 		.4byte	0x2ee
 430 00f5 08       		.uleb128 0x8
 431 00f6 0A000000 		.4byte	.LVL1
 432 00fa F9020000 		.4byte	0x2f9
 433 00fe 00       		.byte	0
 434 00ff 07       		.uleb128 0x7
 435 0100 D8000000 		.4byte	.LASF21
ARM GAS  C:\Users\mikai\AppData\Local\Temp\ccRRgJdd.s 			page 10


 436 0104 01       		.byte	0x1
 437 0105 1A       		.byte	0x1a
 438 0106 00000000 		.4byte	.LFB65
 439 010a 08000000 		.4byte	.LFE65-.LFB65
 440 010e 01       		.uleb128 0x1
 441 010f 9C       		.byte	0x9c
 442 0110 1E010000 		.4byte	0x11e
 443 0114 08       		.uleb128 0x8
 444 0115 06000000 		.4byte	.LVL2
 445 0119 04030000 		.4byte	0x304
 446 011d 00       		.byte	0
 447 011e 09       		.uleb128 0x9
 448 011f C3000000 		.4byte	.LASF22
 449 0123 01       		.byte	0x1
 450 0124 1F       		.byte	0x1f
 451 0125 81000000 		.4byte	0x81
 452 0129 00000000 		.4byte	.LFB66
 453 012d 10000000 		.4byte	.LFE66-.LFB66
 454 0131 01       		.uleb128 0x1
 455 0132 9C       		.byte	0x9c
 456 0133 54010000 		.4byte	0x154
 457 0137 0A       		.uleb128 0xa
 458 0138 08000000 		.4byte	.LVL3
 459 013c 0F030000 		.4byte	0x30f
 460 0140 4A010000 		.4byte	0x14a
 461 0144 0B       		.uleb128 0xb
 462 0145 01       		.uleb128 0x1
 463 0146 50       		.byte	0x50
 464 0147 01       		.uleb128 0x1
 465 0148 30       		.byte	0x30
 466 0149 00       		.byte	0
 467 014a 08       		.uleb128 0x8
 468 014b 0C000000 		.4byte	.LVL4
 469 014f 1A030000 		.4byte	0x31a
 470 0153 00       		.byte	0
 471 0154 09       		.uleb128 0x9
 472 0155 0C000000 		.4byte	.LASF23
 473 0159 01       		.byte	0x1
 474 015a 25       		.byte	0x25
 475 015b 73000000 		.4byte	0x73
 476 015f 00000000 		.4byte	.LFB67
 477 0163 28000000 		.4byte	.LFE67-.LFB67
 478 0167 01       		.uleb128 0x1
 479 0168 9C       		.byte	0x9c
 480 0169 AC010000 		.4byte	0x1ac
 481 016d 0C       		.uleb128 0xc
 482 016e E6000000 		.4byte	.LASF42
 483 0172 01       		.byte	0x1
 484 0173 25       		.byte	0x25
 485 0174 81000000 		.4byte	0x81
 486 0178 00000000 		.4byte	.LLST0
 487 017c 08       		.uleb128 0x8
 488 017d 08000000 		.4byte	.LVL7
 489 0181 25030000 		.4byte	0x325
 490 0185 0A       		.uleb128 0xa
 491 0186 14000000 		.4byte	.LVL8
 492 018a 30030000 		.4byte	0x330
ARM GAS  C:\Users\mikai\AppData\Local\Temp\ccRRgJdd.s 			page 11


 493 018e 99010000 		.4byte	0x199
 494 0192 0B       		.uleb128 0xb
 495 0193 01       		.uleb128 0x1
 496 0194 50       		.byte	0x50
 497 0195 02       		.uleb128 0x2
 498 0196 74       		.byte	0x74
 499 0197 00       		.sleb128 0
 500 0198 00       		.byte	0
 501 0199 08       		.uleb128 0x8
 502 019a 18000000 		.4byte	.LVL9
 503 019e 25030000 		.4byte	0x325
 504 01a2 08       		.uleb128 0x8
 505 01a3 22000000 		.4byte	.LVL10
 506 01a7 25030000 		.4byte	0x325
 507 01ab 00       		.byte	0
 508 01ac 07       		.uleb128 0x7
 509 01ad E2010000 		.4byte	.LASF24
 510 01b1 01       		.byte	0x1
 511 01b2 2D       		.byte	0x2d
 512 01b3 00000000 		.4byte	.LFB68
 513 01b7 1A000000 		.4byte	.LFE68-.LFB68
 514 01bb 01       		.uleb128 0x1
 515 01bc 9C       		.byte	0x9c
 516 01bd FC010000 		.4byte	0x1fc
 517 01c1 0D       		.uleb128 0xd
 518 01c2 D1000000 		.4byte	.LASF26
 519 01c6 01       		.byte	0x1
 520 01c7 2E       		.byte	0x2e
 521 01c8 A3000000 		.4byte	0xa3
 522 01cc 21000000 		.4byte	.LLST1
 523 01d0 0A       		.uleb128 0xa
 524 01d1 08000000 		.4byte	.LVL11
 525 01d5 0F030000 		.4byte	0x30f
 526 01d9 E3010000 		.4byte	0x1e3
 527 01dd 0B       		.uleb128 0xb
 528 01de 01       		.uleb128 0x1
 529 01df 50       		.byte	0x50
 530 01e0 01       		.uleb128 0x1
 531 01e1 31       		.byte	0x31
 532 01e2 00       		.byte	0
 533 01e3 08       		.uleb128 0x8
 534 01e4 10000000 		.4byte	.LVL12
 535 01e8 3B030000 		.4byte	0x33b
 536 01ec 0E       		.uleb128 0xe
 537 01ed 18000000 		.4byte	.LVL15
 538 01f1 3B030000 		.4byte	0x33b
 539 01f5 0B       		.uleb128 0xb
 540 01f6 01       		.uleb128 0x1
 541 01f7 50       		.byte	0x50
 542 01f8 01       		.uleb128 0x1
 543 01f9 30       		.byte	0x30
 544 01fa 00       		.byte	0
 545 01fb 00       		.byte	0
 546 01fc 07       		.uleb128 0x7
 547 01fd 14000000 		.4byte	.LASF25
 548 0201 01       		.byte	0x1
 549 0202 37       		.byte	0x37
ARM GAS  C:\Users\mikai\AppData\Local\Temp\ccRRgJdd.s 			page 12


 550 0203 00000000 		.4byte	.LFB69
 551 0207 12000000 		.4byte	.LFE69-.LFB69
 552 020b 01       		.uleb128 0x1
 553 020c 9C       		.byte	0x9c
 554 020d 35020000 		.4byte	0x235
 555 0211 0A       		.uleb128 0xa
 556 0212 0A000000 		.4byte	.LVL16
 557 0216 54010000 		.4byte	0x154
 558 021a 25020000 		.4byte	0x225
 559 021e 0B       		.uleb128 0xb
 560 021f 01       		.uleb128 0x1
 561 0220 50       		.byte	0x50
 562 0221 02       		.uleb128 0x2
 563 0222 09       		.byte	0x9
 564 0223 FF       		.byte	0xff
 565 0224 00       		.byte	0
 566 0225 0E       		.uleb128 0xe
 567 0226 10000000 		.4byte	.LVL17
 568 022a 46030000 		.4byte	0x346
 569 022e 0B       		.uleb128 0xb
 570 022f 01       		.uleb128 0x1
 571 0230 50       		.byte	0x50
 572 0231 01       		.uleb128 0x1
 573 0232 3A       		.byte	0x3a
 574 0233 00       		.byte	0
 575 0234 00       		.byte	0
 576 0235 0F       		.uleb128 0xf
 577 0236 15020000 		.4byte	.LASF43
 578 023a 01       		.byte	0x1
 579 023b 3C       		.byte	0x3c
 580 023c 73000000 		.4byte	0x73
 581 0240 00000000 		.4byte	.LFB70
 582 0244 5C000000 		.4byte	.LFE70-.LFB70
 583 0248 01       		.uleb128 0x1
 584 0249 9C       		.byte	0x9c
 585 024a A0020000 		.4byte	0x2a0
 586 024e 10       		.uleb128 0x10
 587 024f 32000000 		.4byte	.LBB2
 588 0253 18000000 		.4byte	.LBE2-.LBB2
 589 0257 72020000 		.4byte	0x272
 590 025b 11       		.uleb128 0x11
 591 025c 6900     		.ascii	"i\000"
 592 025e 01       		.byte	0x1
 593 025f 48       		.byte	0x48
 594 0260 73000000 		.4byte	0x73
 595 0264 49000000 		.4byte	.LLST2
 596 0268 08       		.uleb128 0x8
 597 0269 42000000 		.4byte	.LVL24
 598 026d 54010000 		.4byte	0x154
 599 0271 00       		.byte	0
 600 0272 08       		.uleb128 0x8
 601 0273 08000000 		.4byte	.LVL18
 602 0277 D7000000 		.4byte	0xd7
 603 027b 08       		.uleb128 0x8
 604 027c 0C000000 		.4byte	.LVL19
 605 0280 FF000000 		.4byte	0xff
 606 0284 08       		.uleb128 0x8
ARM GAS  C:\Users\mikai\AppData\Local\Temp\ccRRgJdd.s 			page 13


 607 0285 22000000 		.4byte	.LVL20
 608 0289 1E010000 		.4byte	0x11e
 609 028d 08       		.uleb128 0x8
 610 028e 2C000000 		.4byte	.LVL21
 611 0292 AC010000 		.4byte	0x1ac
 612 0296 08       		.uleb128 0x8
 613 0297 32000000 		.4byte	.LVL22
 614 029b FC010000 		.4byte	0x1fc
 615 029f 00       		.byte	0
 616 02a0 12       		.uleb128 0x12
 617 02a1 F6010000 		.4byte	.LASF27
 618 02a5 05       		.byte	0x5
 619 02a6 1207     		.2byte	0x712
 620 02a8 AC020000 		.4byte	0x2ac
 621 02ac 06       		.uleb128 0x6
 622 02ad 8C000000 		.4byte	0x8c
 623 02b1 13       		.uleb128 0x13
 624 02b2 D2000000 		.4byte	0xd2
 625 02b6 C2020000 		.4byte	0x2c2
 626 02ba 14       		.uleb128 0x14
 627 02bb CB000000 		.4byte	0xcb
 628 02bf FF01     		.2byte	0x1ff
 629 02c1 00       		.byte	0
 630 02c2 15       		.uleb128 0x15
 631 02c3 C4020000 		.4byte	.LASF28
 632 02c7 01       		.byte	0x1
 633 02c8 08       		.byte	0x8
 634 02c9 D3020000 		.4byte	0x2d3
 635 02cd 05       		.uleb128 0x5
 636 02ce 03       		.byte	0x3
 637 02cf 00000000 		.4byte	adcBuffer
 638 02d3 06       		.uleb128 0x6
 639 02d4 B1020000 		.4byte	0x2b1
 640 02d8 15       		.uleb128 0x15
 641 02d9 00000000 		.4byte	.LASF29
 642 02dd 01       		.byte	0x1
 643 02de 09       		.byte	0x9
 644 02df E9020000 		.4byte	0x2e9
 645 02e3 05       		.uleb128 0x5
 646 02e4 03       		.byte	0x3
 647 02e5 00000000 		.4byte	bufferIndex
 648 02e9 06       		.uleb128 0x6
 649 02ea 73000000 		.4byte	0x73
 650 02ee 16       		.uleb128 0x16
 651 02ef 3A020000 		.4byte	.LASF30
 652 02f3 3A020000 		.4byte	.LASF30
 653 02f7 06       		.byte	0x6
 654 02f8 3A       		.byte	0x3a
 655 02f9 16       		.uleb128 0x16
 656 02fa CE020000 		.4byte	.LASF31
 657 02fe CE020000 		.4byte	.LASF31
 658 0302 06       		.byte	0x6
 659 0303 3D       		.byte	0x3d
 660 0304 16       		.uleb128 0x16
 661 0305 D5010000 		.4byte	.LASF32
 662 0309 D5010000 		.4byte	.LASF32
 663 030d 07       		.byte	0x7
ARM GAS  C:\Users\mikai\AppData\Local\Temp\ccRRgJdd.s 			page 14


 664 030e 46       		.byte	0x46
 665 030f 16       		.uleb128 0x16
 666 0310 93010000 		.4byte	.LASF33
 667 0314 93010000 		.4byte	.LASF33
 668 0318 06       		.byte	0x6
 669 0319 3F       		.byte	0x3f
 670 031a 16       		.uleb128 0x16
 671 031b 21020000 		.4byte	.LASF34
 672 031f 21020000 		.4byte	.LASF34
 673 0323 06       		.byte	0x6
 674 0324 41       		.byte	0x41
 675 0325 16       		.uleb128 0x16
 676 0326 79020000 		.4byte	.LASF35
 677 032a 79020000 		.4byte	.LASF35
 678 032e 07       		.byte	0x7
 679 032f 4E       		.byte	0x4e
 680 0330 16       		.uleb128 0x16
 681 0331 FE020000 		.4byte	.LASF36
 682 0335 FE020000 		.4byte	.LASF36
 683 0339 07       		.byte	0x7
 684 033a 50       		.byte	0x50
 685 033b 16       		.uleb128 0x16
 686 033c 28000000 		.4byte	.LASF37
 687 0340 28000000 		.4byte	.LASF37
 688 0344 08       		.byte	0x8
 689 0345 26       		.byte	0x26
 690 0346 16       		.uleb128 0x16
 691 0347 11030000 		.4byte	.LASF38
 692 034b 11030000 		.4byte	.LASF38
 693 034f 09       		.byte	0x9
 694 0350 76       		.byte	0x76
 695 0351 00       		.byte	0
 696              		.section	.debug_abbrev,"",%progbits
 697              	.Ldebug_abbrev0:
 698 0000 01       		.uleb128 0x1
 699 0001 11       		.uleb128 0x11
 700 0002 01       		.byte	0x1
 701 0003 25       		.uleb128 0x25
 702 0004 0E       		.uleb128 0xe
 703 0005 13       		.uleb128 0x13
 704 0006 0B       		.uleb128 0xb
 705 0007 03       		.uleb128 0x3
 706 0008 0E       		.uleb128 0xe
 707 0009 1B       		.uleb128 0x1b
 708 000a 0E       		.uleb128 0xe
 709 000b 55       		.uleb128 0x55
 710 000c 17       		.uleb128 0x17
 711 000d 11       		.uleb128 0x11
 712 000e 01       		.uleb128 0x1
 713 000f 10       		.uleb128 0x10
 714 0010 17       		.uleb128 0x17
 715 0011 00       		.byte	0
 716 0012 00       		.byte	0
 717 0013 02       		.uleb128 0x2
 718 0014 24       		.uleb128 0x24
 719 0015 00       		.byte	0
 720 0016 0B       		.uleb128 0xb
ARM GAS  C:\Users\mikai\AppData\Local\Temp\ccRRgJdd.s 			page 15


 721 0017 0B       		.uleb128 0xb
 722 0018 3E       		.uleb128 0x3e
 723 0019 0B       		.uleb128 0xb
 724 001a 03       		.uleb128 0x3
 725 001b 0E       		.uleb128 0xe
 726 001c 00       		.byte	0
 727 001d 00       		.byte	0
 728 001e 03       		.uleb128 0x3
 729 001f 16       		.uleb128 0x16
 730 0020 00       		.byte	0
 731 0021 03       		.uleb128 0x3
 732 0022 0E       		.uleb128 0xe
 733 0023 3A       		.uleb128 0x3a
 734 0024 0B       		.uleb128 0xb
 735 0025 3B       		.uleb128 0x3b
 736 0026 0B       		.uleb128 0xb
 737 0027 49       		.uleb128 0x49
 738 0028 13       		.uleb128 0x13
 739 0029 00       		.byte	0
 740 002a 00       		.byte	0
 741 002b 04       		.uleb128 0x4
 742 002c 24       		.uleb128 0x24
 743 002d 00       		.byte	0
 744 002e 0B       		.uleb128 0xb
 745 002f 0B       		.uleb128 0xb
 746 0030 3E       		.uleb128 0x3e
 747 0031 0B       		.uleb128 0xb
 748 0032 03       		.uleb128 0x3
 749 0033 08       		.uleb128 0x8
 750 0034 00       		.byte	0
 751 0035 00       		.byte	0
 752 0036 05       		.uleb128 0x5
 753 0037 16       		.uleb128 0x16
 754 0038 00       		.byte	0
 755 0039 03       		.uleb128 0x3
 756 003a 0E       		.uleb128 0xe
 757 003b 3A       		.uleb128 0x3a
 758 003c 0B       		.uleb128 0xb
 759 003d 3B       		.uleb128 0x3b
 760 003e 05       		.uleb128 0x5
 761 003f 49       		.uleb128 0x49
 762 0040 13       		.uleb128 0x13
 763 0041 00       		.byte	0
 764 0042 00       		.byte	0
 765 0043 06       		.uleb128 0x6
 766 0044 35       		.uleb128 0x35
 767 0045 00       		.byte	0
 768 0046 49       		.uleb128 0x49
 769 0047 13       		.uleb128 0x13
 770 0048 00       		.byte	0
 771 0049 00       		.byte	0
 772 004a 07       		.uleb128 0x7
 773 004b 2E       		.uleb128 0x2e
 774 004c 01       		.byte	0x1
 775 004d 3F       		.uleb128 0x3f
 776 004e 19       		.uleb128 0x19
 777 004f 03       		.uleb128 0x3
ARM GAS  C:\Users\mikai\AppData\Local\Temp\ccRRgJdd.s 			page 16


 778 0050 0E       		.uleb128 0xe
 779 0051 3A       		.uleb128 0x3a
 780 0052 0B       		.uleb128 0xb
 781 0053 3B       		.uleb128 0x3b
 782 0054 0B       		.uleb128 0xb
 783 0055 27       		.uleb128 0x27
 784 0056 19       		.uleb128 0x19
 785 0057 11       		.uleb128 0x11
 786 0058 01       		.uleb128 0x1
 787 0059 12       		.uleb128 0x12
 788 005a 06       		.uleb128 0x6
 789 005b 40       		.uleb128 0x40
 790 005c 18       		.uleb128 0x18
 791 005d 9742     		.uleb128 0x2117
 792 005f 19       		.uleb128 0x19
 793 0060 01       		.uleb128 0x1
 794 0061 13       		.uleb128 0x13
 795 0062 00       		.byte	0
 796 0063 00       		.byte	0
 797 0064 08       		.uleb128 0x8
 798 0065 898201   		.uleb128 0x4109
 799 0068 00       		.byte	0
 800 0069 11       		.uleb128 0x11
 801 006a 01       		.uleb128 0x1
 802 006b 31       		.uleb128 0x31
 803 006c 13       		.uleb128 0x13
 804 006d 00       		.byte	0
 805 006e 00       		.byte	0
 806 006f 09       		.uleb128 0x9
 807 0070 2E       		.uleb128 0x2e
 808 0071 01       		.byte	0x1
 809 0072 3F       		.uleb128 0x3f
 810 0073 19       		.uleb128 0x19
 811 0074 03       		.uleb128 0x3
 812 0075 0E       		.uleb128 0xe
 813 0076 3A       		.uleb128 0x3a
 814 0077 0B       		.uleb128 0xb
 815 0078 3B       		.uleb128 0x3b
 816 0079 0B       		.uleb128 0xb
 817 007a 27       		.uleb128 0x27
 818 007b 19       		.uleb128 0x19
 819 007c 49       		.uleb128 0x49
 820 007d 13       		.uleb128 0x13
 821 007e 11       		.uleb128 0x11
 822 007f 01       		.uleb128 0x1
 823 0080 12       		.uleb128 0x12
 824 0081 06       		.uleb128 0x6
 825 0082 40       		.uleb128 0x40
 826 0083 18       		.uleb128 0x18
 827 0084 9742     		.uleb128 0x2117
 828 0086 19       		.uleb128 0x19
 829 0087 01       		.uleb128 0x1
 830 0088 13       		.uleb128 0x13
 831 0089 00       		.byte	0
 832 008a 00       		.byte	0
 833 008b 0A       		.uleb128 0xa
 834 008c 898201   		.uleb128 0x4109
ARM GAS  C:\Users\mikai\AppData\Local\Temp\ccRRgJdd.s 			page 17


 835 008f 01       		.byte	0x1
 836 0090 11       		.uleb128 0x11
 837 0091 01       		.uleb128 0x1
 838 0092 31       		.uleb128 0x31
 839 0093 13       		.uleb128 0x13
 840 0094 01       		.uleb128 0x1
 841 0095 13       		.uleb128 0x13
 842 0096 00       		.byte	0
 843 0097 00       		.byte	0
 844 0098 0B       		.uleb128 0xb
 845 0099 8A8201   		.uleb128 0x410a
 846 009c 00       		.byte	0
 847 009d 02       		.uleb128 0x2
 848 009e 18       		.uleb128 0x18
 849 009f 9142     		.uleb128 0x2111
 850 00a1 18       		.uleb128 0x18
 851 00a2 00       		.byte	0
 852 00a3 00       		.byte	0
 853 00a4 0C       		.uleb128 0xc
 854 00a5 05       		.uleb128 0x5
 855 00a6 00       		.byte	0
 856 00a7 03       		.uleb128 0x3
 857 00a8 0E       		.uleb128 0xe
 858 00a9 3A       		.uleb128 0x3a
 859 00aa 0B       		.uleb128 0xb
 860 00ab 3B       		.uleb128 0x3b
 861 00ac 0B       		.uleb128 0xb
 862 00ad 49       		.uleb128 0x49
 863 00ae 13       		.uleb128 0x13
 864 00af 02       		.uleb128 0x2
 865 00b0 17       		.uleb128 0x17
 866 00b1 00       		.byte	0
 867 00b2 00       		.byte	0
 868 00b3 0D       		.uleb128 0xd
 869 00b4 34       		.uleb128 0x34
 870 00b5 00       		.byte	0
 871 00b6 03       		.uleb128 0x3
 872 00b7 0E       		.uleb128 0xe
 873 00b8 3A       		.uleb128 0x3a
 874 00b9 0B       		.uleb128 0xb
 875 00ba 3B       		.uleb128 0x3b
 876 00bb 0B       		.uleb128 0xb
 877 00bc 49       		.uleb128 0x49
 878 00bd 13       		.uleb128 0x13
 879 00be 02       		.uleb128 0x2
 880 00bf 17       		.uleb128 0x17
 881 00c0 00       		.byte	0
 882 00c1 00       		.byte	0
 883 00c2 0E       		.uleb128 0xe
 884 00c3 898201   		.uleb128 0x4109
 885 00c6 01       		.byte	0x1
 886 00c7 11       		.uleb128 0x11
 887 00c8 01       		.uleb128 0x1
 888 00c9 31       		.uleb128 0x31
 889 00ca 13       		.uleb128 0x13
 890 00cb 00       		.byte	0
 891 00cc 00       		.byte	0
ARM GAS  C:\Users\mikai\AppData\Local\Temp\ccRRgJdd.s 			page 18


 892 00cd 0F       		.uleb128 0xf
 893 00ce 2E       		.uleb128 0x2e
 894 00cf 01       		.byte	0x1
 895 00d0 3F       		.uleb128 0x3f
 896 00d1 19       		.uleb128 0x19
 897 00d2 03       		.uleb128 0x3
 898 00d3 0E       		.uleb128 0xe
 899 00d4 3A       		.uleb128 0x3a
 900 00d5 0B       		.uleb128 0xb
 901 00d6 3B       		.uleb128 0x3b
 902 00d7 0B       		.uleb128 0xb
 903 00d8 27       		.uleb128 0x27
 904 00d9 19       		.uleb128 0x19
 905 00da 49       		.uleb128 0x49
 906 00db 13       		.uleb128 0x13
 907 00dc 8701     		.uleb128 0x87
 908 00de 19       		.uleb128 0x19
 909 00df 11       		.uleb128 0x11
 910 00e0 01       		.uleb128 0x1
 911 00e1 12       		.uleb128 0x12
 912 00e2 06       		.uleb128 0x6
 913 00e3 40       		.uleb128 0x40
 914 00e4 18       		.uleb128 0x18
 915 00e5 9742     		.uleb128 0x2117
 916 00e7 19       		.uleb128 0x19
 917 00e8 01       		.uleb128 0x1
 918 00e9 13       		.uleb128 0x13
 919 00ea 00       		.byte	0
 920 00eb 00       		.byte	0
 921 00ec 10       		.uleb128 0x10
 922 00ed 0B       		.uleb128 0xb
 923 00ee 01       		.byte	0x1
 924 00ef 11       		.uleb128 0x11
 925 00f0 01       		.uleb128 0x1
 926 00f1 12       		.uleb128 0x12
 927 00f2 06       		.uleb128 0x6
 928 00f3 01       		.uleb128 0x1
 929 00f4 13       		.uleb128 0x13
 930 00f5 00       		.byte	0
 931 00f6 00       		.byte	0
 932 00f7 11       		.uleb128 0x11
 933 00f8 34       		.uleb128 0x34
 934 00f9 00       		.byte	0
 935 00fa 03       		.uleb128 0x3
 936 00fb 08       		.uleb128 0x8
 937 00fc 3A       		.uleb128 0x3a
 938 00fd 0B       		.uleb128 0xb
 939 00fe 3B       		.uleb128 0x3b
 940 00ff 0B       		.uleb128 0xb
 941 0100 49       		.uleb128 0x49
 942 0101 13       		.uleb128 0x13
 943 0102 02       		.uleb128 0x2
 944 0103 17       		.uleb128 0x17
 945 0104 00       		.byte	0
 946 0105 00       		.byte	0
 947 0106 12       		.uleb128 0x12
 948 0107 34       		.uleb128 0x34
ARM GAS  C:\Users\mikai\AppData\Local\Temp\ccRRgJdd.s 			page 19


 949 0108 00       		.byte	0
 950 0109 03       		.uleb128 0x3
 951 010a 0E       		.uleb128 0xe
 952 010b 3A       		.uleb128 0x3a
 953 010c 0B       		.uleb128 0xb
 954 010d 3B       		.uleb128 0x3b
 955 010e 05       		.uleb128 0x5
 956 010f 49       		.uleb128 0x49
 957 0110 13       		.uleb128 0x13
 958 0111 3F       		.uleb128 0x3f
 959 0112 19       		.uleb128 0x19
 960 0113 3C       		.uleb128 0x3c
 961 0114 19       		.uleb128 0x19
 962 0115 00       		.byte	0
 963 0116 00       		.byte	0
 964 0117 13       		.uleb128 0x13
 965 0118 01       		.uleb128 0x1
 966 0119 01       		.byte	0x1
 967 011a 49       		.uleb128 0x49
 968 011b 13       		.uleb128 0x13
 969 011c 01       		.uleb128 0x1
 970 011d 13       		.uleb128 0x13
 971 011e 00       		.byte	0
 972 011f 00       		.byte	0
 973 0120 14       		.uleb128 0x14
 974 0121 21       		.uleb128 0x21
 975 0122 00       		.byte	0
 976 0123 49       		.uleb128 0x49
 977 0124 13       		.uleb128 0x13
 978 0125 2F       		.uleb128 0x2f
 979 0126 05       		.uleb128 0x5
 980 0127 00       		.byte	0
 981 0128 00       		.byte	0
 982 0129 15       		.uleb128 0x15
 983 012a 34       		.uleb128 0x34
 984 012b 00       		.byte	0
 985 012c 03       		.uleb128 0x3
 986 012d 0E       		.uleb128 0xe
 987 012e 3A       		.uleb128 0x3a
 988 012f 0B       		.uleb128 0xb
 989 0130 3B       		.uleb128 0x3b
 990 0131 0B       		.uleb128 0xb
 991 0132 49       		.uleb128 0x49
 992 0133 13       		.uleb128 0x13
 993 0134 3F       		.uleb128 0x3f
 994 0135 19       		.uleb128 0x19
 995 0136 02       		.uleb128 0x2
 996 0137 18       		.uleb128 0x18
 997 0138 00       		.byte	0
 998 0139 00       		.byte	0
 999 013a 16       		.uleb128 0x16
 1000 013b 2E       		.uleb128 0x2e
 1001 013c 00       		.byte	0
 1002 013d 3F       		.uleb128 0x3f
 1003 013e 19       		.uleb128 0x19
 1004 013f 3C       		.uleb128 0x3c
 1005 0140 19       		.uleb128 0x19
ARM GAS  C:\Users\mikai\AppData\Local\Temp\ccRRgJdd.s 			page 20


 1006 0141 6E       		.uleb128 0x6e
 1007 0142 0E       		.uleb128 0xe
 1008 0143 03       		.uleb128 0x3
 1009 0144 0E       		.uleb128 0xe
 1010 0145 3A       		.uleb128 0x3a
 1011 0146 0B       		.uleb128 0xb
 1012 0147 3B       		.uleb128 0x3b
 1013 0148 0B       		.uleb128 0xb
 1014 0149 00       		.byte	0
 1015 014a 00       		.byte	0
 1016 014b 00       		.byte	0
 1017              		.section	.debug_loc,"",%progbits
 1018              	.Ldebug_loc0:
 1019              	.LLST0:
 1020 0000 00000000 		.4byte	.LVL5
 1021 0004 04000000 		.4byte	.LVL6
 1022 0008 0100     		.2byte	0x1
 1023 000a 50       		.byte	0x50
 1024 000b 04000000 		.4byte	.LVL6
 1025 000f 28000000 		.4byte	.LFE67
 1026 0013 0400     		.2byte	0x4
 1027 0015 F3       		.byte	0xf3
 1028 0016 01       		.uleb128 0x1
 1029 0017 50       		.byte	0x50
 1030 0018 9F       		.byte	0x9f
 1031 0019 00000000 		.4byte	0
 1032 001d 00000000 		.4byte	0
 1033              	.LLST1:
 1034 0021 08000000 		.4byte	.LVL11
 1035 0025 0F000000 		.4byte	.LVL12-1
 1036 0029 0600     		.2byte	0x6
 1037 002b 70       		.byte	0x70
 1038 002c 00       		.sleb128 0
 1039 002d 08       		.byte	0x8
 1040 002e FF       		.byte	0xff
 1041 002f 1A       		.byte	0x1a
 1042 0030 9F       		.byte	0x9f
 1043 0031 12000000 		.4byte	.LVL13
 1044 0035 14000000 		.4byte	.LVL14
 1045 0039 0600     		.2byte	0x6
 1046 003b 70       		.byte	0x70
 1047 003c 00       		.sleb128 0
 1048 003d 08       		.byte	0x8
 1049 003e FF       		.byte	0xff
 1050 003f 1A       		.byte	0x1a
 1051 0040 9F       		.byte	0x9f
 1052 0041 00000000 		.4byte	0
 1053 0045 00000000 		.4byte	0
 1054              	.LLST2:
 1055 0049 32000000 		.4byte	.LVL22
 1056 004d 36000000 		.4byte	.LVL23
 1057 0051 0200     		.2byte	0x2
 1058 0053 30       		.byte	0x30
 1059 0054 9F       		.byte	0x9f
 1060 0055 36000000 		.4byte	.LVL23
 1061 0059 5C000000 		.4byte	.LFE70
 1062 005d 0100     		.2byte	0x1
ARM GAS  C:\Users\mikai\AppData\Local\Temp\ccRRgJdd.s 			page 21


 1063 005f 54       		.byte	0x54
 1064 0060 00000000 		.4byte	0
 1065 0064 00000000 		.4byte	0
 1066              		.section	.debug_aranges,"",%progbits
 1067 0000 4C000000 		.4byte	0x4c
 1068 0004 0200     		.2byte	0x2
 1069 0006 00000000 		.4byte	.Ldebug_info0
 1070 000a 04       		.byte	0x4
 1071 000b 00       		.byte	0
 1072 000c 0000     		.2byte	0
 1073 000e 0000     		.2byte	0
 1074 0010 00000000 		.4byte	.LFB64
 1075 0014 0C000000 		.4byte	.LFE64-.LFB64
 1076 0018 00000000 		.4byte	.LFB65
 1077 001c 08000000 		.4byte	.LFE65-.LFB65
 1078 0020 00000000 		.4byte	.LFB66
 1079 0024 10000000 		.4byte	.LFE66-.LFB66
 1080 0028 00000000 		.4byte	.LFB67
 1081 002c 28000000 		.4byte	.LFE67-.LFB67
 1082 0030 00000000 		.4byte	.LFB68
 1083 0034 1A000000 		.4byte	.LFE68-.LFB68
 1084 0038 00000000 		.4byte	.LFB69
 1085 003c 12000000 		.4byte	.LFE69-.LFB69
 1086 0040 00000000 		.4byte	.LFB70
 1087 0044 5C000000 		.4byte	.LFE70-.LFB70
 1088 0048 00000000 		.4byte	0
 1089 004c 00000000 		.4byte	0
 1090              		.section	.debug_ranges,"",%progbits
 1091              	.Ldebug_ranges0:
 1092 0000 00000000 		.4byte	.LFB64
 1093 0004 0C000000 		.4byte	.LFE64
 1094 0008 00000000 		.4byte	.LFB65
 1095 000c 08000000 		.4byte	.LFE65
 1096 0010 00000000 		.4byte	.LFB66
 1097 0014 10000000 		.4byte	.LFE66
 1098 0018 00000000 		.4byte	.LFB67
 1099 001c 28000000 		.4byte	.LFE67
 1100 0020 00000000 		.4byte	.LFB68
 1101 0024 1A000000 		.4byte	.LFE68
 1102 0028 00000000 		.4byte	.LFB69
 1103 002c 12000000 		.4byte	.LFE69
 1104 0030 00000000 		.4byte	.LFB70
 1105 0034 5C000000 		.4byte	.LFE70
 1106 0038 00000000 		.4byte	0
 1107 003c 00000000 		.4byte	0
 1108              		.section	.debug_line,"",%progbits
 1109              	.Ldebug_line0:
 1110 0000 1B020000 		.section	.debug_str,"MS",%progbits,1
 1110      02008101 
 1110      00000201 
 1110      FB0E0D00 
 1110      01010101 
 1111              	.LASF29:
 1112 0000 62756666 		.ascii	"bufferIndex\000"
 1112      6572496E 
 1112      64657800 
 1113              	.LASF23:
ARM GAS  C:\Users\mikai\AppData\Local\Temp\ccRRgJdd.s 			page 22


 1114 000c 53656E64 		.ascii	"SendSPI\000"
 1114      53504900 
 1115              	.LASF25:
 1116 0014 53656E64 		.ascii	"SendHandshakeSignal\000"
 1116      48616E64 
 1116      7368616B 
 1116      65536967 
 1116      6E616C00 
 1117              	.LASF37:
 1118 0028 4C45445F 		.ascii	"LED_Write\000"
 1118      57726974 
 1118      6500
 1119              	.LASF41:
 1120 0032 433A5C55 		.ascii	"C:\\Users\\mikai\\OneDrive - Aarhus universitet\\3."
 1120      73657273 
 1120      5C6D696B 
 1120      61695C4F 
 1120      6E654472 
 1121 0061 2053656D 		.ascii	" Semester\\Projekt 3 - Karaoke Maskinen\\Syng_og_Sa"
 1121      65737465 
 1121      725C5072 
 1121      6F6A656B 
 1121      74203320 
 1122 0092 6D6D656E 		.ascii	"mmenlign\\PRJ3\\AMK\\BANAN.cydsn\000"
 1122      6C69676E 
 1122      5C50524A 
 1122      335C414D 
 1122      4B5C4241 
 1123              	.LASF5:
 1124 00b0 5F5F696E 		.ascii	"__int32_t\000"
 1124      7433325F 
 1124      7400
 1125              	.LASF6:
 1126 00ba 6C6F6E67 		.ascii	"long int\000"
 1126      20696E74 
 1126      00
 1127              	.LASF22:
 1128 00c3 52656164 		.ascii	"ReadADC\000"
 1128      41444300 
 1129              	.LASF13:
 1130 00cb 75696E74 		.ascii	"uint8\000"
 1130      3800
 1131              	.LASF26:
 1132 00d1 73746174 		.ascii	"status\000"
 1132      757300
 1133              	.LASF21:
 1134 00d8 496E6974 		.ascii	"InitSPI\000"
 1134      53504900 
 1135              	.LASF15:
 1136 00e0 666C6F61 		.ascii	"float\000"
 1136      7400
 1137              	.LASF42:
 1138 00e6 64617461 		.ascii	"data\000"
 1138      00
 1139              	.LASF0:
 1140 00eb 7369676E 		.ascii	"signed char\000"
 1140      65642063 
ARM GAS  C:\Users\mikai\AppData\Local\Temp\ccRRgJdd.s 			page 23


 1140      68617200 
 1141              	.LASF1:
 1142 00f7 756E7369 		.ascii	"unsigned char\000"
 1142      676E6564 
 1142      20636861 
 1142      7200
 1143              	.LASF39:
 1144 0105 474E5520 		.ascii	"GNU C11 5.4.1 20160609 (release) [ARM/embedded-5-br"
 1144      43313120 
 1144      352E342E 
 1144      31203230 
 1144      31363036 
 1145 0138 616E6368 		.ascii	"anch revision 237715] -mcpu=cortex-m3 -mthumb -g -O"
 1145      20726576 
 1145      6973696F 
 1145      6E203233 
 1145      37373135 
 1146 016b 67202D66 		.ascii	"g -ffunction-sections -ffat-lto-objects\000"
 1146      66756E63 
 1146      74696F6E 
 1146      2D736563 
 1146      74696F6E 
 1147              	.LASF33:
 1148 0193 4144435F 		.ascii	"ADC_DelSig_1_IsEndConversion\000"
 1148      44656C53 
 1148      69675F31 
 1148      5F497345 
 1148      6E64436F 
 1149              	.LASF7:
 1150 01b0 6C6F6E67 		.ascii	"long unsigned int\000"
 1150      20756E73 
 1150      69676E65 
 1150      6420696E 
 1150      7400
 1151              	.LASF3:
 1152 01c2 73686F72 		.ascii	"short unsigned int\000"
 1152      7420756E 
 1152      7369676E 
 1152      65642069 
 1152      6E7400
 1153              	.LASF32:
 1154 01d5 53504953 		.ascii	"SPIS_1_Start\000"
 1154      5F315F53 
 1154      74617274 
 1154      00
 1155              	.LASF24:
 1156 01e2 48616E64 		.ascii	"HandleADCConversion\000"
 1156      6C654144 
 1156      43436F6E 
 1156      76657273 
 1156      696F6E00 
 1157              	.LASF27:
 1158 01f6 49544D5F 		.ascii	"ITM_RxBuffer\000"
 1158      52784275 
 1158      66666572 
 1158      00
 1159              	.LASF4:
ARM GAS  C:\Users\mikai\AppData\Local\Temp\ccRRgJdd.s 			page 24


 1160 0203 5F5F7569 		.ascii	"__uint16_t\000"
 1160      6E743136 
 1160      5F7400
 1161              	.LASF16:
 1162 020e 646F7562 		.ascii	"double\000"
 1162      6C6500
 1163              	.LASF43:
 1164 0215 6D61696E 		.ascii	"main\000"
 1164      00
 1165              	.LASF14:
 1166 021a 75696E74 		.ascii	"uint32\000"
 1166      333200
 1167              	.LASF34:
 1168 0221 4144435F 		.ascii	"ADC_DelSig_1_GetResult16\000"
 1168      44656C53 
 1168      69675F31 
 1168      5F476574 
 1168      52657375 
 1169              	.LASF30:
 1170 023a 4144435F 		.ascii	"ADC_DelSig_1_Start\000"
 1170      44656C53 
 1170      69675F31 
 1170      5F537461 
 1170      727400
 1171              	.LASF10:
 1172 024d 756E7369 		.ascii	"unsigned int\000"
 1172      676E6564 
 1172      20696E74 
 1172      00
 1173              	.LASF9:
 1174 025a 6C6F6E67 		.ascii	"long long unsigned int\000"
 1174      206C6F6E 
 1174      6720756E 
 1174      7369676E 
 1174      65642069 
 1175              	.LASF20:
 1176 0271 496E6974 		.ascii	"InitADC\000"
 1176      41444300 
 1177              	.LASF35:
 1178 0279 53504953 		.ascii	"SPIS_1_ReadTxStatus\000"
 1178      5F315F52 
 1178      65616454 
 1178      78537461 
 1178      74757300 
 1179              	.LASF12:
 1180 028d 696E7433 		.ascii	"int32_t\000"
 1180      325F7400 
 1181              	.LASF19:
 1182 0295 73697A65 		.ascii	"sizetype\000"
 1182      74797065 
 1182      00
 1183              	.LASF8:
 1184 029e 6C6F6E67 		.ascii	"long long int\000"
 1184      206C6F6E 
 1184      6720696E 
 1184      7400
 1185              	.LASF17:
ARM GAS  C:\Users\mikai\AppData\Local\Temp\ccRRgJdd.s 			page 25


 1186 02ac 63686172 		.ascii	"char\000"
 1186      00
 1187              	.LASF2:
 1188 02b1 73686F72 		.ascii	"short int\000"
 1188      7420696E 
 1188      7400
 1189              	.LASF11:
 1190 02bb 75696E74 		.ascii	"uint16_t\000"
 1190      31365F74 
 1190      00
 1191              	.LASF28:
 1192 02c4 61646342 		.ascii	"adcBuffer\000"
 1192      75666665 
 1192      7200
 1193              	.LASF31:
 1194 02ce 4144435F 		.ascii	"ADC_DelSig_1_StartConvert\000"
 1194      44656C53 
 1194      69675F31 
 1194      5F537461 
 1194      7274436F 
 1195              	.LASF18:
 1196 02e8 6C6F6E67 		.ascii	"long double\000"
 1196      20646F75 
 1196      626C6500 
 1197              	.LASF40:
 1198 02f4 5265616C 		.ascii	"RealOne.c\000"
 1198      4F6E652E 
 1198      6300
 1199              	.LASF36:
 1200 02fe 53504953 		.ascii	"SPIS_1_WriteTxData\000"
 1200      5F315F57 
 1200      72697465 
 1200      54784461 
 1200      746100
 1201              	.LASF38:
 1202 0311 43794465 		.ascii	"CyDelay\000"
 1202      6C617900 
 1203              		.ident	"GCC: (GNU Tools for ARM Embedded Processors) 5.4.1 20160609 (release) [ARM/embedded-5-bran
