ARM GAS  C:\Users\mikai\AppData\Local\Temp\ccfuXtyp.s 			page 1


   1              		.syntax unified
   2              		.cpu cortex-m3
   3              		.fpu softvfp
   4              		.eabi_attribute 20, 1
   5              		.eabi_attribute 21, 1
   6              		.eabi_attribute 23, 3
   7              		.eabi_attribute 24, 1
   8              		.eabi_attribute 25, 1
   9              		.eabi_attribute 26, 1
  10              		.eabi_attribute 30, 1
  11              		.eabi_attribute 34, 1
  12              		.eabi_attribute 18, 4
  13              		.thumb
  14              		.syntax unified
  15              		.file	"adc.c"
  16              		.text
  17              	.Ltext0:
  18              		.cfi_sections	.debug_frame
  19              		.section	.text.InitADC,"ax",%progbits
  20              		.align	2
  21              		.global	InitADC
  22              		.thumb
  23              		.thumb_func
  24              		.type	InitADC, %function
  25              	InitADC:
  26              	.LFB63:
  27              		.file 1 "adc.c"
   1:adc.c         **** /* ========================================
   2:adc.c         ****  *
   3:adc.c         ****  * Copyright YOUR COMPANY, THE YEAR
   4:adc.c         ****  * All Rights Reserved
   5:adc.c         ****  * UNPUBLISHED, LICENSED SOFTWARE.
   6:adc.c         ****  *
   7:adc.c         ****  * CONFIDENTIAL AND PROPRIETARY INFORMATION
   8:adc.c         ****  * WHICH IS THE PROPERTY OF your company.
   9:adc.c         ****  *
  10:adc.c         ****  * ========================================
  11:adc.c         **** */
  12:adc.c         **** 
  13:adc.c         **** #include "adc.h"
  14:adc.c         **** 
  15:adc.c         **** // Initialiserer ADC
  16:adc.c         **** void InitADC(void) { 
  28              		.loc 1 16 0
  29              		.cfi_startproc
  30              		@ args = 0, pretend = 0, frame = 0
  31              		@ frame_needed = 0, uses_anonymous_args = 0
  32 0000 08B5     		push	{r3, lr}
  33              		.cfi_def_cfa_offset 8
  34              		.cfi_offset 3, -8
  35              		.cfi_offset 14, -4
  17:adc.c         ****     ADC_DelSig_1_Start();        // Starter ADC
  36              		.loc 1 17 0
  37 0002 FFF7FEFF 		bl	ADC_DelSig_1_Start
  38              	.LVL0:
  18:adc.c         ****     ADC_DelSig_1_StartConvert(); // Starter konvertering
  39              		.loc 1 18 0
ARM GAS  C:\Users\mikai\AppData\Local\Temp\ccfuXtyp.s 			page 2


  40 0006 FFF7FEFF 		bl	ADC_DelSig_1_StartConvert
  41              	.LVL1:
  42 000a 08BD     		pop	{r3, pc}
  43              		.cfi_endproc
  44              	.LFE63:
  45              		.size	InitADC, .-InitADC
  46              		.section	.text.ReadADC,"ax",%progbits
  47              		.align	2
  48              		.global	ReadADC
  49              		.thumb
  50              		.thumb_func
  51              		.type	ReadADC, %function
  52              	ReadADC:
  53              	.LFB64:
  19:adc.c         **** }
  20:adc.c         **** 
  21:adc.c         **** // Læser data fra ADC
  22:adc.c         **** uint16_t ReadADC(void) {
  54              		.loc 1 22 0
  55              		.cfi_startproc
  56              		@ args = 0, pretend = 0, frame = 0
  57              		@ frame_needed = 0, uses_anonymous_args = 0
  58 0000 08B5     		push	{r3, lr}
  59              		.cfi_def_cfa_offset 8
  60              		.cfi_offset 3, -8
  61              		.cfi_offset 14, -4
  23:adc.c         ****     ADC_DelSig_1_IsEndConversion(ADC_DelSig_1_WAIT_FOR_RESULT); // Venter på konvertering
  62              		.loc 1 23 0
  63 0002 0020     		movs	r0, #0
  64 0004 FFF7FEFF 		bl	ADC_DelSig_1_IsEndConversion
  65              	.LVL2:
  24:adc.c         ****     return ADC_DelSig_1_GetResult16();                          // Returnerer resultat
  66              		.loc 1 24 0
  67 0008 FFF7FEFF 		bl	ADC_DelSig_1_GetResult16
  68              	.LVL3:
  25:adc.c         **** }
  69              		.loc 1 25 0
  70 000c 80B2     		uxth	r0, r0
  71 000e 08BD     		pop	{r3, pc}
  72              		.cfi_endproc
  73              	.LFE64:
  74              		.size	ReadADC, .-ReadADC
  75              		.section	.text.HandleADCConversion,"ax",%progbits
  76              		.align	2
  77              		.global	HandleADCConversion
  78              		.thumb
  79              		.thumb_func
  80              		.type	HandleADCConversion, %function
  81              	HandleADCConversion:
  82              	.LFB65:
  26:adc.c         **** 
  27:adc.c         **** // Håndterer ADC konvertering
  28:adc.c         **** void HandleADCConversion(void) {
  83              		.loc 1 28 0
  84              		.cfi_startproc
  85              		@ args = 0, pretend = 0, frame = 0
  86              		@ frame_needed = 0, uses_anonymous_args = 0
ARM GAS  C:\Users\mikai\AppData\Local\Temp\ccfuXtyp.s 			page 3


  87 0000 08B5     		push	{r3, lr}
  88              		.cfi_def_cfa_offset 8
  89              		.cfi_offset 3, -8
  90              		.cfi_offset 14, -4
  29:adc.c         ****     uint32 status = ADC_DelSig_1_IsEndConversion(ADC_DelSig_1_RETURN_STATUS); // Tjekker status på
  91              		.loc 1 29 0
  92 0002 0120     		movs	r0, #1
  93 0004 FFF7FEFF 		bl	ADC_DelSig_1_IsEndConversion
  94              	.LVL4:
  30:adc.c         ****     if (status == ADC_DelSig_1_RETURN_STATUS) {                               // Hvis succesfuld
  95              		.loc 1 30 0
  96 0008 0128     		cmp	r0, #1
  97 000a 02D1     		bne	.L6
  31:adc.c         ****         LED_Write(1);                                                         // Tænder LED ved su
  98              		.loc 1 31 0
  99 000c FFF7FEFF 		bl	LED_Write
 100              	.LVL5:
 101 0010 08BD     		pop	{r3, pc}
 102              	.LVL6:
 103              	.L6:
  32:adc.c         ****     } else {
  33:adc.c         ****         LED_Write(0);                                                         // Slukker LED hvis f
 104              		.loc 1 33 0
 105 0012 0020     		movs	r0, #0
 106              	.LVL7:
 107 0014 FFF7FEFF 		bl	LED_Write
 108              	.LVL8:
 109 0018 08BD     		pop	{r3, pc}
 110              		.cfi_endproc
 111              	.LFE65:
 112              		.size	HandleADCConversion, .-HandleADCConversion
 113 001a 00BF     		.text
 114              	.Letext0:
 115              		.file 2 "c:\\program files (x86)\\cypress\\psoc creator\\4.4\\psoc creator\\import\\gnu\\arm\\5.4.
 116              		.file 3 "c:\\program files (x86)\\cypress\\psoc creator\\4.4\\psoc creator\\import\\gnu\\arm\\5.4.
 117              		.file 4 "Generated_Source\\PSoC5/cytypes.h"
 118              		.file 5 "Generated_Source\\PSoC5/ADC_DelSig_1.h"
 119              		.file 6 "Generated_Source\\PSoC5/LED.h"
 120              		.file 7 "Generated_Source\\PSoC5/core_cm3.h"
 121              		.section	.debug_info,"",%progbits
 122              	.Ldebug_info0:
 123 0000 B9010000 		.4byte	0x1b9
 124 0004 0400     		.2byte	0x4
 125 0006 00000000 		.4byte	.Ldebug_abbrev0
 126 000a 04       		.byte	0x4
 127 000b 01       		.uleb128 0x1
 128 000c D8000000 		.4byte	.LASF26
 129 0010 0C       		.byte	0xc
 130 0011 AF000000 		.4byte	.LASF27
 131 0015 27000000 		.4byte	.LASF28
 132 0019 00000000 		.4byte	.Ldebug_ranges0+0
 133 001d 00000000 		.4byte	0
 134 0021 00000000 		.4byte	.Ldebug_line0
 135 0025 02       		.uleb128 0x2
 136 0026 01       		.byte	0x1
 137 0027 06       		.byte	0x6
 138 0028 83020000 		.4byte	.LASF0
ARM GAS  C:\Users\mikai\AppData\Local\Temp\ccfuXtyp.s 			page 4


 139 002c 02       		.uleb128 0x2
 140 002d 01       		.byte	0x1
 141 002e 08       		.byte	0x8
 142 002f CA000000 		.4byte	.LASF1
 143 0033 02       		.uleb128 0x2
 144 0034 02       		.byte	0x2
 145 0035 05       		.byte	0x5
 146 0036 41020000 		.4byte	.LASF2
 147 003a 03       		.uleb128 0x3
 148 003b AC010000 		.4byte	.LASF4
 149 003f 02       		.byte	0x2
 150 0040 2B       		.byte	0x2b
 151 0041 45000000 		.4byte	0x45
 152 0045 02       		.uleb128 0x2
 153 0046 02       		.byte	0x2
 154 0047 07       		.byte	0x7
 155 0048 78010000 		.4byte	.LASF3
 156 004c 03       		.uleb128 0x3
 157 004d A5000000 		.4byte	.LASF5
 158 0051 02       		.byte	0x2
 159 0052 3F       		.byte	0x3f
 160 0053 57000000 		.4byte	0x57
 161 0057 02       		.uleb128 0x2
 162 0058 04       		.byte	0x4
 163 0059 05       		.byte	0x5
 164 005a 54020000 		.4byte	.LASF6
 165 005e 02       		.uleb128 0x2
 166 005f 04       		.byte	0x4
 167 0060 07       		.byte	0x7
 168 0061 66010000 		.4byte	.LASF7
 169 0065 02       		.uleb128 0x2
 170 0066 08       		.byte	0x8
 171 0067 05       		.byte	0x5
 172 0068 2E020000 		.4byte	.LASF8
 173 006c 02       		.uleb128 0x2
 174 006d 08       		.byte	0x8
 175 006e 07       		.byte	0x7
 176 006f FE010000 		.4byte	.LASF9
 177 0073 04       		.uleb128 0x4
 178 0074 04       		.byte	0x4
 179 0075 05       		.byte	0x5
 180 0076 696E7400 		.ascii	"int\000"
 181 007a 02       		.uleb128 0x2
 182 007b 04       		.byte	0x4
 183 007c 07       		.byte	0x7
 184 007d F1010000 		.4byte	.LASF10
 185 0081 03       		.uleb128 0x3
 186 0082 4B020000 		.4byte	.LASF11
 187 0086 03       		.byte	0x3
 188 0087 24       		.byte	0x24
 189 0088 3A000000 		.4byte	0x3a
 190 008c 03       		.uleb128 0x3
 191 008d 1D020000 		.4byte	.LASF12
 192 0091 03       		.byte	0x3
 193 0092 2C       		.byte	0x2c
 194 0093 4C000000 		.4byte	0x4c
 195 0097 05       		.uleb128 0x5
ARM GAS  C:\Users\mikai\AppData\Local\Temp\ccfuXtyp.s 			page 5


 196 0098 BE010000 		.4byte	.LASF13
 197 009c 04       		.byte	0x4
 198 009d EA01     		.2byte	0x1ea
 199 009f 5E000000 		.4byte	0x5e
 200 00a3 02       		.uleb128 0x2
 201 00a4 04       		.byte	0x4
 202 00a5 04       		.byte	0x4
 203 00a6 C4000000 		.4byte	.LASF14
 204 00aa 02       		.uleb128 0x2
 205 00ab 08       		.byte	0x8
 206 00ac 04       		.byte	0x4
 207 00ad B7010000 		.4byte	.LASF15
 208 00b1 02       		.uleb128 0x2
 209 00b2 01       		.byte	0x1
 210 00b3 08       		.byte	0x8
 211 00b4 3C020000 		.4byte	.LASF16
 212 00b8 02       		.uleb128 0x2
 213 00b9 08       		.byte	0x8
 214 00ba 04       		.byte	0x4
 215 00bb 77020000 		.4byte	.LASF17
 216 00bf 02       		.uleb128 0x2
 217 00c0 04       		.byte	0x4
 218 00c1 07       		.byte	0x7
 219 00c2 25020000 		.4byte	.LASF18
 220 00c6 06       		.uleb128 0x6
 221 00c7 15020000 		.4byte	.LASF19
 222 00cb 01       		.byte	0x1
 223 00cc 10       		.byte	0x10
 224 00cd 00000000 		.4byte	.LFB63
 225 00d1 0C000000 		.4byte	.LFE63-.LFB63
 226 00d5 01       		.uleb128 0x1
 227 00d6 9C       		.byte	0x9c
 228 00d7 EE000000 		.4byte	0xee
 229 00db 07       		.uleb128 0x7
 230 00dc 06000000 		.4byte	.LVL0
 231 00e0 85010000 		.4byte	0x185
 232 00e4 07       		.uleb128 0x7
 233 00e5 0A000000 		.4byte	.LVL1
 234 00e9 90010000 		.4byte	0x190
 235 00ed 00       		.byte	0
 236 00ee 08       		.uleb128 0x8
 237 00ef B5000000 		.4byte	.LASF29
 238 00f3 01       		.byte	0x1
 239 00f4 16       		.byte	0x16
 240 00f5 81000000 		.4byte	0x81
 241 00f9 00000000 		.4byte	.LFB64
 242 00fd 10000000 		.4byte	.LFE64-.LFB64
 243 0101 01       		.uleb128 0x1
 244 0102 9C       		.byte	0x9c
 245 0103 24010000 		.4byte	0x124
 246 0107 09       		.uleb128 0x9
 247 0108 08000000 		.4byte	.LVL2
 248 010c 9B010000 		.4byte	0x19b
 249 0110 1A010000 		.4byte	0x11a
 250 0114 0A       		.uleb128 0xa
 251 0115 01       		.uleb128 0x1
 252 0116 50       		.byte	0x50
ARM GAS  C:\Users\mikai\AppData\Local\Temp\ccfuXtyp.s 			page 6


 253 0117 01       		.uleb128 0x1
 254 0118 30       		.byte	0x30
 255 0119 00       		.byte	0
 256 011a 07       		.uleb128 0x7
 257 011b 0C000000 		.4byte	.LVL3
 258 011f A6010000 		.4byte	0x1a6
 259 0123 00       		.byte	0
 260 0124 06       		.uleb128 0x6
 261 0125 8B010000 		.4byte	.LASF20
 262 0129 01       		.byte	0x1
 263 012a 1C       		.byte	0x1c
 264 012b 00000000 		.4byte	.LFB65
 265 012f 1A000000 		.4byte	.LFE65-.LFB65
 266 0133 01       		.uleb128 0x1
 267 0134 9C       		.byte	0x9c
 268 0135 74010000 		.4byte	0x174
 269 0139 0B       		.uleb128 0xb
 270 013a BD000000 		.4byte	.LASF30
 271 013e 01       		.byte	0x1
 272 013f 1D       		.byte	0x1d
 273 0140 97000000 		.4byte	0x97
 274 0144 00000000 		.4byte	.LLST0
 275 0148 09       		.uleb128 0x9
 276 0149 08000000 		.4byte	.LVL4
 277 014d 9B010000 		.4byte	0x19b
 278 0151 5B010000 		.4byte	0x15b
 279 0155 0A       		.uleb128 0xa
 280 0156 01       		.uleb128 0x1
 281 0157 50       		.byte	0x50
 282 0158 01       		.uleb128 0x1
 283 0159 31       		.byte	0x31
 284 015a 00       		.byte	0
 285 015b 07       		.uleb128 0x7
 286 015c 10000000 		.4byte	.LVL5
 287 0160 B1010000 		.4byte	0x1b1
 288 0164 0C       		.uleb128 0xc
 289 0165 18000000 		.4byte	.LVL8
 290 0169 B1010000 		.4byte	0x1b1
 291 016d 0A       		.uleb128 0xa
 292 016e 01       		.uleb128 0x1
 293 016f 50       		.byte	0x50
 294 0170 01       		.uleb128 0x1
 295 0171 30       		.byte	0x30
 296 0172 00       		.byte	0
 297 0173 00       		.byte	0
 298 0174 0D       		.uleb128 0xd
 299 0175 9F010000 		.4byte	.LASF31
 300 0179 07       		.byte	0x7
 301 017a 1207     		.2byte	0x712
 302 017c 80010000 		.4byte	0x180
 303 0180 0E       		.uleb128 0xe
 304 0181 8C000000 		.4byte	0x8c
 305 0185 0F       		.uleb128 0xf
 306 0186 DE010000 		.4byte	.LASF21
 307 018a DE010000 		.4byte	.LASF21
 308 018e 05       		.byte	0x5
 309 018f 3A       		.byte	0x3a
ARM GAS  C:\Users\mikai\AppData\Local\Temp\ccfuXtyp.s 			page 7


 310 0190 0F       		.uleb128 0xf
 311 0191 5D020000 		.4byte	.LASF22
 312 0195 5D020000 		.4byte	.LASF22
 313 0199 05       		.byte	0x5
 314 019a 3D       		.byte	0x3d
 315 019b 0F       		.uleb128 0xf
 316 019c 00000000 		.4byte	.LASF23
 317 01a0 00000000 		.4byte	.LASF23
 318 01a4 05       		.byte	0x5
 319 01a5 3F       		.byte	0x3f
 320 01a6 0F       		.uleb128 0xf
 321 01a7 C5010000 		.4byte	.LASF24
 322 01ab C5010000 		.4byte	.LASF24
 323 01af 05       		.byte	0x5
 324 01b0 41       		.byte	0x41
 325 01b1 0F       		.uleb128 0xf
 326 01b2 1D000000 		.4byte	.LASF25
 327 01b6 1D000000 		.4byte	.LASF25
 328 01ba 06       		.byte	0x6
 329 01bb 26       		.byte	0x26
 330 01bc 00       		.byte	0
 331              		.section	.debug_abbrev,"",%progbits
 332              	.Ldebug_abbrev0:
 333 0000 01       		.uleb128 0x1
 334 0001 11       		.uleb128 0x11
 335 0002 01       		.byte	0x1
 336 0003 25       		.uleb128 0x25
 337 0004 0E       		.uleb128 0xe
 338 0005 13       		.uleb128 0x13
 339 0006 0B       		.uleb128 0xb
 340 0007 03       		.uleb128 0x3
 341 0008 0E       		.uleb128 0xe
 342 0009 1B       		.uleb128 0x1b
 343 000a 0E       		.uleb128 0xe
 344 000b 55       		.uleb128 0x55
 345 000c 17       		.uleb128 0x17
 346 000d 11       		.uleb128 0x11
 347 000e 01       		.uleb128 0x1
 348 000f 10       		.uleb128 0x10
 349 0010 17       		.uleb128 0x17
 350 0011 00       		.byte	0
 351 0012 00       		.byte	0
 352 0013 02       		.uleb128 0x2
 353 0014 24       		.uleb128 0x24
 354 0015 00       		.byte	0
 355 0016 0B       		.uleb128 0xb
 356 0017 0B       		.uleb128 0xb
 357 0018 3E       		.uleb128 0x3e
 358 0019 0B       		.uleb128 0xb
 359 001a 03       		.uleb128 0x3
 360 001b 0E       		.uleb128 0xe
 361 001c 00       		.byte	0
 362 001d 00       		.byte	0
 363 001e 03       		.uleb128 0x3
 364 001f 16       		.uleb128 0x16
 365 0020 00       		.byte	0
 366 0021 03       		.uleb128 0x3
ARM GAS  C:\Users\mikai\AppData\Local\Temp\ccfuXtyp.s 			page 8


 367 0022 0E       		.uleb128 0xe
 368 0023 3A       		.uleb128 0x3a
 369 0024 0B       		.uleb128 0xb
 370 0025 3B       		.uleb128 0x3b
 371 0026 0B       		.uleb128 0xb
 372 0027 49       		.uleb128 0x49
 373 0028 13       		.uleb128 0x13
 374 0029 00       		.byte	0
 375 002a 00       		.byte	0
 376 002b 04       		.uleb128 0x4
 377 002c 24       		.uleb128 0x24
 378 002d 00       		.byte	0
 379 002e 0B       		.uleb128 0xb
 380 002f 0B       		.uleb128 0xb
 381 0030 3E       		.uleb128 0x3e
 382 0031 0B       		.uleb128 0xb
 383 0032 03       		.uleb128 0x3
 384 0033 08       		.uleb128 0x8
 385 0034 00       		.byte	0
 386 0035 00       		.byte	0
 387 0036 05       		.uleb128 0x5
 388 0037 16       		.uleb128 0x16
 389 0038 00       		.byte	0
 390 0039 03       		.uleb128 0x3
 391 003a 0E       		.uleb128 0xe
 392 003b 3A       		.uleb128 0x3a
 393 003c 0B       		.uleb128 0xb
 394 003d 3B       		.uleb128 0x3b
 395 003e 05       		.uleb128 0x5
 396 003f 49       		.uleb128 0x49
 397 0040 13       		.uleb128 0x13
 398 0041 00       		.byte	0
 399 0042 00       		.byte	0
 400 0043 06       		.uleb128 0x6
 401 0044 2E       		.uleb128 0x2e
 402 0045 01       		.byte	0x1
 403 0046 3F       		.uleb128 0x3f
 404 0047 19       		.uleb128 0x19
 405 0048 03       		.uleb128 0x3
 406 0049 0E       		.uleb128 0xe
 407 004a 3A       		.uleb128 0x3a
 408 004b 0B       		.uleb128 0xb
 409 004c 3B       		.uleb128 0x3b
 410 004d 0B       		.uleb128 0xb
 411 004e 27       		.uleb128 0x27
 412 004f 19       		.uleb128 0x19
 413 0050 11       		.uleb128 0x11
 414 0051 01       		.uleb128 0x1
 415 0052 12       		.uleb128 0x12
 416 0053 06       		.uleb128 0x6
 417 0054 40       		.uleb128 0x40
 418 0055 18       		.uleb128 0x18
 419 0056 9742     		.uleb128 0x2117
 420 0058 19       		.uleb128 0x19
 421 0059 01       		.uleb128 0x1
 422 005a 13       		.uleb128 0x13
 423 005b 00       		.byte	0
ARM GAS  C:\Users\mikai\AppData\Local\Temp\ccfuXtyp.s 			page 9


 424 005c 00       		.byte	0
 425 005d 07       		.uleb128 0x7
 426 005e 898201   		.uleb128 0x4109
 427 0061 00       		.byte	0
 428 0062 11       		.uleb128 0x11
 429 0063 01       		.uleb128 0x1
 430 0064 31       		.uleb128 0x31
 431 0065 13       		.uleb128 0x13
 432 0066 00       		.byte	0
 433 0067 00       		.byte	0
 434 0068 08       		.uleb128 0x8
 435 0069 2E       		.uleb128 0x2e
 436 006a 01       		.byte	0x1
 437 006b 3F       		.uleb128 0x3f
 438 006c 19       		.uleb128 0x19
 439 006d 03       		.uleb128 0x3
 440 006e 0E       		.uleb128 0xe
 441 006f 3A       		.uleb128 0x3a
 442 0070 0B       		.uleb128 0xb
 443 0071 3B       		.uleb128 0x3b
 444 0072 0B       		.uleb128 0xb
 445 0073 27       		.uleb128 0x27
 446 0074 19       		.uleb128 0x19
 447 0075 49       		.uleb128 0x49
 448 0076 13       		.uleb128 0x13
 449 0077 11       		.uleb128 0x11
 450 0078 01       		.uleb128 0x1
 451 0079 12       		.uleb128 0x12
 452 007a 06       		.uleb128 0x6
 453 007b 40       		.uleb128 0x40
 454 007c 18       		.uleb128 0x18
 455 007d 9742     		.uleb128 0x2117
 456 007f 19       		.uleb128 0x19
 457 0080 01       		.uleb128 0x1
 458 0081 13       		.uleb128 0x13
 459 0082 00       		.byte	0
 460 0083 00       		.byte	0
 461 0084 09       		.uleb128 0x9
 462 0085 898201   		.uleb128 0x4109
 463 0088 01       		.byte	0x1
 464 0089 11       		.uleb128 0x11
 465 008a 01       		.uleb128 0x1
 466 008b 31       		.uleb128 0x31
 467 008c 13       		.uleb128 0x13
 468 008d 01       		.uleb128 0x1
 469 008e 13       		.uleb128 0x13
 470 008f 00       		.byte	0
 471 0090 00       		.byte	0
 472 0091 0A       		.uleb128 0xa
 473 0092 8A8201   		.uleb128 0x410a
 474 0095 00       		.byte	0
 475 0096 02       		.uleb128 0x2
 476 0097 18       		.uleb128 0x18
 477 0098 9142     		.uleb128 0x2111
 478 009a 18       		.uleb128 0x18
 479 009b 00       		.byte	0
 480 009c 00       		.byte	0
ARM GAS  C:\Users\mikai\AppData\Local\Temp\ccfuXtyp.s 			page 10


 481 009d 0B       		.uleb128 0xb
 482 009e 34       		.uleb128 0x34
 483 009f 00       		.byte	0
 484 00a0 03       		.uleb128 0x3
 485 00a1 0E       		.uleb128 0xe
 486 00a2 3A       		.uleb128 0x3a
 487 00a3 0B       		.uleb128 0xb
 488 00a4 3B       		.uleb128 0x3b
 489 00a5 0B       		.uleb128 0xb
 490 00a6 49       		.uleb128 0x49
 491 00a7 13       		.uleb128 0x13
 492 00a8 02       		.uleb128 0x2
 493 00a9 17       		.uleb128 0x17
 494 00aa 00       		.byte	0
 495 00ab 00       		.byte	0
 496 00ac 0C       		.uleb128 0xc
 497 00ad 898201   		.uleb128 0x4109
 498 00b0 01       		.byte	0x1
 499 00b1 11       		.uleb128 0x11
 500 00b2 01       		.uleb128 0x1
 501 00b3 31       		.uleb128 0x31
 502 00b4 13       		.uleb128 0x13
 503 00b5 00       		.byte	0
 504 00b6 00       		.byte	0
 505 00b7 0D       		.uleb128 0xd
 506 00b8 34       		.uleb128 0x34
 507 00b9 00       		.byte	0
 508 00ba 03       		.uleb128 0x3
 509 00bb 0E       		.uleb128 0xe
 510 00bc 3A       		.uleb128 0x3a
 511 00bd 0B       		.uleb128 0xb
 512 00be 3B       		.uleb128 0x3b
 513 00bf 05       		.uleb128 0x5
 514 00c0 49       		.uleb128 0x49
 515 00c1 13       		.uleb128 0x13
 516 00c2 3F       		.uleb128 0x3f
 517 00c3 19       		.uleb128 0x19
 518 00c4 3C       		.uleb128 0x3c
 519 00c5 19       		.uleb128 0x19
 520 00c6 00       		.byte	0
 521 00c7 00       		.byte	0
 522 00c8 0E       		.uleb128 0xe
 523 00c9 35       		.uleb128 0x35
 524 00ca 00       		.byte	0
 525 00cb 49       		.uleb128 0x49
 526 00cc 13       		.uleb128 0x13
 527 00cd 00       		.byte	0
 528 00ce 00       		.byte	0
 529 00cf 0F       		.uleb128 0xf
 530 00d0 2E       		.uleb128 0x2e
 531 00d1 00       		.byte	0
 532 00d2 3F       		.uleb128 0x3f
 533 00d3 19       		.uleb128 0x19
 534 00d4 3C       		.uleb128 0x3c
 535 00d5 19       		.uleb128 0x19
 536 00d6 6E       		.uleb128 0x6e
 537 00d7 0E       		.uleb128 0xe
ARM GAS  C:\Users\mikai\AppData\Local\Temp\ccfuXtyp.s 			page 11


 538 00d8 03       		.uleb128 0x3
 539 00d9 0E       		.uleb128 0xe
 540 00da 3A       		.uleb128 0x3a
 541 00db 0B       		.uleb128 0xb
 542 00dc 3B       		.uleb128 0x3b
 543 00dd 0B       		.uleb128 0xb
 544 00de 00       		.byte	0
 545 00df 00       		.byte	0
 546 00e0 00       		.byte	0
 547              		.section	.debug_loc,"",%progbits
 548              	.Ldebug_loc0:
 549              	.LLST0:
 550 0000 08000000 		.4byte	.LVL4
 551 0004 0F000000 		.4byte	.LVL5-1
 552 0008 0600     		.2byte	0x6
 553 000a 70       		.byte	0x70
 554 000b 00       		.sleb128 0
 555 000c 08       		.byte	0x8
 556 000d FF       		.byte	0xff
 557 000e 1A       		.byte	0x1a
 558 000f 9F       		.byte	0x9f
 559 0010 12000000 		.4byte	.LVL6
 560 0014 14000000 		.4byte	.LVL7
 561 0018 0600     		.2byte	0x6
 562 001a 70       		.byte	0x70
 563 001b 00       		.sleb128 0
 564 001c 08       		.byte	0x8
 565 001d FF       		.byte	0xff
 566 001e 1A       		.byte	0x1a
 567 001f 9F       		.byte	0x9f
 568 0020 00000000 		.4byte	0
 569 0024 00000000 		.4byte	0
 570              		.section	.debug_aranges,"",%progbits
 571 0000 2C000000 		.4byte	0x2c
 572 0004 0200     		.2byte	0x2
 573 0006 00000000 		.4byte	.Ldebug_info0
 574 000a 04       		.byte	0x4
 575 000b 00       		.byte	0
 576 000c 0000     		.2byte	0
 577 000e 0000     		.2byte	0
 578 0010 00000000 		.4byte	.LFB63
 579 0014 0C000000 		.4byte	.LFE63-.LFB63
 580 0018 00000000 		.4byte	.LFB64
 581 001c 10000000 		.4byte	.LFE64-.LFB64
 582 0020 00000000 		.4byte	.LFB65
 583 0024 1A000000 		.4byte	.LFE65-.LFB65
 584 0028 00000000 		.4byte	0
 585 002c 00000000 		.4byte	0
 586              		.section	.debug_ranges,"",%progbits
 587              	.Ldebug_ranges0:
 588 0000 00000000 		.4byte	.LFB63
 589 0004 0C000000 		.4byte	.LFE63
 590 0008 00000000 		.4byte	.LFB64
 591 000c 10000000 		.4byte	.LFE64
 592 0010 00000000 		.4byte	.LFB65
 593 0014 1A000000 		.4byte	.LFE65
 594 0018 00000000 		.4byte	0
ARM GAS  C:\Users\mikai\AppData\Local\Temp\ccfuXtyp.s 			page 12


 595 001c 00000000 		.4byte	0
 596              		.section	.debug_line,"",%progbits
 597              	.Ldebug_line0:
 598 0000 A2010000 		.section	.debug_str,"MS",%progbits,1
 598      02006601 
 598      00000201 
 598      FB0E0D00 
 598      01010101 
 599              	.LASF23:
 600 0000 4144435F 		.ascii	"ADC_DelSig_1_IsEndConversion\000"
 600      44656C53 
 600      69675F31 
 600      5F497345 
 600      6E64436F 
 601              	.LASF25:
 602 001d 4C45445F 		.ascii	"LED_Write\000"
 602      57726974 
 602      6500
 603              	.LASF28:
 604 0027 433A5C55 		.ascii	"C:\\Users\\mikai\\OneDrive - Aarhus universitet\\3."
 604      73657273 
 604      5C6D696B 
 604      61695C4F 
 604      6E654472 
 605 0056 2053656D 		.ascii	" Semester\\Projekt 3 - Karaoke Maskinen\\Syng_og_Sa"
 605      65737465 
 605      725C5072 
 605      6F6A656B 
 605      74203320 
 606 0087 6D6D656E 		.ascii	"mmenlign\\PRJ3\\AMK\\BANAN.cydsn\000"
 606      6C69676E 
 606      5C50524A 
 606      335C414D 
 606      4B5C4241 
 607              	.LASF5:
 608 00a5 5F5F696E 		.ascii	"__int32_t\000"
 608      7433325F 
 608      7400
 609              	.LASF27:
 610 00af 6164632E 		.ascii	"adc.c\000"
 610      6300
 611              	.LASF29:
 612 00b5 52656164 		.ascii	"ReadADC\000"
 612      41444300 
 613              	.LASF30:
 614 00bd 73746174 		.ascii	"status\000"
 614      757300
 615              	.LASF14:
 616 00c4 666C6F61 		.ascii	"float\000"
 616      7400
 617              	.LASF1:
 618 00ca 756E7369 		.ascii	"unsigned char\000"
 618      676E6564 
 618      20636861 
 618      7200
 619              	.LASF26:
 620 00d8 474E5520 		.ascii	"GNU C11 5.4.1 20160609 (release) [ARM/embedded-5-br"
ARM GAS  C:\Users\mikai\AppData\Local\Temp\ccfuXtyp.s 			page 13


 620      43313120 
 620      352E342E 
 620      31203230 
 620      31363036 
 621 010b 616E6368 		.ascii	"anch revision 237715] -mcpu=cortex-m3 -mthumb -g -O"
 621      20726576 
 621      6973696F 
 621      6E203233 
 621      37373135 
 622 013e 67202D66 		.ascii	"g -ffunction-sections -ffat-lto-objects\000"
 622      66756E63 
 622      74696F6E 
 622      2D736563 
 622      74696F6E 
 623              	.LASF7:
 624 0166 6C6F6E67 		.ascii	"long unsigned int\000"
 624      20756E73 
 624      69676E65 
 624      6420696E 
 624      7400
 625              	.LASF3:
 626 0178 73686F72 		.ascii	"short unsigned int\000"
 626      7420756E 
 626      7369676E 
 626      65642069 
 626      6E7400
 627              	.LASF20:
 628 018b 48616E64 		.ascii	"HandleADCConversion\000"
 628      6C654144 
 628      43436F6E 
 628      76657273 
 628      696F6E00 
 629              	.LASF31:
 630 019f 49544D5F 		.ascii	"ITM_RxBuffer\000"
 630      52784275 
 630      66666572 
 630      00
 631              	.LASF4:
 632 01ac 5F5F7569 		.ascii	"__uint16_t\000"
 632      6E743136 
 632      5F7400
 633              	.LASF15:
 634 01b7 646F7562 		.ascii	"double\000"
 634      6C6500
 635              	.LASF13:
 636 01be 75696E74 		.ascii	"uint32\000"
 636      333200
 637              	.LASF24:
 638 01c5 4144435F 		.ascii	"ADC_DelSig_1_GetResult16\000"
 638      44656C53 
 638      69675F31 
 638      5F476574 
 638      52657375 
 639              	.LASF21:
 640 01de 4144435F 		.ascii	"ADC_DelSig_1_Start\000"
 640      44656C53 
 640      69675F31 
ARM GAS  C:\Users\mikai\AppData\Local\Temp\ccfuXtyp.s 			page 14


 640      5F537461 
 640      727400
 641              	.LASF10:
 642 01f1 756E7369 		.ascii	"unsigned int\000"
 642      676E6564 
 642      20696E74 
 642      00
 643              	.LASF9:
 644 01fe 6C6F6E67 		.ascii	"long long unsigned int\000"
 644      206C6F6E 
 644      6720756E 
 644      7369676E 
 644      65642069 
 645              	.LASF19:
 646 0215 496E6974 		.ascii	"InitADC\000"
 646      41444300 
 647              	.LASF12:
 648 021d 696E7433 		.ascii	"int32_t\000"
 648      325F7400 
 649              	.LASF18:
 650 0225 73697A65 		.ascii	"sizetype\000"
 650      74797065 
 650      00
 651              	.LASF8:
 652 022e 6C6F6E67 		.ascii	"long long int\000"
 652      206C6F6E 
 652      6720696E 
 652      7400
 653              	.LASF16:
 654 023c 63686172 		.ascii	"char\000"
 654      00
 655              	.LASF2:
 656 0241 73686F72 		.ascii	"short int\000"
 656      7420696E 
 656      7400
 657              	.LASF11:
 658 024b 75696E74 		.ascii	"uint16_t\000"
 658      31365F74 
 658      00
 659              	.LASF6:
 660 0254 6C6F6E67 		.ascii	"long int\000"
 660      20696E74 
 660      00
 661              	.LASF22:
 662 025d 4144435F 		.ascii	"ADC_DelSig_1_StartConvert\000"
 662      44656C53 
 662      69675F31 
 662      5F537461 
 662      7274436F 
 663              	.LASF17:
 664 0277 6C6F6E67 		.ascii	"long double\000"
 664      20646F75 
 664      626C6500 
 665              	.LASF0:
 666 0283 7369676E 		.ascii	"signed char\000"
 666      65642063 
 666      68617200 
ARM GAS  C:\Users\mikai\AppData\Local\Temp\ccfuXtyp.s 			page 15


 667              		.ident	"GCC: (GNU Tools for ARM Embedded Processors) 5.4.1 20160609 (release) [ARM/embedded-5-bran
