Loading plugins phase: Elapsed time ==> 2s.086ms
<CYPRESSTAG name="CyDsfit arguments...">
cydsfit arguments: -.fdsnotice -.fdswarpdepfile=warp_dependencies.txt -.fdselabdepfile=elab_dependencies.txt -.fdsbldfile=generated_files.txt -.fdsreffile=referenced_files.txt -p C:\Users\hanad\OneDrive\Dokumenter\3. Semester\Projekt\repos\Projects\PRJ3\AMK\BANAN.cydsn\BANAN.cyprj -d CY8C5888LTI-LP097 -s C:\Users\hanad\OneDrive\Dokumenter\3. Semester\Projekt\repos\Projects\PRJ3\AMK\BANAN.cydsn\Generated_Source\PSoC5 -- -yv2 -q10 -ygs -o2 -v3 -.fftcfgtype=LE
</CYPRESSTAG>
<CYPRESSTAG name="Design elaboration results...">
</CYPRESSTAG>
Elaboration phase: Elapsed time ==> 12s.772ms
<CYPRESSTAG name="HDL generation results...">
</CYPRESSTAG>
HDL generation phase: Elapsed time ==> 0s.040ms
<CYPRESSTAG name="Synthesis results...">

     | | | | | | |
   _________________
  -|               |-
  -|               |-
  -|               |-
  -|    CYPRESS    |-
  -|               |-
  -|               |-   Warp Verilog Synthesis Compiler: Version 6.3 IR 41
  -|               |-   Copyright (C) 1991-2001 Cypress Semiconductor
   |_______________|
     | | | | | | |

======================================================================
Compiling:  BANAN.v
Program  :   C:\Program Files (x86)\Cypress\PSoC Creator\4.4\PSoC Creator\warp\bin\warp.exe
Options  :    -yv2 -q10 -ygs -o2 -v3 -.fftcfgtype=LE -ya -.fftprj=C:\Users\hanad\OneDrive\Dokumenter\3. Semester\Projekt\repos\Projects\PRJ3\AMK\BANAN.cydsn\BANAN.cyprj -dcpsoc3 BANAN.v -verilog
======================================================================

======================================================================
Compiling:  BANAN.v
Program  :   C:\Program Files (x86)\Cypress\PSoC Creator\4.4\PSoC Creator\warp\bin\warp.exe
Options  :    -yv2 -q10 -ygs -o2 -v3 -.fftcfgtype=LE -ya -.fftprj=C:\Users\hanad\OneDrive\Dokumenter\3. Semester\Projekt\repos\Projects\PRJ3\AMK\BANAN.cydsn\BANAN.cyprj -dcpsoc3 BANAN.v -verilog
======================================================================

======================================================================
Compiling:  BANAN.v
Program  :   vlogfe
Options  :    -yv2 -q10 -ygs -o2 -v3 -.fftcfgtype=LE -ya -.fftprj=C:\Users\hanad\OneDrive\Dokumenter\3. Semester\Projekt\repos\Projects\PRJ3\AMK\BANAN.cydsn\BANAN.cyprj -dcpsoc3 -verilog BANAN.v
======================================================================

vlogfe V6.3 IR 41:  Verilog parser
Wed Dec 06 14:56:55 2023


======================================================================
Compiling:  BANAN.v
Program  :   vpp
Options  :    -yv2 -q10 BANAN.v
======================================================================

vpp V6.3 IR 41:  Verilog Pre-Processor
Wed Dec 06 14:56:55 2023

Flattening file 'C:\Program Files (x86)\Cypress\PSoC Creator\4.4\PSoC Creator\psoc\content\CyComponentLibrary\CyComponentLibrary.cylib\B_SPI_Slave_v2_70\B_SPI_Slave_v2_70.v'
Flattening file 'C:\Program Files (x86)\Cypress\PSoC Creator\4.4\PSoC Creator\warp\lib\common\cypress.v'
Flattening file 'C:\Program Files (x86)\Cypress\PSoC Creator\4.4\PSoC Creator\warp\lib\common\cy_psoc3_inc.v'
Flattening file 'C:\Program Files (x86)\Cypress\PSoC Creator\4.4\PSoC Creator\psoc\content\CyPrimitives\cyprimitives.cylib\cy_virtualmux_v1_0\cy_virtualmux_v1_0.v'
Flattening file 'C:\Program Files (x86)\Cypress\PSoC Creator\4.4\PSoC Creator\psoc\content\CyPrimitives\cyprimitives.cylib\not_v1_0\not_v1_0.v'
Flattening file 'C:\Program Files (x86)\Cypress\PSoC Creator\4.4\PSoC Creator\psoc\content\CyPrimitives\cyprimitives.cylib\cy_vref_v1_70\cy_vref_v1_70.v'
Flattening file 'C:\Program Files (x86)\Cypress\PSoC Creator\4.4\PSoC Creator\psoc\content\CyPrimitives\cyprimitives.cylib\cy_analog_virtualmux_v1_0\cy_analog_virtualmux_v1_0.v'
Flattening file 'C:\Program Files (x86)\Cypress\PSoC Creator\4.4\PSoC Creator\psoc\content\CyComponentLibrary\CyComponentLibrary.cylib\AMux_v1_80\AMux_v1_80.v'
Flattening file 'C:\Program Files (x86)\Cypress\PSoC Creator\4.4\PSoC Creator\warp\lib\common\cypress.v'
Flattening file 'C:\Program Files (x86)\Cypress\PSoC Creator\4.4\PSoC Creator\psoc\content\CyPrimitives\cyprimitives.cylib\ZeroTerminal\ZeroTerminal.v'
Flattening file 'C:\Program Files (x86)\Cypress\PSoC Creator\4.4\PSoC Creator\psoc\content\CyPrimitives\cyprimitives.cylib\or_v1_0\or_v1_0.v'

vpp:  No errors.

Library 'work' => directory 'lcpsoc3'
General_symbol_table
General_symbol_table
Linking 'C:\Program Files (x86)\Cypress\PSoC Creator\4.4\PSoC Creator\warp\lib\common\std.vhd'.
Linking 'C:\Program Files (x86)\Cypress\PSoC Creator\4.4\PSoC Creator\warp\lib\common\cypress.vhd'.
Linking 'C:\Program Files (x86)\Cypress\PSoC Creator\4.4\PSoC Creator\warp\lib\common\work\cypress.vif'.
Linking 'C:\Program Files (x86)\Cypress\PSoC Creator\4.4\PSoC Creator\warp\lib\ieee\work\stdlogic.vif'.
Linking 'C:\Program Files (x86)\Cypress\PSoC Creator\4.4\PSoC Creator\warp\lib\common\stdlogic\lpmpkg.vif'.
Linking 'C:\Program Files (x86)\Cypress\PSoC Creator\4.4\PSoC Creator\warp\lib\common\stdlogic\rtlpkg.vif'.
Linking 'C:\Program Files (x86)\Cypress\PSoC Creator\4.4\PSoC Creator\warp\lib\common\stdlogic\mod_cnst.vif'.
Linking 'C:\Program Files (x86)\Cypress\PSoC Creator\4.4\PSoC Creator\warp\lib\common\stdlogic\mod_mthv.vif'.
Linking 'C:\Program Files (x86)\Cypress\PSoC Creator\4.4\PSoC Creator\warp\lib\common\stdlogic\mod_genv.vif'.
Using control file 'BANAN.ctl'.
Linking 'C:\Program Files (x86)\Cypress\PSoC Creator\4.4\PSoC Creator\warp\lib\common\stdlogic\cy_psoc3pkg.vif'.
Linking 'C:\Program Files (x86)\Cypress\PSoC Creator\4.4\PSoC Creator\warp\lib\common\stdlogic\cy_psoc3.vif'.

vlogfe:  No errors.


======================================================================
Compiling:  BANAN.v
Program  :   tovif
Options  :    -yv2 -q10 -ygs -o2 -v3 -.fftcfgtype=LE -ya -.fftprj=C:\Users\hanad\OneDrive\Dokumenter\3. Semester\Projekt\repos\Projects\PRJ3\AMK\BANAN.cydsn\BANAN.cyprj -dcpsoc3 -verilog BANAN.v
======================================================================

tovif V6.3 IR 41:  High-level synthesis
Wed Dec 06 14:56:56 2023

Linking 'C:\Program Files (x86)\Cypress\PSoC Creator\4.4\PSoC Creator\warp\lib\common\std.vhd'.
Linking 'C:\Program Files (x86)\Cypress\PSoC Creator\4.4\PSoC Creator\warp\lib\common\cypress.vhd'.
Linking 'C:\Program Files (x86)\Cypress\PSoC Creator\4.4\PSoC Creator\warp\lib\common\work\cypress.vif'.
Linking 'C:\Program Files (x86)\Cypress\PSoC Creator\4.4\PSoC Creator\warp\lib\ieee\work\stdlogic.vif'.
Linking 'C:\Program Files (x86)\Cypress\PSoC Creator\4.4\PSoC Creator\warp\lib\common\stdlogic\lpmpkg.vif'.
Linking 'C:\Program Files (x86)\Cypress\PSoC Creator\4.4\PSoC Creator\warp\lib\common\stdlogic\rtlpkg.vif'.
Linking 'C:\Program Files (x86)\Cypress\PSoC Creator\4.4\PSoC Creator\warp\lib\common\stdlogic\mod_cnst.vif'.
Linking 'C:\Program Files (x86)\Cypress\PSoC Creator\4.4\PSoC Creator\warp\lib\common\stdlogic\mod_mthv.vif'.
Linking 'C:\Program Files (x86)\Cypress\PSoC Creator\4.4\PSoC Creator\warp\lib\common\stdlogic\mod_genv.vif'.
Linking 'C:\Users\hanad\OneDrive\Dokumenter\3. Semester\Projekt\repos\Projects\PRJ3\AMK\BANAN.cydsn\codegentemp\BANAN.ctl'.
Linking 'C:\Program Files (x86)\Cypress\PSoC Creator\4.4\PSoC Creator\psoc\content\CyComponentLibrary\CyComponentLibrary.cylib\B_SPI_Slave_v2_70\B_SPI_Slave_v2_70.v'.
Linking 'C:\Program Files (x86)\Cypress\PSoC Creator\4.4\PSoC Creator\warp\lib\common\cypress.v'.
Linking 'C:\Program Files (x86)\Cypress\PSoC Creator\4.4\PSoC Creator\warp\lib\common\cy_psoc3_inc.v'.
Linking 'C:\Users\hanad\OneDrive\Dokumenter\3. Semester\Projekt\repos\Projects\PRJ3\AMK\BANAN.cydsn\codegentemp\BANAN.v'.
Linking 'C:\Program Files (x86)\Cypress\PSoC Creator\4.4\PSoC Creator\psoc\content\CyPrimitives\cyprimitives.cylib\cy_virtualmux_v1_0\cy_virtualmux_v1_0.v'.
Linking 'C:\Program Files (x86)\Cypress\PSoC Creator\4.4\PSoC Creator\psoc\content\CyPrimitives\cyprimitives.cylib\not_v1_0\not_v1_0.v'.
Linking 'C:\Program Files (x86)\Cypress\PSoC Creator\4.4\PSoC Creator\psoc\content\CyPrimitives\cyprimitives.cylib\cy_vref_v1_70\cy_vref_v1_70.v'.
Linking 'C:\Program Files (x86)\Cypress\PSoC Creator\4.4\PSoC Creator\psoc\content\CyPrimitives\cyprimitives.cylib\cy_analog_virtualmux_v1_0\cy_analog_virtualmux_v1_0.v'.
Linking 'C:\Program Files (x86)\Cypress\PSoC Creator\4.4\PSoC Creator\psoc\content\CyComponentLibrary\CyComponentLibrary.cylib\AMux_v1_80\AMux_v1_80.v'.
Linking 'C:\Program Files (x86)\Cypress\PSoC Creator\4.4\PSoC Creator\psoc\content\CyPrimitives\cyprimitives.cylib\ZeroTerminal\ZeroTerminal.v'.
Linking 'C:\Program Files (x86)\Cypress\PSoC Creator\4.4\PSoC Creator\psoc\content\CyPrimitives\cyprimitives.cylib\or_v1_0\or_v1_0.v'.
Linking 'C:\Program Files (x86)\Cypress\PSoC Creator\4.4\PSoC Creator\warp\lib\common\stdlogic\cy_psoc3pkg.vif'.
Linking 'C:\Program Files (x86)\Cypress\PSoC Creator\4.4\PSoC Creator\warp\lib\common\stdlogic\cy_psoc3.vif'.

tovif:  No errors.


======================================================================
Compiling:  BANAN.v
Program  :   topld
Options  :    -yv2 -q10 -ygs -o2 -v3 -.fftcfgtype=LE -ya -.fftprj=C:\Users\hanad\OneDrive\Dokumenter\3. Semester\Projekt\repos\Projects\PRJ3\AMK\BANAN.cydsn\BANAN.cyprj -dcpsoc3 -verilog BANAN.v
======================================================================

topld V6.3 IR 41:  Synthesis and optimization
Wed Dec 06 14:56:57 2023

Linking 'C:\Program Files (x86)\Cypress\PSoC Creator\4.4\PSoC Creator\warp\lib\common\std.vhd'.
Linking 'C:\Program Files (x86)\Cypress\PSoC Creator\4.4\PSoC Creator\warp\lib\common\cypress.vhd'.
Linking 'C:\Program Files (x86)\Cypress\PSoC Creator\4.4\PSoC Creator\warp\lib\common\work\cypress.vif'.
Linking 'C:\Program Files (x86)\Cypress\PSoC Creator\4.4\PSoC Creator\warp\lib\ieee\work\stdlogic.vif'.
Linking 'C:\Program Files (x86)\Cypress\PSoC Creator\4.4\PSoC Creator\warp\lib\common\stdlogic\lpmpkg.vif'.
Linking 'C:\Program Files (x86)\Cypress\PSoC Creator\4.4\PSoC Creator\warp\lib\common\stdlogic\rtlpkg.vif'.
Linking 'C:\Program Files (x86)\Cypress\PSoC Creator\4.4\PSoC Creator\warp\lib\common\stdlogic\mod_cnst.vif'.
Linking 'C:\Program Files (x86)\Cypress\PSoC Creator\4.4\PSoC Creator\warp\lib\common\stdlogic\mod_mthv.vif'.
Linking 'C:\Program Files (x86)\Cypress\PSoC Creator\4.4\PSoC Creator\warp\lib\common\stdlogic\mod_genv.vif'.
Linking 'C:\Users\hanad\OneDrive\Dokumenter\3. Semester\Projekt\repos\Projects\PRJ3\AMK\BANAN.cydsn\codegentemp\BANAN.ctl'.
Linking 'C:\Program Files (x86)\Cypress\PSoC Creator\4.4\PSoC Creator\psoc\content\CyComponentLibrary\CyComponentLibrary.cylib\B_SPI_Slave_v2_70\B_SPI_Slave_v2_70.v'.
Linking 'C:\Program Files (x86)\Cypress\PSoC Creator\4.4\PSoC Creator\warp\lib\common\cypress.v'.
Linking 'C:\Program Files (x86)\Cypress\PSoC Creator\4.4\PSoC Creator\warp\lib\common\cy_psoc3_inc.v'.
Linking 'C:\Users\hanad\OneDrive\Dokumenter\3. Semester\Projekt\repos\Projects\PRJ3\AMK\BANAN.cydsn\codegentemp\BANAN.v'.
Linking 'C:\Program Files (x86)\Cypress\PSoC Creator\4.4\PSoC Creator\psoc\content\CyPrimitives\cyprimitives.cylib\cy_virtualmux_v1_0\cy_virtualmux_v1_0.v'.
Linking 'C:\Program Files (x86)\Cypress\PSoC Creator\4.4\PSoC Creator\psoc\content\CyPrimitives\cyprimitives.cylib\not_v1_0\not_v1_0.v'.
Linking 'C:\Program Files (x86)\Cypress\PSoC Creator\4.4\PSoC Creator\psoc\content\CyPrimitives\cyprimitives.cylib\cy_vref_v1_70\cy_vref_v1_70.v'.
Linking 'C:\Program Files (x86)\Cypress\PSoC Creator\4.4\PSoC Creator\psoc\content\CyPrimitives\cyprimitives.cylib\cy_analog_virtualmux_v1_0\cy_analog_virtualmux_v1_0.v'.
Linking 'C:\Program Files (x86)\Cypress\PSoC Creator\4.4\PSoC Creator\psoc\content\CyComponentLibrary\CyComponentLibrary.cylib\AMux_v1_80\AMux_v1_80.v'.
Linking 'C:\Program Files (x86)\Cypress\PSoC Creator\4.4\PSoC Creator\psoc\content\CyPrimitives\cyprimitives.cylib\ZeroTerminal\ZeroTerminal.v'.
Linking 'C:\Program Files (x86)\Cypress\PSoC Creator\4.4\PSoC Creator\psoc\content\CyPrimitives\cyprimitives.cylib\or_v1_0\or_v1_0.v'.
Linking 'C:\Program Files (x86)\Cypress\PSoC Creator\4.4\PSoC Creator\warp\lib\common\stdlogic\cy_psoc3pkg.vif'.
Linking 'C:\Program Files (x86)\Cypress\PSoC Creator\4.4\PSoC Creator\warp\lib\common\stdlogic\cy_psoc3.vif'.
Linking 'C:\Program Files (x86)\Cypress\PSoC Creator\4.4\PSoC Creator\warp\lib\lcpsoc3\stdlogic\cpsoc3.vif'.

----------------------------------------------------------
Detecting unused logic.
----------------------------------------------------------
    User names
	\SPIS_1:BSPIS:dpMISO_fifo_not_empty\
	\SPIS_1:BSPIS:control_7\
	\SPIS_1:BSPIS:control_6\
	\SPIS_1:BSPIS:control_5\
	\SPIS_1:BSPIS:control_4\
	\SPIS_1:BSPIS:control_3\
	\SPIS_1:BSPIS:control_2\
	\SPIS_1:BSPIS:control_1\
	\SPIS_1:BSPIS:control_0\
	\SPIS_1:Net_182\
	\SPIS_1:BSPIS:dpcounter_zero\
	Net_60
	\ADC_DelSig_1:Net_268\
	\ADC_DelSig_1:Net_270\


Deleted 14 User equations/components.
Deleted 0 Synthesized equations/components.

------------------------------------------------------
Alias Detection
------------------------------------------------------
Aliasing one to tmpOE__MOSI_1_net_0
Aliasing tmpOE__SCLK_1_net_0 to tmpOE__MOSI_1_net_0
Aliasing tmpOE__MISO_1_net_0 to tmpOE__MOSI_1_net_0
Aliasing tmpOE__Pin_ADC_in_net_0 to tmpOE__MOSI_1_net_0
Aliasing \SPIS_1:BSPIS:tx_status_5\ to zero
Aliasing \SPIS_1:BSPIS:tx_status_4\ to zero
Aliasing \SPIS_1:BSPIS:tx_status_3\ to zero
Aliasing \SPIS_1:BSPIS:rx_status_2\ to zero
Aliasing \SPIS_1:BSPIS:rx_status_1\ to zero
Aliasing \SPIS_1:BSPIS:rx_status_0\ to zero
Aliasing \SPIS_1:BSPIS:reset\ to zero
Aliasing \SPIS_1:BSPIS:sR16:Dp:cs_addr_1\ to zero
Aliasing tmpOE__SS_1_net_0 to tmpOE__MOSI_1_net_0
Aliasing tmpOE__LED_net_0 to tmpOE__MOSI_1_net_0
Aliasing \ADC_DelSig_1:Net_482\ to zero
Aliasing \ADC_DelSig_1:Net_252\ to zero
Aliasing \ADC_DelSig_1:soc\ to tmpOE__MOSI_1_net_0
Removing Lhs of wire one[6] = tmpOE__MOSI_1_net_0[1]
Removing Lhs of wire tmpOE__SCLK_1_net_0[9] = tmpOE__MOSI_1_net_0[1]
Removing Lhs of wire tmpOE__MISO_1_net_0[15] = tmpOE__MOSI_1_net_0[1]
Removing Lhs of wire tmpOE__Pin_ADC_in_net_0[22] = tmpOE__MOSI_1_net_0[1]
Removing Lhs of wire \SPIS_1:BSPIS:cnt_reset\[28] = Net_77[29]
Removing Rhs of wire \SPIS_1:BSPIS:tx_load\[31] = \SPIS_1:BSPIS:load\[32]
Removing Rhs of wire \SPIS_1:BSPIS:tx_load\[31] = \SPIS_1:BSPIS:dpcounter_one\[49]
Removing Lhs of wire \SPIS_1:BSPIS:prc_clk_src\[39] = Net_37[10]
Removing Rhs of wire \SPIS_1:Net_81\[42] = \SPIS_1:Net_176\[181]
Removing Rhs of wire \SPIS_1:BSPIS:miso_from_dp\[58] = \SPIS_1:BSPIS:mosi_from_dpL\[164]
Removing Lhs of wire \SPIS_1:BSPIS:tx_status_2\[61] = \SPIS_1:BSPIS:miso_tx_empty_reg_fin\[52]
Removing Rhs of wire \SPIS_1:BSPIS:tx_status_1\[62] = \SPIS_1:BSPIS:dpMISO_fifo_not_full\[63]
Removing Lhs of wire \SPIS_1:BSPIS:tx_status_6\[64] = \SPIS_1:BSPIS:byte_complete\[33]
Removing Lhs of wire \SPIS_1:BSPIS:rx_status_3\[67] = \SPIS_1:BSPIS:dpMOSI_fifo_not_empty\[66]
Removing Lhs of wire \SPIS_1:BSPIS:rx_status_5\[68] = \SPIS_1:BSPIS:rx_buf_overrun\[36]
Removing Lhs of wire \SPIS_1:BSPIS:rx_status_6\[69] = \SPIS_1:BSPIS:dpMOSI_fifo_full_reg\[57]
Removing Lhs of wire \SPIS_1:BSPIS:tx_status_5\[70] = zero[2]
Removing Lhs of wire \SPIS_1:BSPIS:tx_status_4\[71] = zero[2]
Removing Lhs of wire \SPIS_1:BSPIS:tx_status_3\[72] = zero[2]
Removing Lhs of wire \SPIS_1:BSPIS:rx_status_2\[73] = zero[2]
Removing Lhs of wire \SPIS_1:BSPIS:rx_status_1\[74] = zero[2]
Removing Lhs of wire \SPIS_1:BSPIS:rx_status_0\[75] = zero[2]
Removing Lhs of wire \SPIS_1:BSPIS:mosi_fin\[76] = \SPIS_1:Net_75\[77]
Removing Lhs of wire \SPIS_1:Net_75\[77] = Net_36[3]
Removing Lhs of wire \SPIS_1:BSPIS:reset\[103] = zero[2]
Removing Lhs of wire \SPIS_1:BSPIS:sR16:Dp:cs_addr_1\[104] = zero[2]
Removing Lhs of wire tmpOE__SS_1_net_0[185] = tmpOE__MOSI_1_net_0[1]
Removing Lhs of wire tmpOE__LED_net_0[190] = tmpOE__MOSI_1_net_0[1]
Removing Rhs of wire \ADC_DelSig_1:Net_488\[207] = \ADC_DelSig_1:Net_250\[242]
Removing Lhs of wire \ADC_DelSig_1:Net_481\[209] = zero[2]
Removing Lhs of wire \ADC_DelSig_1:Net_482\[210] = zero[2]
Removing Lhs of wire \ADC_DelSig_1:Net_252\[244] = zero[2]
Removing Lhs of wire \ADC_DelSig_1:soc\[246] = tmpOE__MOSI_1_net_0[1]
Removing Lhs of wire \SPIS_1:BSPIS:dpcounter_one_reg\\D\[249] = \SPIS_1:BSPIS:dpcounter_one_fin\[34]
Removing Lhs of wire \SPIS_1:BSPIS:mosi_buf_overrun_fin\\D\[250] = \SPIS_1:BSPIS:mosi_buf_overrun_reg\[37]
Removing Lhs of wire \SPIS_1:BSPIS:mosi_tmp\\D\[251] = Net_36[3]

------------------------------------------------------
Aliased 0 equations, 36 wires.
------------------------------------------------------

----------------------------------------------------------
Circuit simplification
----------------------------------------------------------

Substituting virtuals - pass 1:

Note:  Expanding virtual equation for '\SPIS_1:BSPIS:tx_load\' (cost = 6):
\SPIS_1:BSPIS:tx_load\ <= ((not \SPIS_1:BSPIS:count_3\ and not \SPIS_1:BSPIS:count_2\ and not \SPIS_1:BSPIS:count_1\ and \SPIS_1:BSPIS:count_0\));

Note:  Expanding virtual equation for '\SPIS_1:BSPIS:byte_complete\' (cost = 1):
\SPIS_1:BSPIS:byte_complete\ <= ((not \SPIS_1:BSPIS:dpcounter_one_reg\ and \SPIS_1:BSPIS:dpcounter_one_fin\));


Substituting virtuals - pass 2:


----------------------------------------------------------
Circuit simplification results:

	Expanded 2 signals.
	Turned 0 signals into soft nodes.
	Maximum default expansion cost was set at 3.
----------------------------------------------------------

------------------------------------------------------
Alias Detection
------------------------------------------------------

------------------------------------------------------
Aliased 0 equations, 0 wires.
------------------------------------------------------

Last attempt to remove unused logic - pass 1:


Last attempt to remove unused logic - pass 2:


topld:  No errors.

CYPRESS_DIR    : C:\Program Files (x86)\Cypress\PSoC Creator\4.4\PSoC Creator\warp
Warp Program   : C:\Program Files (x86)\Cypress\PSoC Creator\4.4\PSoC Creator\warp\bin\warp.exe
Warp Arguments : -yv2 -q10 -ygs -o2 -v3 -.fftcfgtype=LE -ya "-.fftprj=C:\Users\hanad\OneDrive\Dokumenter\3. Semester\Projekt\repos\Projects\PRJ3\AMK\BANAN.cydsn\BANAN.cyprj" -dcpsoc3 BANAN.v -verilog
</CYPRESSTAG>
Warp synthesis phase: Elapsed time ==> 3s.015ms
<CYPRESSTAG name="Fitter results...">
<CYPRESSTAG name="Fitter startup details...">
cyp3fit: V4.4.0.80, Family: PSoC3, Started at: Wednesday, 06 December 2023 14:56:57
Options: -yv2 -q10 -ygs -o2 -v3 -.fftcfgtype=LE -ya -.fftprj=C:\Users\hanad\OneDrive\Dokumenter\3. Semester\Projekt\repos\Projects\PRJ3\AMK\BANAN.cydsn\BANAN.cyprj -d CY8C5888LTI-LP097 BANAN.v -verilog
</CYPRESSTAG>
<CYPRESSTAG name="Design parsing">
Design parsing phase: Elapsed time ==> 0s.013ms
</CYPRESSTAG>
<CYPRESSTAG name="Tech Mapping">
<CYPRESSTAG name="Initial Mapping" icon="FILE_RPT_TECHM">
<CYPRESSTAG name="Global Clock Selection" icon="FILE_RPT_TECHM">
    Digital Clock 0: Automatic-assigning  clock 'ADC_DelSig_1_Ext_CP_Clk'. Fanout=1, Signal=\ADC_DelSig_1:Net_93\
    Digital Clock 1: Automatic-assigning  clock 'SPIS_1_IntClock'. Fanout=1, Signal=\SPIS_1:Net_81\
    Analog  Clock 0: Automatic-assigning  clock 'ADC_DelSig_1_theACLK'. Fanout=1, Signal=\ADC_DelSig_1:Net_488\
</CYPRESSTAG>

Removing unused cells resulting from optimization
Done removing unused cells.
<CYPRESSTAG name="UDB Clock/Enable Remapping Results">
    UDB Clk/Enable \SPIS_1:BSPIS:ClkEn\: with output requested to be synchronous
        ClockIn: SPIS_1_IntClock was determined to be a global clock that is synchronous to BUS_CLK
        EnableIn: Constant 1 was determined to be synchronous to ClockIn
        ClockOut: SPIS_1_IntClock, EnableOut: Constant 1
    UDB Clk/Enable \SPIS_1:BSPIS:PrcClkEn\: with output requested to be asynchronous
        ClockIn: SCLK_1(0):iocell.fb was determined to be a routed clock that is asynchronous
        EnableIn: Constant 1 was determined to be synchronous to ClockIn
        ClockOut: SCLK_1(0):iocell.fb, EnableOut: Constant 1
    UDB Clk/Enable \SPIS_1:BSPIS:DpClkEn\: with output requested to be asynchronous
        ClockIn: SCLK_1(0):iocell.fb was determined to be a routed clock that is asynchronous
        EnableIn: Constant 1 was determined to be synchronous to ClockIn
        ClockOut: SCLK_1(0):iocell.fb, EnableOut: Constant 1
</CYPRESSTAG>

Removing unused cells resulting from optimization
Done removing unused cells.
<CYPRESSTAG name="Duplicate Macrocell detection">
</CYPRESSTAG>
</CYPRESSTAG>
<CYPRESSTAG name="Duplicate Macrocell detection">
</CYPRESSTAG>
<CYPRESSTAG name="Design Equations" icon="FILE_RPT_EQUATION">

------------------------------------------------------------
Design Equations
------------------------------------------------------------
    <CYPRESSTAG name="Pin listing">

    ------------------------------------------------------------
    Pin listing
    ------------------------------------------------------------

    Pin : Name = MOSI_1(0)
        Attributes:
            In Group/Port: True
            In Sync Option: NOSYNC
            Out Sync Option: AUTO
            Interrupt generated: False
            Interrupt mode: NONE
            Drive mode: HI_Z_DIGITAL
            VTrip: CMOS
            Slew: FAST
            Input Sync needed: False
            Output Sync needed: False
            SC shield enabled: False
            POR State: ANY
            LCD Mode: COMMON
            Register Mode: RegComb
            CaSense Mode: NEITHER
            Treat as pin: True
            Is OE Registered: False
            Uses Analog: False
            Can contain Digital: True
            Is SIO: False
            SIO Output Buf: NONREGULATED
            SIO Input Buf: SINGLE_ENDED
            SIO HiFreq: LOW
            SIO Hyst: DISABLED
            SIO Vtrip: MULTIPLIER_0_5
            SIO Multiplier Index: 0
            SIO RefSel: VCC_IO
            Required Capabilities: DIGITAL, ROUTABLE
            Initial Value: 0
            IO Voltage: 0
        PORT MAP (
            pa_out => MOSI_1(0)__PA ,
            fb => Net_36 ,
            pad => MOSI_1(0)_PAD );
        Properties:
        {
        }

    Pin : Name = SCLK_1(0)
        Attributes:
            In Group/Port: True
            In Sync Option: NOSYNC
            Out Sync Option: AUTO
            Interrupt generated: False
            Interrupt mode: NONE
            Drive mode: HI_Z_DIGITAL
            VTrip: CMOS
            Slew: FAST
            Input Sync needed: False
            Output Sync needed: False
            SC shield enabled: False
            POR State: ANY
            LCD Mode: COMMON
            Register Mode: RegComb
            CaSense Mode: NEITHER
            Treat as pin: True
            Is OE Registered: False
            Uses Analog: False
            Can contain Digital: True
            Is SIO: False
            SIO Output Buf: NONREGULATED
            SIO Input Buf: SINGLE_ENDED
            SIO HiFreq: LOW
            SIO Hyst: DISABLED
            SIO Vtrip: MULTIPLIER_0_5
            SIO Multiplier Index: 0
            SIO RefSel: VCC_IO
            Required Capabilities: DIGITAL, ROUTABLE
            Initial Value: 0
            IO Voltage: 0
        PORT MAP (
            pa_out => SCLK_1(0)__PA ,
            fb => Net_37 ,
            pad => SCLK_1(0)_PAD );
        Properties:
        {
        }

    Pin : Name = MISO_1(0)
        Attributes:
            In Group/Port: True
            In Sync Option: AUTO
            Out Sync Option: NOSYNC
            Interrupt generated: False
            Interrupt mode: NONE
            Drive mode: CMOS_OUT
            VTrip: EITHER
            Slew: FAST
            Input Sync needed: False
            Output Sync needed: False
            SC shield enabled: False
            POR State: ANY
            LCD Mode: COMMON
            Register Mode: RegComb
            CaSense Mode: NEITHER
            Treat as pin: True
            Is OE Registered: False
            Uses Analog: False
            Can contain Digital: True
            Is SIO: False
            SIO Output Buf: NONREGULATED
            SIO Input Buf: SINGLE_ENDED
            SIO HiFreq: LOW
            SIO Hyst: DISABLED
            SIO Vtrip: MULTIPLIER_0_5
            SIO Multiplier Index: 0
            SIO RefSel: VCC_IO
            Required Capabilities: DIGITAL, ROUTABLE
            Initial Value: 0
            IO Voltage: 0
        PORT MAP (
            pa_out => MISO_1(0)__PA ,
            pin_input => Net_38 ,
            pad => MISO_1(0)_PAD );
        Properties:
        {
        }

    Pin : Name = Pin_ADC_in(0)
        Attributes:
            In Group/Port: True
            In Sync Option: AUTO
            Out Sync Option: AUTO
            Interrupt generated: False
            Interrupt mode: NONE
            Drive mode: HI_Z_ANALOG
            VTrip: EITHER
            Slew: FAST
            Input Sync needed: False
            Output Sync needed: False
            SC shield enabled: False
            POR State: ANY
            LCD Mode: COMMON
            Register Mode: RegComb
            CaSense Mode: NEITHER
            Treat as pin: True
            Is OE Registered: False
            Uses Analog: True
            Can contain Digital: False
            Is SIO: False
            SIO Output Buf: NONREGULATED
            SIO Input Buf: SINGLE_ENDED
            SIO HiFreq: LOW
            SIO Hyst: DISABLED
            SIO Vtrip: MULTIPLIER_0_5
            SIO Multiplier Index: 0
            SIO RefSel: VCC_IO
            Required Capabilities: ANALOG
            Initial Value: 0
            IO Voltage: 0
        PORT MAP (
            pa_out => Pin_ADC_in(0)__PA ,
            analog_term => Net_96 ,
            pad => Pin_ADC_in(0)_PAD );
        Properties:
        {
        }

    Pin : Name = SS_1(0)
        Attributes:
            In Group/Port: True
            In Sync Option: NOSYNC
            Out Sync Option: AUTO
            Interrupt generated: False
            Interrupt mode: NONE
            Drive mode: HI_Z_DIGITAL
            VTrip: CMOS
            Slew: FAST
            Input Sync needed: False
            Output Sync needed: False
            SC shield enabled: False
            POR State: ANY
            LCD Mode: COMMON
            Register Mode: RegComb
            CaSense Mode: NEITHER
            Treat as pin: True
            Is OE Registered: False
            Uses Analog: False
            Can contain Digital: True
            Is SIO: False
            SIO Output Buf: NONREGULATED
            SIO Input Buf: SINGLE_ENDED
            SIO HiFreq: LOW
            SIO Hyst: DISABLED
            SIO Vtrip: MULTIPLIER_0_5
            SIO Multiplier Index: 0
            SIO RefSel: VCC_IO
            Required Capabilities: DIGITAL, ROUTABLE
            Initial Value: 0
            IO Voltage: 0
        PORT MAP (
            pa_out => SS_1(0)__PA ,
            fb => Net_77 ,
            pad => SS_1(0)_PAD );
        Properties:
        {
        }

    Pin : Name = LED(0)
        Attributes:
            In Group/Port: True
            In Sync Option: AUTO
            Out Sync Option: NOSYNC
            Interrupt generated: False
            Interrupt mode: NONE
            Drive mode: CMOS_OUT
            VTrip: EITHER
            Slew: FAST
            Input Sync needed: False
            Output Sync needed: False
            SC shield enabled: False
            POR State: ANY
            LCD Mode: COMMON
            Register Mode: RegComb
            CaSense Mode: NEITHER
            Treat as pin: True
            Is OE Registered: False
            Uses Analog: False
            Can contain Digital: True
            Is SIO: False
            SIO Output Buf: NONREGULATED
            SIO Input Buf: SINGLE_ENDED
            SIO HiFreq: LOW
            SIO Hyst: DISABLED
            SIO Vtrip: MULTIPLIER_0_5
            SIO Multiplier Index: 0
            SIO RefSel: VCC_IO
            Required Capabilities: DIGITAL
            Initial Value: 0
            IO Voltage: 0
        PORT MAP (
            pa_out => LED(0)__PA ,
            pad => LED(0)_PAD );
        Properties:
        {
        }
    </CYPRESSTAG>
    <CYPRESSTAG name="Macrocell listing" icon="FILE_RPT_EQUATION">

    ------------------------------------------------------------
    Macrocell listing
    ------------------------------------------------------------

    MacroCell: Name=\SPIS_1:BSPIS:inv_ss\, Mode=(Combinatorial)
        Total # of inputs        : 1
        Total # of product terms : 1
            Clock Enable: True
        Main Equation            : 1 pterm
        (
              !Net_77
        );
        Output = \SPIS_1:BSPIS:inv_ss\ (fanout=3)

    MacroCell: Name=\SPIS_1:BSPIS:tx_load\, Mode=(Combinatorial)
        Total # of inputs        : 4
        Total # of product terms : 1
            Clock Enable: True
        Main Equation            : 1 pterm
        (
              !\SPIS_1:BSPIS:count_3\ * !\SPIS_1:BSPIS:count_2\ * 
              !\SPIS_1:BSPIS:count_1\ * \SPIS_1:BSPIS:count_0\
        );
        Output = \SPIS_1:BSPIS:tx_load\ (fanout=5)

    MacroCell: Name=\SPIS_1:BSPIS:byte_complete\, Mode=(Combinatorial)
        Total # of inputs        : 2
        Total # of product terms : 1
            Clock Enable: True
        Main Equation            : 1 pterm
        (
              \SPIS_1:BSPIS:dpcounter_one_fin\ * 
              !\SPIS_1:BSPIS:dpcounter_one_reg\
        );
        Output = \SPIS_1:BSPIS:byte_complete\ (fanout=1)

    MacroCell: Name=\SPIS_1:BSPIS:rx_buf_overrun\, Mode=(Combinatorial)
        Total # of inputs        : 2
        Total # of product terms : 1
            Clock Enable: True
        Main Equation            : 1 pterm
        (
              \SPIS_1:BSPIS:mosi_buf_overrun_reg\ * 
              !\SPIS_1:BSPIS:mosi_buf_overrun_fin\
        );
        Output = \SPIS_1:BSPIS:rx_buf_overrun\ (fanout=1)

    MacroCell: Name=Net_38, Mode=(Combinatorial)
        Total # of inputs        : 2
        Total # of product terms : 1
            Clock Enable: True
        Main Equation            : 1 pterm
        (
              !Net_77 * \SPIS_1:BSPIS:miso_from_dp\
        );
        Output = Net_38 (fanout=1)

    MacroCell: Name=\SPIS_1:BSPIS:mosi_buf_overrun\, Mode=(Combinatorial)
        Total # of inputs        : 5
        Total # of product terms : 1
            Clock Enable: True
        Main Equation            : 1 pterm
        (
              \SPIS_1:BSPIS:dpMOSI_fifo_full\ * !\SPIS_1:BSPIS:count_3\ * 
              !\SPIS_1:BSPIS:count_2\ * !\SPIS_1:BSPIS:count_1\ * 
              \SPIS_1:BSPIS:count_0\
        );
        Output = \SPIS_1:BSPIS:mosi_buf_overrun\ (fanout=1)

    MacroCell: Name=\SPIS_1:BSPIS:tx_status_0\, Mode=(Combinatorial)
        Total # of inputs        : 3
        Total # of product terms : 1
            Clock Enable: True
        Main Equation            : 1 pterm
        (
              \SPIS_1:BSPIS:dpcounter_one_fin\ * 
              !\SPIS_1:BSPIS:dpcounter_one_reg\ * 
              \SPIS_1:BSPIS:miso_tx_empty_reg_fin\
        );
        Output = \SPIS_1:BSPIS:tx_status_0\ (fanout=1)

    MacroCell: Name=\SPIS_1:BSPIS:rx_status_4\, Mode=(Combinatorial)
        Total # of inputs        : 1
        Total # of product terms : 1
            Clock Enable: True
        Main Equation            : 1 pterm
        (
              !\SPIS_1:BSPIS:dpMOSI_fifo_not_empty\
        );
        Output = \SPIS_1:BSPIS:rx_status_4\ (fanout=1)

    MacroCell: Name=\SPIS_1:BSPIS:mosi_to_dp\, Mode=(Combinatorial)
        Total # of inputs        : 6
        Total # of product terms : 5
            Clock Enable: True
        Main Equation            : 5 pterms
        (
              Net_36 * !\SPIS_1:BSPIS:count_3\ * !\SPIS_1:BSPIS:count_2\ * 
              !\SPIS_1:BSPIS:count_1\ * \SPIS_1:BSPIS:count_0\
            + \SPIS_1:BSPIS:count_3\ * \SPIS_1:BSPIS:mosi_tmp\
            + \SPIS_1:BSPIS:count_2\ * \SPIS_1:BSPIS:mosi_tmp\
            + \SPIS_1:BSPIS:count_1\ * \SPIS_1:BSPIS:mosi_tmp\
            + !\SPIS_1:BSPIS:count_0\ * \SPIS_1:BSPIS:mosi_tmp\
        );
        Output = \SPIS_1:BSPIS:mosi_to_dp\ (fanout=2)

    MacroCell: Name=__ONE__, Mode=(Combinatorial)
        Total # of inputs        : 0
        Total # of product terms : 0
            Clock Enable: True
        Main Equation            : 0 pterms
        !(
            0
        );
        Output = __ONE__ (fanout=1)

    MacroCell: Name=\SPIS_1:BSPIS:dpcounter_one_reg\, Mode=(D-Register)
        Total # of inputs        : 1
        Total # of product terms : 1
        List of special equations: 
            Clock  = (\SPIS_1:Net_81\) => Global
            Clock Enable: True
        Main Equation            : 1 pterm
        (
              \SPIS_1:BSPIS:dpcounter_one_fin\
        );
        Output = \SPIS_1:BSPIS:dpcounter_one_reg\ (fanout=2)

    MacroCell: Name=\SPIS_1:BSPIS:mosi_buf_overrun_fin\, Mode=(D-Register)
        Total # of inputs        : 1
        Total # of product terms : 1
        List of special equations: 
            Clock  = (\SPIS_1:Net_81\) => Global
            Clock Enable: True
        Main Equation            : 1 pterm
        (
              \SPIS_1:BSPIS:mosi_buf_overrun_reg\
        );
        Output = \SPIS_1:BSPIS:mosi_buf_overrun_fin\ (fanout=1)

    MacroCell: Name=\SPIS_1:BSPIS:mosi_tmp\, Mode=(D-Register)
        Total # of inputs        : 1
        Total # of product terms : 1
        List of special equations: 
            Clock  = (Net_37)
            Clock Enable: True
        Main Equation            : 1 pterm
        (
              Net_36
        );
        Output = \SPIS_1:BSPIS:mosi_tmp\ (fanout=1)
    </CYPRESSTAG>
    <CYPRESSTAG name="Datapath listing">

    ------------------------------------------------------------
    Datapath listing
    ------------------------------------------------------------

    datapathcell: Name =\SPIS_1:BSPIS:sR16:Dp:u0\
        PORT MAP (
            clock => Net_37 ,
            cs_addr_2 => \SPIS_1:BSPIS:inv_ss\ ,
            cs_addr_0 => \SPIS_1:BSPIS:tx_load\ ,
            route_si => \SPIS_1:BSPIS:mosi_to_dp\ ,
            f1_load => \SPIS_1:BSPIS:tx_load\ ,
            chain_out => \SPIS_1:BSPIS:sR16:Dp:carry\ );
        Properties:
        {
            a0_init = "00000000"
            a1_init = "00000000"
            ce0_sync = 1
            ce1_sync = 1
            cl0_sync = 1
            cl1_sync = 1
            cmsb_sync = 1
            co_msb_sync = 1
            cy_dpconfig = "0000000000000000000000000000000000000000000000000000000000000000000000010100000000000001110000000000000000000000000000000000000011111111000000001111111111111111000000000000001000001100011100000001000010001100"
            d0_init = "00000000"
            d1_init = "00000000"
            f0_blk_sync = 1
            f0_bus_sync = 1
            f1_blk_sync = 1
            f1_bus_sync = 1
            ff0_sync = 1
            ff1_sync = 1
            ov_msb_sync = 1
            so_sync = 1
            z0_sync = 1
            z1_sync = 1
        }
        Clock Polarity: Active Low
        Clock Enable: True
        Next in chain : \SPIS_1:BSPIS:sR16:Dp:u1\

    datapathcell: Name =\SPIS_1:BSPIS:sR16:Dp:u1\
        PORT MAP (
            clock => Net_37 ,
            cs_addr_2 => \SPIS_1:BSPIS:inv_ss\ ,
            cs_addr_0 => \SPIS_1:BSPIS:tx_load\ ,
            route_si => \SPIS_1:BSPIS:mosi_to_dp\ ,
            f1_load => \SPIS_1:BSPIS:tx_load\ ,
            so_comb => \SPIS_1:BSPIS:miso_from_dp\ ,
            f0_bus_stat_comb => \SPIS_1:BSPIS:tx_status_1\ ,
            f0_blk_stat_comb => \SPIS_1:BSPIS:dpMISO_fifo_empty\ ,
            f1_bus_stat_comb => \SPIS_1:BSPIS:dpMOSI_fifo_not_empty\ ,
            f1_blk_stat_comb => \SPIS_1:BSPIS:dpMOSI_fifo_full\ ,
            chain_in => \SPIS_1:BSPIS:sR16:Dp:carry\ );
        Properties:
        {
            a0_init = "00000000"
            a1_init = "00000000"
            ce0_sync = 1
            ce1_sync = 1
            cl0_sync = 1
            cl1_sync = 1
            cmsb_sync = 1
            co_msb_sync = 1
            cy_dpconfig = "0000000000000000000000000000000000000000000000000000000000000000000000010100000000000001110000000000000000000000000000000000000011111111000000001111111111111111000000000010001100001100111100000001000010001100"
            d0_init = "00000000"
            d1_init = "00000000"
            f0_blk_sync = 1
            f0_bus_sync = 1
            f1_blk_sync = 1
            f1_bus_sync = 1
            ff0_sync = 1
            ff1_sync = 1
            ov_msb_sync = 1
            so_sync = 1
            z0_sync = 1
            z1_sync = 1
        }
        Clock Polarity: Active Low
        Clock Enable: True
        Previous in chain : \SPIS_1:BSPIS:sR16:Dp:u0\
    </CYPRESSTAG>
    <CYPRESSTAG name="Status register listing">
    </CYPRESSTAG>
    <CYPRESSTAG name="StatusI register listing">

    ------------------------------------------------------------
    StatusI register listing
    ------------------------------------------------------------

    statusicell: Name =\SPIS_1:BSPIS:TxStsReg\
        PORT MAP (
            clock => \SPIS_1:Net_81\ ,
            status_6 => \SPIS_1:BSPIS:byte_complete\ ,
            status_2 => \SPIS_1:BSPIS:miso_tx_empty_reg_fin\ ,
            status_1 => \SPIS_1:BSPIS:tx_status_1\ ,
            status_0 => \SPIS_1:BSPIS:tx_status_0\ );
        Properties:
        {
            cy_force_order = 1
            cy_int_mask = "1111111"
            cy_md_select = "1000001"
        }
        Clock Polarity: Active High
        Clock Enable: True

    statusicell: Name =\SPIS_1:BSPIS:RxStsReg\
        PORT MAP (
            clock => \SPIS_1:Net_81\ ,
            status_6 => \SPIS_1:BSPIS:dpMOSI_fifo_full_reg\ ,
            status_5 => \SPIS_1:BSPIS:rx_buf_overrun\ ,
            status_4 => \SPIS_1:BSPIS:rx_status_4\ ,
            status_3 => \SPIS_1:BSPIS:dpMOSI_fifo_not_empty\ );
        Properties:
        {
            cy_force_order = 1
            cy_int_mask = "1111111"
            cy_md_select = "0100000"
        }
        Clock Polarity: Active High
        Clock Enable: True
    </CYPRESSTAG>
    <CYPRESSTAG name="Sync listing">

    ------------------------------------------------------------
    Sync listing
    ------------------------------------------------------------

    synccell: Name =\SPIS_1:BSPIS:sync_1\
        PORT MAP (
            clock => \SPIS_1:Net_81\ ,
            in => \SPIS_1:BSPIS:tx_load\ ,
            out => \SPIS_1:BSPIS:dpcounter_one_fin\ );
        Clock Polarity: Active High
        Clock Enable: True

    synccell: Name =\SPIS_1:BSPIS:sync_2\
        PORT MAP (
            clock => \SPIS_1:Net_81\ ,
            in => \SPIS_1:BSPIS:dpMISO_fifo_empty\ ,
            out => \SPIS_1:BSPIS:miso_tx_empty_reg_fin\ );
        Clock Polarity: Active High
        Clock Enable: True

    synccell: Name =\SPIS_1:BSPIS:sync_3\
        PORT MAP (
            clock => \SPIS_1:Net_81\ ,
            in => \SPIS_1:BSPIS:mosi_buf_overrun\ ,
            out => \SPIS_1:BSPIS:mosi_buf_overrun_reg\ );
        Clock Polarity: Active High
        Clock Enable: True

    synccell: Name =\SPIS_1:BSPIS:sync_4\
        PORT MAP (
            clock => \SPIS_1:Net_81\ ,
            in => \SPIS_1:BSPIS:dpMOSI_fifo_full\ ,
            out => \SPIS_1:BSPIS:dpMOSI_fifo_full_reg\ );
        Clock Polarity: Active High
        Clock Enable: True
    </CYPRESSTAG>
    <CYPRESSTAG name="Control register listing">
    </CYPRESSTAG>
    <CYPRESSTAG name="Count7 listing">

    ------------------------------------------------------------
    Count7 listing
    ------------------------------------------------------------

    count7cell: Name =\SPIS_1:BSPIS:BitCounter\
        PORT MAP (
            clock => Net_37 ,
            reset => Net_77 ,
            enable => \SPIS_1:BSPIS:inv_ss\ ,
            count_6 => \SPIS_1:BSPIS:count_6\ ,
            count_5 => \SPIS_1:BSPIS:count_5\ ,
            count_4 => \SPIS_1:BSPIS:count_4\ ,
            count_3 => \SPIS_1:BSPIS:count_3\ ,
            count_2 => \SPIS_1:BSPIS:count_2\ ,
            count_1 => \SPIS_1:BSPIS:count_1\ ,
            count_0 => \SPIS_1:BSPIS:count_0\ );
        Properties:
        {
            cy_alt_mode = 0
            cy_init_value = "0000000"
            cy_period = "0001111"
            cy_route_en = 1
            cy_route_ld = 0
        }
        Clock Polarity: Active Low
        Clock Enable: True
    </CYPRESSTAG>
    <CYPRESSTAG name="DRQ listing">
    </CYPRESSTAG>
    <CYPRESSTAG name="Interrupt listing">

    ------------------------------------------------------------
    Interrupt listing
    ------------------------------------------------------------

    interrupt: Name =\ADC_DelSig_1:IRQ\
        PORT MAP (
            interrupt => Net_99 );
        Properties:
        {
            int_type = "10"
            is_nmi = 0
        }
    </CYPRESSTAG>
</CYPRESSTAG>
<CYPRESSTAG name="Technology mapping summary" expanded>

------------------------------------------------------------
Technology mapping summary
------------------------------------------------------------

Resource Type                 : Used : Free :  Max :  % Used
============================================================
Digital Clocks                :    2 :    6 :    8 : 25.00 %
Analog Clocks                 :    1 :    3 :    4 : 25.00 %
CapSense Buffers              :    0 :    2 :    2 :  0.00 %
Digital Filter Block          :    0 :    1 :    1 :  0.00 %
Interrupts                    :    1 :   31 :   32 :  3.13 %
IO                            :    9 :   39 :   48 : 18.75 %
Segment LCD                   :    0 :    1 :    1 :  0.00 %
CAN 2.0b                      :    0 :    1 :    1 :  0.00 %
I2C                           :    0 :    1 :    1 :  0.00 %
USB                           :    0 :    1 :    1 :  0.00 %
DMA Channels                  :    0 :   24 :   24 :  0.00 %
Timer                         :    0 :    4 :    4 :  0.00 %
UDB                           :      :      :      :        
  Macrocells                  :   13 :  179 :  192 :  6.77 %
  Unique P-terms              :   16 :  368 :  384 :  4.17 %
  Total P-terms               :   16 :      :      :        
  Datapath Cells              :    2 :   22 :   24 :  8.33 %
  Status Cells                :    4 :   20 :   24 : 16.67 %
    StatusI Registers         :    2 :      :      :        
    Sync Cells (x4)           :    1 :      :      :        
    Routed Count7 Load/Enable :    1 :      :      :        
  Control Cells               :    1 :   23 :   24 :  4.17 %
    Count7 Cells              :    1 :      :      :        
Opamp                         :    0 :    4 :    4 :  0.00 %
Comparator                    :    0 :    4 :    4 :  0.00 %
Delta-Sigma ADC               :    1 :    0 :    1 : 100.00 %
LPF                           :    0 :    2 :    2 :  0.00 %
SAR ADC                       :    0 :    2 :    2 :  0.00 %
Analog (SC/CT) Blocks         :    0 :    4 :    4 :  0.00 %
DAC                           :      :      :      :        
  VIDAC                       :    0 :    4 :    4 :  0.00 %
</CYPRESSTAG>
Technology Mapping: Elapsed time ==> 0s.075ms
Tech Mapping phase: Elapsed time ==> 0s.156ms
</CYPRESSTAG>
<CYPRESSTAG name="Analog Placement">
Info: apr.M0002: Analog signal "\ADC_DelSig_1:Net_35\" is connected to one terminal only. (App=cydsfit)
Initial Analog Placement Results:
IO_1@[IOP=(2)][IoId=(1)] : LED(0) (fixed)
IO_6@[IOP=(1)][IoId=(6)] : MISO_1(0) (fixed)
IO_4@[IOP=(15)][IoId=(4)] : MOSI_1(0) (fixed)
IO_0@[IOP=(0)][IoId=(0)] : Pin_ADC_in(0) (fixed)
IO_5@[IOP=(15)][IoId=(5)] : SCLK_1(0) (fixed)
IO_7@[IOP=(1)][IoId=(7)] : SS_1(0) (fixed)
DSM[0]@[FFB(DSM,0)] : \ADC_DelSig_1:DSM\
Vref[6]@[FFB(Vref,6)] : \ADC_DelSig_1:vRef_2\
Analog Placement Results:
IO_1@[IOP=(2)][IoId=(1)] : LED(0) (fixed)
IO_6@[IOP=(1)][IoId=(6)] : MISO_1(0) (fixed)
IO_4@[IOP=(15)][IoId=(4)] : MOSI_1(0) (fixed)
IO_0@[IOP=(0)][IoId=(0)] : Pin_ADC_in(0) (fixed)
IO_5@[IOP=(15)][IoId=(5)] : SCLK_1(0) (fixed)
IO_7@[IOP=(1)][IoId=(7)] : SS_1(0) (fixed)
DSM[0]@[FFB(DSM,0)] : \ADC_DelSig_1:DSM\
Vref[6]@[FFB(Vref,6)] : \ADC_DelSig_1:vRef_2\

Analog Placement phase: Elapsed time ==> 0s.023ms
</CYPRESSTAG>
<CYPRESSTAG name="Analog Routing">
Analog Routing phase: Elapsed time ==> 0s.000ms
</CYPRESSTAG>
<CYPRESSTAG name="Analog Code Generation">
============ Analog Final Answer Routes ============
Dump of CyAnalogRoutingResultsDB
Map of net to items {
  Net: \ADC_DelSig_1:Net_20\ {
    dsm_0_vminus
  }
  Net: \ADC_DelSig_1:Net_244\ {
    common_vssa
  }
  Net: \ADC_DelSig_1:Net_35\ {
  }
  Net: Net_96 {
    dsm_0_vplus
    agl4_x_dsm_0_vplus
    agl4
    agl4_x_p0_0
    p0_0
  }
  Net: \ADC_DelSig_1:Net_249\ {
  }
  Net: \ADC_DelSig_1:Net_257\ {
  }
  Net: \ADC_DelSig_1:Net_109\ {
  }
  Net: \ADC_DelSig_1:Net_34\ {
  }
  Net: AmuxNet::\ADC_DelSig_1:AMux\ {
    dsm_0_vminus
    dsm_0_vminus_x_dsm_0_vminus_vssa
    dsm_0_vminus_vssa
    common_vssa
  }
}
Map of item to net {
  dsm_0_vplus                                      -> Net_96
  agl4_x_dsm_0_vplus                               -> Net_96
  agl4                                             -> Net_96
  agl4_x_p0_0                                      -> Net_96
  p0_0                                             -> Net_96
  dsm_0_vminus                                     -> \ADC_DelSig_1:Net_20\
  common_vssa                                      -> \ADC_DelSig_1:Net_244\
  dsm_0_vminus_x_dsm_0_vminus_vssa                 -> AmuxNet::\ADC_DelSig_1:AMux\
  dsm_0_vminus_vssa                                -> AmuxNet::\ADC_DelSig_1:AMux\
}
Mux Info {
  Mux: \ADC_DelSig_1:AMux\ {
     Mouth: \ADC_DelSig_1:Net_20\
     Guts:  AmuxNet::\ADC_DelSig_1:AMux\
     IsSingleSwitching: False
     IsStaticSwitching: True
     IsAtMostOneSwitch: False
    Arm: 0 {
      Net:   \ADC_DelSig_1:Net_244\
      Outer: dsm_0_vminus_x_dsm_0_vminus_vssa
      Inner: __open__
      Path {
        common_vssa
        dsm_0_vminus_vssa
        dsm_0_vminus_x_dsm_0_vminus_vssa
        dsm_0_vminus
      }
    }
    Arm: 1 {
      Net:   \ADC_DelSig_1:Net_35\
      Outer: __open__
      Inner: __open__
      Path {
      }
    }
  }
}
Dump of CyP35AnalogRoutingResultsDB
IsVddaHalfUsedForComp = False
IsVddaHalfUsedForSar0 = False
IsVddaHalfUsedForSar1 = False
Analog Code Generation phase: Elapsed time ==> 0s.229ms
</CYPRESSTAG>
<CYPRESSTAG name="Digital Placement">
<CYPRESSTAG name="Detailed placement messages">
I2076: Total run-time: 0.6 sec.

</CYPRESSTAG>
<CYPRESSTAG name="PLD Packing">
<CYPRESSTAG name="PLD Packing Summary" expanded>

------------------------------------------------------------
PLD Packing Summary
------------------------------------------------------------
            Resource Type : Used : Free :  Max :  % Used
    ====================================================
                     PLDs :    8 :   40 :   48 :  16.67%

<CYPRESSTAG name="PLD Statistics">

        PLD Resource Type :     Average/LAB
    =======================================
                   Inputs :            3.00
                   Pterms :            2.00
               Macrocells :            1.63
</CYPRESSTAG>
<CYPRESSTAG name="Packed PLD Contents">
Packed PLD Contents not displayed at this verbose level.</CYPRESSTAG>
</CYPRESSTAG>
PLD Packing: Elapsed time ==> 0s.003ms
</CYPRESSTAG>
<CYPRESSTAG name="Partitioning">
<CYPRESSTAG name="Initial Partitioning Summary">
Initial Partitioning Summary not displayed at this verbose level.</CYPRESSTAG>
<CYPRESSTAG name="Final Partitioning Summary">
Final Partitioning Summary not displayed at this verbose level.</CYPRESSTAG>
Partitioning: Elapsed time ==> 0s.015ms
</CYPRESSTAG>
<CYPRESSTAG name="Final Placement Summary">

------------------------------------------------------------
Final Placement Summary
------------------------------------------------------------

       Resource Type :      Count : Avg Inputs : Avg Outputs
    ========================================================
                 UDB :          4 :       4.75 :       3.25
<CYPRESSTAG name="Final Placement Details">
<CYPRESSTAG name="Component Details">

------------------------------------------------------------
Component Placement Details
------------------------------------------------------------
UDB [UDB=(0,0)] is empty.
UDB [UDB=(0,1)] is empty.
UDB [UDB=(0,2)] is empty.
UDB [UDB=(0,3)] contents:
LAB@[UDB=(0,3)][LB=0] #macrocells=2, #inputs=6, #pterms=6
{
    [McSlotId=0]: (empty)
    [McSlotId=1]: (empty)
    [McSlotId=2]:     MacroCell: Name=\SPIS_1:BSPIS:mosi_to_dp\, Mode=(Combinatorial) @ [UDB=(0,3)][LB=0][MC=2]
        Total # of inputs        : 6
        Total # of product terms : 5
            Clock Enable: True
        Main Equation            : 5 pterms
        (
              Net_36 * !\SPIS_1:BSPIS:count_3\ * !\SPIS_1:BSPIS:count_2\ * 
              !\SPIS_1:BSPIS:count_1\ * \SPIS_1:BSPIS:count_0\
            + \SPIS_1:BSPIS:count_3\ * \SPIS_1:BSPIS:mosi_tmp\
            + \SPIS_1:BSPIS:count_2\ * \SPIS_1:BSPIS:mosi_tmp\
            + \SPIS_1:BSPIS:count_1\ * \SPIS_1:BSPIS:mosi_tmp\
            + !\SPIS_1:BSPIS:count_0\ * \SPIS_1:BSPIS:mosi_tmp\
        );
        Output = \SPIS_1:BSPIS:mosi_to_dp\ (fanout=2)
        Properties               : 
        {
        }

    [McSlotId=3]:     MacroCell: Name=\SPIS_1:BSPIS:mosi_tmp\, Mode=(D-Register) @ [UDB=(0,3)][LB=0][MC=3]
        Total # of inputs        : 1
        Total # of product terms : 1
        List of special equations: 
            Clock  = (Net_37)
            Clock Enable: True
        Main Equation            : 1 pterm
        (
              Net_36
        );
        Output = \SPIS_1:BSPIS:mosi_tmp\ (fanout=1)
        Properties               : 
        {
        }
}

LAB@[UDB=(0,3)][LB=1] #macrocells=2, #inputs=2, #pterms=2
{
    [McSlotId=0]:     MacroCell: Name=\SPIS_1:BSPIS:inv_ss\, Mode=(Combinatorial) @ [UDB=(0,3)][LB=1][MC=0]
        Total # of inputs        : 1
        Total # of product terms : 1
            Clock Enable: True
        Main Equation            : 1 pterm
        (
              !Net_77
        );
        Output = \SPIS_1:BSPIS:inv_ss\ (fanout=4)
        Properties               : 
        {
        }

    [McSlotId=1]: (empty)
    [McSlotId=2]:     MacroCell: Name=Net_38, Mode=(Combinatorial) @ [UDB=(0,3)][LB=1][MC=2]
        Total # of inputs        : 2
        Total # of product terms : 1
            Clock Enable: True
        Main Equation            : 1 pterm
        (
              !Net_77 * \SPIS_1:BSPIS:miso_from_dp\
        );
        Output = Net_38 (fanout=1)
        Properties               : 
        {
        }

    [McSlotId=3]: (empty)
}

datapathcell: Name =\SPIS_1:BSPIS:sR16:Dp:u0\
    PORT MAP (
        clock => Net_37 ,
        cs_addr_2 => \SPIS_1:BSPIS:inv_ss\ ,
        cs_addr_0 => \SPIS_1:BSPIS:tx_load\ ,
        route_si => \SPIS_1:BSPIS:mosi_to_dp\ ,
        f1_load => \SPIS_1:BSPIS:tx_load\ ,
        chain_out => \SPIS_1:BSPIS:sR16:Dp:carry\ );
    Properties:
    {
        a0_init = "00000000"
        a1_init = "00000000"
        ce0_sync = 1
        ce1_sync = 1
        cl0_sync = 1
        cl1_sync = 1
        cmsb_sync = 1
        co_msb_sync = 1
        cy_dpconfig = "0000000000000000000000000000000000000000000000000000000000000000000000010100000000000001110000000000000000000000000000000000000011111111000000001111111111111111000000000000001000001100011100000001000010001100"
        d0_init = "00000000"
        d1_init = "00000000"
        f0_blk_sync = 1
        f0_bus_sync = 1
        f1_blk_sync = 1
        f1_bus_sync = 1
        ff0_sync = 1
        ff1_sync = 1
        ov_msb_sync = 1
        so_sync = 1
        z0_sync = 1
        z1_sync = 1
    }
    Clock Polarity: Active Low
    Clock Enable: True
    Next in chain : \SPIS_1:BSPIS:sR16:Dp:u1\

count7cell: Name =\SPIS_1:BSPIS:BitCounter\
    PORT MAP (
        clock => Net_37 ,
        reset => Net_77 ,
        enable => \SPIS_1:BSPIS:inv_ss\ ,
        count_6 => \SPIS_1:BSPIS:count_6\ ,
        count_5 => \SPIS_1:BSPIS:count_5\ ,
        count_4 => \SPIS_1:BSPIS:count_4\ ,
        count_3 => \SPIS_1:BSPIS:count_3\ ,
        count_2 => \SPIS_1:BSPIS:count_2\ ,
        count_1 => \SPIS_1:BSPIS:count_1\ ,
        count_0 => \SPIS_1:BSPIS:count_0\ );
    Properties:
    {
        cy_alt_mode = 0
        cy_init_value = "0000000"
        cy_period = "0001111"
        cy_route_en = 1
        cy_route_ld = 0
    }
    Clock Polarity: Active Low
    Clock Enable: True

UDB [UDB=(0,4)] contents:
LAB@[UDB=(0,4)][LB=0] #macrocells=1, #inputs=5, #pterms=1
{
    [McSlotId=0]: (empty)
    [McSlotId=1]:     MacroCell: Name=\SPIS_1:BSPIS:mosi_buf_overrun\, Mode=(Combinatorial) @ [UDB=(0,4)][LB=0][MC=1]
        Total # of inputs        : 5
        Total # of product terms : 1
            Clock Enable: True
        Main Equation            : 1 pterm
        (
              \SPIS_1:BSPIS:dpMOSI_fifo_full\ * !\SPIS_1:BSPIS:count_3\ * 
              !\SPIS_1:BSPIS:count_2\ * !\SPIS_1:BSPIS:count_1\ * 
              \SPIS_1:BSPIS:count_0\
        );
        Output = \SPIS_1:BSPIS:mosi_buf_overrun\ (fanout=1)
        Properties               : 
        {
        }

    [McSlotId=2]: (empty)
    [McSlotId=3]: (empty)
}

LAB@[UDB=(0,4)][LB=1] #macrocells=1, #inputs=4, #pterms=1
{
    [McSlotId=0]: (empty)
    [McSlotId=1]: (empty)
    [McSlotId=2]:     MacroCell: Name=\SPIS_1:BSPIS:tx_load\, Mode=(Combinatorial) @ [UDB=(0,4)][LB=1][MC=2]
        Total # of inputs        : 4
        Total # of product terms : 1
            Clock Enable: True
        Main Equation            : 1 pterm
        (
              !\SPIS_1:BSPIS:count_3\ * !\SPIS_1:BSPIS:count_2\ * 
              !\SPIS_1:BSPIS:count_1\ * \SPIS_1:BSPIS:count_0\
        );
        Output = \SPIS_1:BSPIS:tx_load\ (fanout=5)
        Properties               : 
        {
        }

    [McSlotId=3]: (empty)
}

synccell: Name =\SPIS_1:BSPIS:sync_2\
    PORT MAP (
        clock => \SPIS_1:Net_81\ ,
        in => \SPIS_1:BSPIS:dpMISO_fifo_empty\ ,
        out => \SPIS_1:BSPIS:miso_tx_empty_reg_fin\ );
    Properties:
    {
    }
    Clock Polarity: Active High
    Clock Enable: True

synccell: Name =\SPIS_1:BSPIS:sync_4\
    PORT MAP (
        clock => \SPIS_1:Net_81\ ,
        in => \SPIS_1:BSPIS:dpMOSI_fifo_full\ ,
        out => \SPIS_1:BSPIS:dpMOSI_fifo_full_reg\ );
    Properties:
    {
    }
    Clock Polarity: Active High
    Clock Enable: True

synccell: Name =\SPIS_1:BSPIS:sync_1\
    PORT MAP (
        clock => \SPIS_1:Net_81\ ,
        in => \SPIS_1:BSPIS:tx_load\ ,
        out => \SPIS_1:BSPIS:dpcounter_one_fin\ );
    Properties:
    {
    }
    Clock Polarity: Active High
    Clock Enable: True

synccell: Name =\SPIS_1:BSPIS:sync_3\
    PORT MAP (
        clock => \SPIS_1:Net_81\ ,
        in => \SPIS_1:BSPIS:mosi_buf_overrun\ ,
        out => \SPIS_1:BSPIS:mosi_buf_overrun_reg\ );
    Properties:
    {
    }
    Clock Polarity: Active High
    Clock Enable: True

UDB [UDB=(0,5)] is empty.
UDB [UDB=(1,0)] is empty.
UDB [UDB=(1,1)] is empty.
UDB [UDB=(1,2)] is empty.
UDB [UDB=(1,3)] contents:
LAB@[UDB=(1,3)][LB=0] #macrocells=1, #inputs=1, #pterms=1
{
    [McSlotId=0]: (empty)
    [McSlotId=1]:     MacroCell: Name=\SPIS_1:BSPIS:rx_status_4\, Mode=(Combinatorial) @ [UDB=(1,3)][LB=0][MC=1]
        Total # of inputs        : 1
        Total # of product terms : 1
            Clock Enable: True
        Main Equation            : 1 pterm
        (
              !\SPIS_1:BSPIS:dpMOSI_fifo_not_empty\
        );
        Output = \SPIS_1:BSPIS:rx_status_4\ (fanout=1)
        Properties               : 
        {
        }

    [McSlotId=2]: (empty)
    [McSlotId=3]: (empty)
}

LAB@[UDB=(1,3)][LB=1] #macrocells=1, #inputs=0, #pterms=0
{
    [McSlotId=0]: (empty)
    [McSlotId=1]: (empty)
    [McSlotId=2]:     MacroCell: Name=__ONE__, Mode=(Combinatorial) @ [UDB=(1,3)][LB=1][MC=2]
        Total # of inputs        : 0
        Total # of product terms : 0
            Clock Enable: True
        Main Equation            : 0 pterms
        !(
            0
        );
        Output = __ONE__ (fanout=1)
        Properties               : 
        {
        }

    [McSlotId=3]: (empty)
}

datapathcell: Name =\SPIS_1:BSPIS:sR16:Dp:u1\
    PORT MAP (
        clock => Net_37 ,
        cs_addr_2 => \SPIS_1:BSPIS:inv_ss\ ,
        cs_addr_0 => \SPIS_1:BSPIS:tx_load\ ,
        route_si => \SPIS_1:BSPIS:mosi_to_dp\ ,
        f1_load => \SPIS_1:BSPIS:tx_load\ ,
        so_comb => \SPIS_1:BSPIS:miso_from_dp\ ,
        f0_bus_stat_comb => \SPIS_1:BSPIS:tx_status_1\ ,
        f0_blk_stat_comb => \SPIS_1:BSPIS:dpMISO_fifo_empty\ ,
        f1_bus_stat_comb => \SPIS_1:BSPIS:dpMOSI_fifo_not_empty\ ,
        f1_blk_stat_comb => \SPIS_1:BSPIS:dpMOSI_fifo_full\ ,
        chain_in => \SPIS_1:BSPIS:sR16:Dp:carry\ );
    Properties:
    {
        a0_init = "00000000"
        a1_init = "00000000"
        ce0_sync = 1
        ce1_sync = 1
        cl0_sync = 1
        cl1_sync = 1
        cmsb_sync = 1
        co_msb_sync = 1
        cy_dpconfig = "0000000000000000000000000000000000000000000000000000000000000000000000010100000000000001110000000000000000000000000000000000000011111111000000001111111111111111000000000010001100001100111100000001000010001100"
        d0_init = "00000000"
        d1_init = "00000000"
        f0_blk_sync = 1
        f0_bus_sync = 1
        f1_blk_sync = 1
        f1_bus_sync = 1
        ff0_sync = 1
        ff1_sync = 1
        ov_msb_sync = 1
        so_sync = 1
        z0_sync = 1
        z1_sync = 1
    }
    Clock Polarity: Active Low
    Clock Enable: True
    Previous in chain : \SPIS_1:BSPIS:sR16:Dp:u0\

statusicell: Name =\SPIS_1:BSPIS:RxStsReg\
    PORT MAP (
        clock => \SPIS_1:Net_81\ ,
        status_6 => \SPIS_1:BSPIS:dpMOSI_fifo_full_reg\ ,
        status_5 => \SPIS_1:BSPIS:rx_buf_overrun\ ,
        status_4 => \SPIS_1:BSPIS:rx_status_4\ ,
        status_3 => \SPIS_1:BSPIS:dpMOSI_fifo_not_empty\ );
    Properties:
    {
        cy_force_order = 1
        cy_int_mask = "1111111"
        cy_md_select = "0100000"
    }
    Clock Polarity: Active High
    Clock Enable: True

UDB [UDB=(1,4)] contents:
LAB@[UDB=(1,4)][LB=0] #macrocells=4, #inputs=5, #pterms=4
{
    [McSlotId=0]:     MacroCell: Name=\SPIS_1:BSPIS:tx_status_0\, Mode=(Combinatorial) @ [UDB=(1,4)][LB=0][MC=0]
        Total # of inputs        : 3
        Total # of product terms : 1
            Clock Enable: True
        Main Equation            : 1 pterm
        (
              \SPIS_1:BSPIS:dpcounter_one_fin\ * 
              !\SPIS_1:BSPIS:dpcounter_one_reg\ * 
              \SPIS_1:BSPIS:miso_tx_empty_reg_fin\
        );
        Output = \SPIS_1:BSPIS:tx_status_0\ (fanout=1)
        Properties               : 
        {
        }

    [McSlotId=1]:     MacroCell: Name=\SPIS_1:BSPIS:dpcounter_one_reg\, Mode=(D-Register) @ [UDB=(1,4)][LB=0][MC=1]
        Total # of inputs        : 1
        Total # of product terms : 1
        List of special equations: 
            Clock  = (\SPIS_1:Net_81\) => Global
            Clock Enable: True
        Main Equation            : 1 pterm
        (
              \SPIS_1:BSPIS:dpcounter_one_fin\
        );
        Output = \SPIS_1:BSPIS:dpcounter_one_reg\ (fanout=2)
        Properties               : 
        {
        }

    [McSlotId=2]:     MacroCell: Name=\SPIS_1:BSPIS:byte_complete\, Mode=(Combinatorial) @ [UDB=(1,4)][LB=0][MC=2]
        Total # of inputs        : 2
        Total # of product terms : 1
            Clock Enable: True
        Main Equation            : 1 pterm
        (
              \SPIS_1:BSPIS:dpcounter_one_fin\ * 
              !\SPIS_1:BSPIS:dpcounter_one_reg\
        );
        Output = \SPIS_1:BSPIS:byte_complete\ (fanout=1)
        Properties               : 
        {
        }

    [McSlotId=3]:     MacroCell: Name=\SPIS_1:BSPIS:rx_buf_overrun\, Mode=(Combinatorial) @ [UDB=(1,4)][LB=0][MC=3]
        Total # of inputs        : 2
        Total # of product terms : 1
            Clock Enable: True
        Main Equation            : 1 pterm
        (
              \SPIS_1:BSPIS:mosi_buf_overrun_reg\ * 
              !\SPIS_1:BSPIS:mosi_buf_overrun_fin\
        );
        Output = \SPIS_1:BSPIS:rx_buf_overrun\ (fanout=1)
        Properties               : 
        {
        }
}

LAB@[UDB=(1,4)][LB=1] #macrocells=1, #inputs=1, #pterms=1
{
    [McSlotId=0]:     MacroCell: Name=\SPIS_1:BSPIS:mosi_buf_overrun_fin\, Mode=(D-Register) @ [UDB=(1,4)][LB=1][MC=0]
        Total # of inputs        : 1
        Total # of product terms : 1
        List of special equations: 
            Clock  = (\SPIS_1:Net_81\) => Global
            Clock Enable: True
        Main Equation            : 1 pterm
        (
              \SPIS_1:BSPIS:mosi_buf_overrun_reg\
        );
        Output = \SPIS_1:BSPIS:mosi_buf_overrun_fin\ (fanout=1)
        Properties               : 
        {
        }

    [McSlotId=1]: (empty)
    [McSlotId=2]: (empty)
    [McSlotId=3]: (empty)
}

statusicell: Name =\SPIS_1:BSPIS:TxStsReg\
    PORT MAP (
        clock => \SPIS_1:Net_81\ ,
        status_6 => \SPIS_1:BSPIS:byte_complete\ ,
        status_2 => \SPIS_1:BSPIS:miso_tx_empty_reg_fin\ ,
        status_1 => \SPIS_1:BSPIS:tx_status_1\ ,
        status_0 => \SPIS_1:BSPIS:tx_status_0\ );
    Properties:
    {
        cy_force_order = 1
        cy_int_mask = "1111111"
        cy_md_select = "1000001"
    }
    Clock Polarity: Active High
    Clock Enable: True

UDB [UDB=(1,5)] is empty.
UDB [UDB=(2,0)] is empty.
UDB [UDB=(2,1)] is empty.
UDB [UDB=(2,2)] is empty.
UDB [UDB=(2,3)] is empty.
UDB [UDB=(2,4)] is empty.
UDB [UDB=(2,5)] is empty.
UDB [UDB=(3,0)] is empty.
UDB [UDB=(3,1)] is empty.
UDB [UDB=(3,2)] is empty.
UDB [UDB=(3,3)] is empty.
UDB [UDB=(3,4)] is empty.
UDB [UDB=(3,5)] is empty.
Intr container @ [IntrContainer=(0)]: 
  Intr@ [IntrContainer=(0)][IntrId=(29)] 
    interrupt: Name =\ADC_DelSig_1:IRQ\
        PORT MAP (
            interrupt => Net_99 );
        Properties:
        {
            int_type = "10"
            is_nmi = 0
        }
Drq container @ [DrqContainer=(0)]: empty
Port 0 contains the following IO cells:
[IoId=0]: 
Pin : Name = Pin_ADC_in(0)
    Attributes:
        In Group/Port: True
        In Sync Option: AUTO
        Out Sync Option: AUTO
        Interrupt generated: False
        Interrupt mode: NONE
        Drive mode: HI_Z_ANALOG
        VTrip: EITHER
        Slew: FAST
        Input Sync needed: False
        Output Sync needed: False
        SC shield enabled: False
        POR State: ANY
        LCD Mode: COMMON
        Register Mode: RegComb
        CaSense Mode: NEITHER
        Treat as pin: True
        Is OE Registered: False
        Uses Analog: True
        Can contain Digital: False
        Is SIO: False
        SIO Output Buf: NONREGULATED
        SIO Input Buf: SINGLE_ENDED
        SIO HiFreq: LOW
        SIO Hyst: DISABLED
        SIO Vtrip: MULTIPLIER_0_5
        SIO Multiplier Index: 0
        SIO RefSel: VCC_IO
        Required Capabilities: ANALOG
        Initial Value: 0
        IO Voltage: 0
    PORT MAP (
        pa_out => Pin_ADC_in(0)__PA ,
        analog_term => Net_96 ,
        pad => Pin_ADC_in(0)_PAD );
    Properties:
    {
    }

Port 1 contains the following IO cells:
[IoId=6]: 
Pin : Name = MISO_1(0)
    Attributes:
        In Group/Port: True
        In Sync Option: AUTO
        Out Sync Option: NOSYNC
        Interrupt generated: False
        Interrupt mode: NONE
        Drive mode: CMOS_OUT
        VTrip: EITHER
        Slew: FAST
        Input Sync needed: False
        Output Sync needed: False
        SC shield enabled: False
        POR State: ANY
        LCD Mode: COMMON
        Register Mode: RegComb
        CaSense Mode: NEITHER
        Treat as pin: True
        Is OE Registered: False
        Uses Analog: False
        Can contain Digital: True
        Is SIO: False
        SIO Output Buf: NONREGULATED
        SIO Input Buf: SINGLE_ENDED
        SIO HiFreq: LOW
        SIO Hyst: DISABLED
        SIO Vtrip: MULTIPLIER_0_5
        SIO Multiplier Index: 0
        SIO RefSel: VCC_IO
        Required Capabilities: DIGITAL, ROUTABLE
        Initial Value: 0
        IO Voltage: 0
    PORT MAP (
        pa_out => MISO_1(0)__PA ,
        pin_input => Net_38 ,
        pad => MISO_1(0)_PAD );
    Properties:
    {
    }

[IoId=7]: 
Pin : Name = SS_1(0)
    Attributes:
        In Group/Port: True
        In Sync Option: NOSYNC
        Out Sync Option: AUTO
        Interrupt generated: False
        Interrupt mode: NONE
        Drive mode: HI_Z_DIGITAL
        VTrip: CMOS
        Slew: FAST
        Input Sync needed: False
        Output Sync needed: False
        SC shield enabled: False
        POR State: ANY
        LCD Mode: COMMON
        Register Mode: RegComb
        CaSense Mode: NEITHER
        Treat as pin: True
        Is OE Registered: False
        Uses Analog: False
        Can contain Digital: True
        Is SIO: False
        SIO Output Buf: NONREGULATED
        SIO Input Buf: SINGLE_ENDED
        SIO HiFreq: LOW
        SIO Hyst: DISABLED
        SIO Vtrip: MULTIPLIER_0_5
        SIO Multiplier Index: 0
        SIO RefSel: VCC_IO
        Required Capabilities: DIGITAL, ROUTABLE
        Initial Value: 0
        IO Voltage: 0
    PORT MAP (
        pa_out => SS_1(0)__PA ,
        fb => Net_77 ,
        pad => SS_1(0)_PAD );
    Properties:
    {
    }

Port 2 contains the following IO cells:
[IoId=1]: 
Pin : Name = LED(0)
    Attributes:
        In Group/Port: True
        In Sync Option: AUTO
        Out Sync Option: NOSYNC
        Interrupt generated: False
        Interrupt mode: NONE
        Drive mode: CMOS_OUT
        VTrip: EITHER
        Slew: FAST
        Input Sync needed: False
        Output Sync needed: False
        SC shield enabled: False
        POR State: ANY
        LCD Mode: COMMON
        Register Mode: RegComb
        CaSense Mode: NEITHER
        Treat as pin: True
        Is OE Registered: False
        Uses Analog: False
        Can contain Digital: True
        Is SIO: False
        SIO Output Buf: NONREGULATED
        SIO Input Buf: SINGLE_ENDED
        SIO HiFreq: LOW
        SIO Hyst: DISABLED
        SIO Vtrip: MULTIPLIER_0_5
        SIO Multiplier Index: 0
        SIO RefSel: VCC_IO
        Required Capabilities: DIGITAL
        Initial Value: 0
        IO Voltage: 0
    PORT MAP (
        pa_out => LED(0)__PA ,
        pad => LED(0)_PAD );
    Properties:
    {
    }

Port 3 contains the following IO cells:
Port 12 contains the following IO cells:
Port 15 contains the following IO cells:
[IoId=4]: 
Pin : Name = MOSI_1(0)
    Attributes:
        In Group/Port: True
        In Sync Option: NOSYNC
        Out Sync Option: AUTO
        Interrupt generated: False
        Interrupt mode: NONE
        Drive mode: HI_Z_DIGITAL
        VTrip: CMOS
        Slew: FAST
        Input Sync needed: False
        Output Sync needed: False
        SC shield enabled: False
        POR State: ANY
        LCD Mode: COMMON
        Register Mode: RegComb
        CaSense Mode: NEITHER
        Treat as pin: True
        Is OE Registered: False
        Uses Analog: False
        Can contain Digital: True
        Is SIO: False
        SIO Output Buf: NONREGULATED
        SIO Input Buf: SINGLE_ENDED
        SIO HiFreq: LOW
        SIO Hyst: DISABLED
        SIO Vtrip: MULTIPLIER_0_5
        SIO Multiplier Index: 0
        SIO RefSel: VCC_IO
        Required Capabilities: DIGITAL, ROUTABLE
        Initial Value: 0
        IO Voltage: 0
    PORT MAP (
        pa_out => MOSI_1(0)__PA ,
        fb => Net_36 ,
        pad => MOSI_1(0)_PAD );
    Properties:
    {
    }

[IoId=5]: 
Pin : Name = SCLK_1(0)
    Attributes:
        In Group/Port: True
        In Sync Option: NOSYNC
        Out Sync Option: AUTO
        Interrupt generated: False
        Interrupt mode: NONE
        Drive mode: HI_Z_DIGITAL
        VTrip: CMOS
        Slew: FAST
        Input Sync needed: False
        Output Sync needed: False
        SC shield enabled: False
        POR State: ANY
        LCD Mode: COMMON
        Register Mode: RegComb
        CaSense Mode: NEITHER
        Treat as pin: True
        Is OE Registered: False
        Uses Analog: False
        Can contain Digital: True
        Is SIO: False
        SIO Output Buf: NONREGULATED
        SIO Input Buf: SINGLE_ENDED
        SIO HiFreq: LOW
        SIO Hyst: DISABLED
        SIO Vtrip: MULTIPLIER_0_5
        SIO Multiplier Index: 0
        SIO RefSel: VCC_IO
        Required Capabilities: DIGITAL, ROUTABLE
        Initial Value: 0
        IO Voltage: 0
    PORT MAP (
        pa_out => SCLK_1(0)__PA ,
        fb => Net_37 ,
        pad => SCLK_1(0)_PAD );
    Properties:
    {
    }

ARM group 0: empty
CAN group 0: empty
Cache group 0: empty
CapSense group 0: empty
Clock group 0: 
    Clock Block @ F(Clock,0): 
    clockblockcell: Name =ClockBlock
        PORT MAP (
            imo => ClockBlock_IMO ,
            pllout => ClockBlock_PLL_OUT ,
            ilo => ClockBlock_ILO ,
            clk_100k => ClockBlock_100k ,
            clk_1k => ClockBlock_1k ,
            clk_32k => ClockBlock_32k ,
            xtal => ClockBlock_XTAL ,
            clk_32k_xtal => ClockBlock_XTAL_32KHZ ,
            clk_sync => ClockBlock_MASTER_CLK ,
            clk_bus_glb => ClockBlock_BUS_CLK ,
            clk_bus => ClockBlock_BUS_CLK_local ,
            dclk_glb_0 => \ADC_DelSig_1:Net_93\ ,
            dclk_0 => \ADC_DelSig_1:Net_93_local\ ,
            dclk_glb_1 => \SPIS_1:Net_81\ ,
            dclk_1 => \SPIS_1:Net_81_local\ ,
            aclk_glb_0 => \ADC_DelSig_1:Net_488\ ,
            aclk_0 => \ADC_DelSig_1:Net_488_local\ ,
            clk_a_dig_glb_0 => \ADC_DelSig_1:Net_488_adig\ ,
            clk_a_dig_0 => \ADC_DelSig_1:Net_488_adig_local\ );
        Properties:
        {
        }
Comparator group 0: empty
DFB group 0: empty
DSM group 0: 
    DS Modulator @ F(DSM,0): 
    dsmodcell: Name =\ADC_DelSig_1:DSM\
        PORT MAP (
            aclock => \ADC_DelSig_1:Net_488\ ,
            vplus => Net_96 ,
            vminus => \ADC_DelSig_1:Net_20\ ,
            reset_dec => \ADC_DelSig_1:mod_reset\ ,
            extclk_cp_udb => \ADC_DelSig_1:Net_93_local\ ,
            ext_pin_1 => \ADC_DelSig_1:Net_249\ ,
            ext_pin_2 => \ADC_DelSig_1:Net_257\ ,
            ext_vssa => \ADC_DelSig_1:Net_109\ ,
            qtz_ref => \ADC_DelSig_1:Net_34\ ,
            dec_clock => \ADC_DelSig_1:aclock\ ,
            mod_dat_3 => \ADC_DelSig_1:mod_dat_3\ ,
            mod_dat_2 => \ADC_DelSig_1:mod_dat_2\ ,
            mod_dat_1 => \ADC_DelSig_1:mod_dat_1\ ,
            mod_dat_0 => \ADC_DelSig_1:mod_dat_0\ ,
            dout_udb_7 => \ADC_DelSig_1:Net_245_7\ ,
            dout_udb_6 => \ADC_DelSig_1:Net_245_6\ ,
            dout_udb_5 => \ADC_DelSig_1:Net_245_5\ ,
            dout_udb_4 => \ADC_DelSig_1:Net_245_4\ ,
            dout_udb_3 => \ADC_DelSig_1:Net_245_3\ ,
            dout_udb_2 => \ADC_DelSig_1:Net_245_2\ ,
            dout_udb_1 => \ADC_DelSig_1:Net_245_1\ ,
            dout_udb_0 => \ADC_DelSig_1:Net_245_0\ );
        Properties:
        {
            cy_registers = ""
            resolution = 16
        }
Decimator group 0: 
    Decimator Block @ F(Decimator,0): 
    decimatorcell: Name =\ADC_DelSig_1:DEC\
        PORT MAP (
            aclock => \ADC_DelSig_1:aclock\ ,
            mod_dat_3 => \ADC_DelSig_1:mod_dat_3\ ,
            mod_dat_2 => \ADC_DelSig_1:mod_dat_2\ ,
            mod_dat_1 => \ADC_DelSig_1:mod_dat_1\ ,
            mod_dat_0 => \ADC_DelSig_1:mod_dat_0\ ,
            ext_start => __ONE__ ,
            modrst => \ADC_DelSig_1:mod_reset\ ,
            interrupt => Net_99 );
        Properties:
        {
            cy_registers = ""
        }
EMIF group 0: empty
I2C group 0: empty
LCD group 0: empty
LVD group 0: empty
PICU group 0: empty
PM group 0: empty
SC group 0: empty
SPC group 0: empty
Timer group 0: empty
USB group 0: empty
VIDAC group 0: empty
OpAmp group 0: empty
CsAbuf group 0: empty
Vref group 0: 
    Vref Block @ F(Vref,6): 
    vrefcell: Name =\ADC_DelSig_1:vRef_2\
        PORT MAP (
            vout => \ADC_DelSig_1:Net_244\ );
        Properties:
        {
            autoenable = 1
            guid = "15B3DB15-B7B3-4d62-A2DF-25EA392A7161"
            ignoresleep = 0
            name = "Vssa (GND)"
        }
LPF group 0: empty
SAR group 0: empty
ANAIF group 0: empty
PHUB group 0: empty

Blocks not positioned by the digital component placer:
    Amux Block @ <No Location>: 
    amuxcell: Name =\ADC_DelSig_1:AMux\
        PORT MAP (
            muxin_1 => \ADC_DelSig_1:Net_35\ ,
            muxin_0 => \ADC_DelSig_1:Net_244\ ,
            vout => \ADC_DelSig_1:Net_20\ );
        Properties:
        {
            api_type = 0
            connect_mode = 1
            cy_registers = ""
            hw_control = 0
            init_mux_sel = "00"
            muxin_width = 2
            one_active = 0
        }
</CYPRESSTAG>
<CYPRESSTAG name="Port Configuration Details">

------------------------------------------------------------
Port Configuration report
------------------------------------------------------------
     |     |       | Interrupt |                  |               | 
Port | Pin | Fixed |      Type |       Drive Mode |          Name | Connections
-----+-----+-------+-----------+------------------+---------------+---------------
   0 |   0 |     * |      NONE |      HI_Z_ANALOG | Pin_ADC_in(0) | Analog(Net_96)
-----+-----+-------+-----------+------------------+---------------+---------------
   1 |   6 |     * |      NONE |         CMOS_OUT |     MISO_1(0) | In(Net_38)
     |   7 |     * |      NONE |     HI_Z_DIGITAL |       SS_1(0) | FB(Net_77)
-----+-----+-------+-----------+------------------+---------------+---------------
   2 |   1 |     * |      NONE |         CMOS_OUT |        LED(0) | 
-----+-----+-------+-----------+------------------+---------------+---------------
  15 |   4 |     * |      NONE |     HI_Z_DIGITAL |     MOSI_1(0) | FB(Net_36)
     |   5 |     * |      NONE |     HI_Z_DIGITAL |     SCLK_1(0) | FB(Net_37)
----------------------------------------------------------------------------------
</CYPRESSTAG>
</CYPRESSTAG>
</CYPRESSTAG>
Digital component placer commit/Report: Elapsed time ==> 0s.016ms
Digital Placement phase: Elapsed time ==> 1s.251ms
</CYPRESSTAG>
<CYPRESSTAG name="Digital Routing">
"C:\Program Files (x86)\Cypress\PSoC Creator\4.4\PSoC Creator\bin/sjrouter.exe" --xml-path "C:\Program Files (x86)\Cypress\PSoC Creator\4.4\PSoC Creator\dev\psoc5/psoc5lp/route_arch-rrg.cydata" --vh2-path "BANAN_r.vh2" --pcf-path "BANAN.pco" --des-name "BANAN" --dsf-path "BANAN.dsf" --sdc-path "BANAN.sdc" --lib-path "BANAN_r.lib"
Routing successful.
Digital Routing phase: Elapsed time ==> 1s.268ms
</CYPRESSTAG>
<CYPRESSTAG name="Bitstream Generation">
Bitstream Generation phase: Elapsed time ==> 0s.171ms
</CYPRESSTAG>
<CYPRESSTAG name="Bitstream Verification">
Bitstream Verification phase: Elapsed time ==> 0s.047ms
</CYPRESSTAG>
<CYPRESSTAG name="Static timing analysis">
Timing report is in BANAN_timing.html.
Static timing analysis phase: Elapsed time ==> 0s.397ms
</CYPRESSTAG>
<CYPRESSTAG name="Data reporting">
Data reporting phase: Elapsed time ==> 0s.000ms
</CYPRESSTAG>
<CYPRESSTAG name="Database update...">
Design database save phase: Elapsed time ==> 0s.227ms
</CYPRESSTAG>
cydsfit: Elapsed time ==> 3s.899ms
</CYPRESSTAG>
Fitter phase: Elapsed time ==> 3s.902ms
API generation phase: Elapsed time ==> 1s.959ms
Dependency generation phase: Elapsed time ==> 0s.014ms
Cleanup phase: Elapsed time ==> 0s.001ms
